TN:
SF:src/IframeBridgeRelay.ts
FN:35,IframeBridgeRelay
FN:42,setupMessageListener
FN:43,messageHandler
FN:72,handleRegister
FN:130,handleSend
FN:163,handlePeerLeave
FN:211,getPeersInRoom
FN:223,sendToIframe
FN:235,registerIframe
FN:254,getPeers
FN:261,getPeersInRoomById
FN:268,destroy
FNF:12
FNH:12
FNDA:22,IframeBridgeRelay
FNDA:22,setupMessageListener
FNDA:40,messageHandler
FNDA:31,handleRegister
FNDA:5,handleSend
FNDA:4,handlePeerLeave
FNDA:42,getPeersInRoom
FNDA:38,sendToIframe
FNDA:1,registerIframe
FNDA:10,getPeers
FNDA:6,getPeersInRoomById
FNDA:24,destroy
DA:30,1
DA:31,1
DA:32,1
DA:33,1
DA:35,1
DA:36,22
DA:37,22
DA:42,1
DA:43,22
DA:44,40
DA:47,40
DA:48,0
DA:49,0
DA:51,40
DA:52,40
DA:53,31
DA:54,31
DA:56,40
DA:57,5
DA:58,5
DA:60,40
DA:61,4
DA:62,4
DA:63,40
DA:64,40
DA:66,22
DA:67,22
DA:72,1
DA:73,31
DA:76,31
DA:77,31
DA:78,31
DA:80,31
DA:81,1
DA:82,1
DA:83,1
DA:86,30
DA:87,31
DA:90,31
DA:91,31
DA:92,31
DA:93,31
DA:94,31
DA:95,31
DA:98,31
DA:99,17
DA:100,17
DA:101,30
DA:103,30
DA:106,30
DA:107,31
DA:108,15
DA:109,15
DA:110,15
DA:111,15
DA:112,15
DA:113,15
DA:114,15
DA:117,31
DA:118,15
DA:119,15
DA:120,15
DA:121,15
DA:122,15
DA:123,15
DA:124,15
DA:125,31
DA:130,1
DA:131,5
DA:133,5
DA:134,1
DA:135,1
DA:136,1
DA:138,4
DA:139,5
DA:140,1
DA:141,1
DA:142,1
DA:145,3
DA:146,1
DA:147,2
DA:150,5
DA:151,4
DA:152,4
DA:153,4
DA:154,4
DA:155,4
DA:156,4
DA:157,4
DA:158,5
DA:163,1
DA:164,4
DA:166,4
DA:167,4
DA:170,4
DA:171,4
DA:172,4
DA:173,4
DA:174,4
DA:175,1
DA:176,1
DA:177,4
DA:179,4
DA:182,4
DA:183,4
DA:184,3
DA:185,3
DA:186,3
DA:187,3
DA:188,3
DA:189,3
DA:190,3
DA:191,3
DA:192,3
DA:193,3
DA:196,4
DA:197,2
DA:198,1
DA:199,1
DA:200,1
DA:201,1
DA:202,1
DA:203,1
DA:204,1
DA:205,2
DA:206,4
DA:211,1
DA:212,42
DA:213,42
DA:215,38
DA:216,38
DA:217,38
DA:218,42
DA:223,1
DA:224,38
DA:225,0
DA:226,0
DA:227,0
DA:229,38
DA:230,38
DA:235,1
DA:236,1
DA:237,1
DA:238,1
DA:239,1
DA:240,1
DA:241,1
DA:243,1
DA:244,1
DA:245,1
DA:246,1
DA:248,1
DA:249,1
DA:254,1
DA:255,10
DA:256,10
DA:261,1
DA:262,6
DA:263,6
DA:268,1
DA:269,24
DA:270,22
DA:271,22
DA:272,22
DA:274,24
DA:275,24
DA:276,24
DA:277,1
LF:168
LH:163
BRDA:35,0,0,22
BRDA:42,1,0,22
BRDA:43,2,0,40
BRDA:47,3,0,0
BRDA:52,4,0,31
BRDA:56,5,0,5
BRDA:60,6,0,4
BRDA:72,7,0,31
BRDA:80,8,0,1
BRDA:83,9,0,30
BRDA:87,10,0,13
BRDA:98,11,0,17
BRDA:100,12,0,30
BRDA:107,13,0,15
BRDA:114,14,0,30
BRDA:117,15,0,15
BRDA:124,16,0,30
BRDA:77,17,0,47
BRDA:106,18,0,45
BRDA:130,19,0,5
BRDA:133,20,0,1
BRDA:136,21,0,4
BRDA:139,22,0,1
BRDA:142,23,0,3
BRDA:145,24,0,1
BRDA:146,25,0,2
BRDA:150,26,0,4
BRDA:157,27,0,3
BRDA:147,28,0,5
BRDA:163,29,0,4
BRDA:167,30,0,0
BRDA:174,31,0,1
BRDA:183,32,0,3
BRDA:190,33,0,2
BRDA:196,34,0,2
BRDA:197,35,0,1
BRDA:211,36,0,42
BRDA:213,37,0,4
BRDA:213,38,0,38
BRDA:216,39,0,57
BRDA:223,40,0,38
BRDA:224,41,0,0
BRDA:235,42,0,1
BRDA:254,43,0,10
BRDA:261,44,0,6
BRDA:268,45,0,24
BRDA:269,46,0,22
BRF:47
BRH:44
end_of_record
TN:
SF:src/IframeBridgeTransport.ts
FN:71,IframeBridgeTransport
FN:83,setupMessageListener
FN:84,messageHandler
FN:136,registerWithRelay
FN:155,send
FN:179,onMessage
FN:187,onPeerJoin
FN:195,onPeerLeave
FN:203,onHostDisconnect
FN:211,getPlayerId
FN:215,getPeerIds
FN:219,isHost
FN:223,disconnect
FNF:13
FNH:13
FNDA:28,IframeBridgeTransport
FNDA:28,setupMessageListener
FNDA:18,messageHandler
FNDA:28,registerWithRelay
FNDA:3,send
FNDA:9,onMessage
FNDA:5,onPeerJoin
FNDA:3,onPeerLeave
FNDA:4,onHostDisconnect
FNDA:2,getPlayerId
FNDA:8,getPeerIds
FNDA:2,isHost
FNDA:35,disconnect
DA:57,1
DA:62,1
DA:63,1
DA:64,1
DA:65,1
DA:67,1
DA:68,1
DA:69,1
DA:71,1
DA:72,28
DA:73,28
DA:74,28
DA:76,28
DA:77,28
DA:78,28
DA:83,1
DA:84,28
DA:85,18
DA:88,18
DA:89,3
DA:90,3
DA:93,18
DA:94,1
DA:95,1
DA:97,14
DA:98,18
DA:100,5
DA:101,4
DA:102,4
DA:103,5
DA:105,18
DA:107,6
DA:108,5
DA:109,5
DA:110,5
DA:111,6
DA:113,18
DA:115,1
DA:116,1
DA:117,1
DA:118,1
DA:119,1
DA:121,18
DA:123,2
DA:124,1
DA:125,1
DA:126,2
DA:127,18
DA:128,18
DA:130,28
DA:131,28
DA:136,1
DA:137,28
DA:138,1
DA:139,1
DA:140,1
DA:142,27
DA:143,27
DA:144,27
DA:145,27
DA:146,27
DA:147,27
DA:149,27
DA:150,28
DA:155,1
DA:156,3
DA:157,1
DA:158,1
DA:159,1
DA:161,3
DA:162,0
DA:163,0
DA:164,0
DA:166,2
DA:167,2
DA:168,2
DA:169,2
DA:170,2
DA:171,2
DA:172,2
DA:173,2
DA:174,2
DA:176,2
DA:177,3
DA:179,1
DA:180,9
DA:181,9
DA:182,1
DA:183,1
DA:184,1
DA:185,9
DA:187,1
DA:188,5
DA:189,5
DA:190,0
DA:191,0
DA:192,0
DA:193,5
DA:195,1
DA:196,3
DA:197,3
DA:198,0
DA:199,0
DA:200,0
DA:201,3
DA:203,1
DA:204,4
DA:205,4
DA:206,0
DA:207,0
DA:208,0
DA:209,4
DA:211,1
DA:212,2
DA:213,2
DA:215,1
DA:216,8
DA:217,8
DA:219,1
DA:220,2
DA:221,2
DA:223,1
DA:224,35
DA:226,28
DA:229,35
DA:230,27
DA:231,27
DA:232,27
DA:233,27
DA:234,27
DA:235,27
DA:236,27
DA:237,27
DA:238,27
DA:240,27
DA:241,27
DA:244,28
DA:245,28
DA:246,28
DA:247,28
DA:249,28
DA:250,28
DA:251,28
DA:252,28
DA:253,28
DA:254,35
DA:255,1
LF:147
LH:135
BRDA:71,0,0,28
BRDA:73,1,0,3
BRDA:83,2,0,28
BRDA:84,3,0,18
BRDA:88,4,0,17
BRDA:88,5,0,16
BRDA:88,6,0,3
BRDA:90,7,0,15
BRDA:93,8,0,1
BRDA:95,9,0,14
BRDA:98,10,0,5
BRDA:100,11,0,4
BRDA:105,12,0,6
BRDA:107,13,0,5
BRDA:113,14,0,1
BRDA:121,15,0,2
BRDA:123,16,0,1
BRDA:101,17,0,3
BRDA:109,18,0,2
BRDA:117,19,0,1
BRDA:124,20,0,1
BRDA:136,21,0,28
BRDA:137,22,0,1
BRDA:140,23,0,27
BRDA:155,24,0,3
BRDA:156,25,0,1
BRDA:159,26,0,2
BRDA:161,27,0,0
BRDA:164,28,0,2
BRDA:179,29,0,9
BRDA:181,30,0,1
BRDA:187,31,0,5
BRDA:195,32,0,3
BRDA:203,33,0,4
BRDA:211,34,0,2
BRDA:215,35,0,8
BRDA:219,36,0,2
BRDA:223,37,0,35
BRDA:224,38,0,7
BRDA:224,39,0,28
BRDA:229,40,0,27
BRDA:241,41,0,28
BRF:42
BRH:41
end_of_record
TN:
SF:src/index.ts
FN:1,(empty-report)
FNF:1
FNH:0
FNDA:0,(empty-report)
DA:1,0
LF:1
LH:0
BRDA:1,0,0,0
BRF:1
BRH:0
end_of_record
