{"/Users/yao/blueprint/martini/packages/@martini/transport-trystero/src/TrysteroTransport.ts": {"path":"/Users/yao/blueprint/martini/packages/@martini/transport-trystero/src/TrysteroTransport.ts","all":false,"statementMap":{"17":{"start":{"line":18,"column":0},"end":{"line":18,"column":60}},"59":{"start":{"line":60,"column":0},"end":{"line":60,"column":53}},"61":{"start":{"line":62,"column":0},"end":{"line":62,"column":84}},"62":{"start":{"line":63,"column":0},"end":{"line":63,"column":65}},"63":{"start":{"line":64,"column":0},"end":{"line":64,"column":66}},"64":{"start":{"line":65,"column":0},"end":{"line":65,"column":81}},"65":{"start":{"line":66,"column":0},"end":{"line":66,"column":60}},"66":{"start":{"line":67,"column":0},"end":{"line":67,"column":57}},"71":{"start":{"line":72,"column":0},"end":{"line":72,"column":73}},"72":{"start":{"line":73,"column":0},"end":{"line":73,"column":58}},"73":{"start":{"line":74,"column":0},"end":{"line":74,"column":41}},"74":{"start":{"line":75,"column":0},"end":{"line":75,"column":33}},"75":{"start":{"line":76,"column":0},"end":{"line":76,"column":51}},"78":{"start":{"line":79,"column":0},"end":{"line":79,"column":50}},"79":{"start":{"line":80,"column":0},"end":{"line":80,"column":11}},"80":{"start":{"line":81,"column":0},"end":{"line":81,"column":13}},"81":{"start":{"line":82,"column":0},"end":{"line":82,"column":29}},"82":{"start":{"line":83,"column":0},"end":{"line":83,"column":19}},"83":{"start":{"line":84,"column":0},"end":{"line":84,"column":62}},"84":{"start":{"line":85,"column":0},"end":{"line":85,"column":8}},"85":{"start":{"line":86,"column":0},"end":{"line":86,"column":16}},"86":{"start":{"line":87,"column":0},"end":{"line":87,"column":12}},"87":{"start":{"line":88,"column":0},"end":{"line":88,"column":16}},"90":{"start":{"line":91,"column":0},"end":{"line":91,"column":35}},"93":{"start":{"line":94,"column":0},"end":{"line":94,"column":26}},"94":{"start":{"line":95,"column":0},"end":{"line":95,"column":34}},"95":{"start":{"line":96,"column":0},"end":{"line":96,"column":85}},"96":{"start":{"line":97,"column":0},"end":{"line":97,"column":34}},"98":{"start":{"line":99,"column":0},"end":{"line":99,"column":87}},"99":{"start":{"line":100,"column":0},"end":{"line":100,"column":5}},"103":{"start":{"line":104,"column":0},"end":{"line":104,"column":33}},"104":{"start":{"line":105,"column":0},"end":{"line":105,"column":12}},"105":{"start":{"line":106,"column":0},"end":{"line":106,"column":16}},"108":{"start":{"line":109,"column":0},"end":{"line":109,"column":67}},"109":{"start":{"line":110,"column":0},"end":{"line":110,"column":6}},"110":{"start":{"line":111,"column":0},"end":{"line":111,"column":49}},"113":{"start":{"line":114,"column":0},"end":{"line":114,"column":70}},"114":{"start":{"line":115,"column":0},"end":{"line":115,"column":25}},"117":{"start":{"line":118,"column":0},"end":{"line":118,"column":50}},"119":{"start":{"line":120,"column":0},"end":{"line":120,"column":63}},"121":{"start":{"line":122,"column":0},"end":{"line":122,"column":44}},"123":{"start":{"line":124,"column":0},"end":{"line":124,"column":92}},"124":{"start":{"line":125,"column":0},"end":{"line":125,"column":21}},"125":{"start":{"line":126,"column":0},"end":{"line":126,"column":41}},"126":{"start":{"line":127,"column":0},"end":{"line":127,"column":27}},"127":{"start":{"line":128,"column":0},"end":{"line":128,"column":33}},"128":{"start":{"line":129,"column":0},"end":{"line":129,"column":13}},"129":{"start":{"line":130,"column":0},"end":{"line":130,"column":9}},"130":{"start":{"line":131,"column":0},"end":{"line":131,"column":7}},"132":{"start":{"line":133,"column":0},"end":{"line":133,"column":66}},"134":{"start":{"line":135,"column":0},"end":{"line":135,"column":54}},"135":{"start":{"line":136,"column":0},"end":{"line":136,"column":42}},"136":{"start":{"line":137,"column":0},"end":{"line":137,"column":86}},"137":{"start":{"line":138,"column":0},"end":{"line":138,"column":45}},"140":{"start":{"line":141,"column":0},"end":{"line":141,"column":34}},"141":{"start":{"line":142,"column":0},"end":{"line":142,"column":32}},"142":{"start":{"line":143,"column":0},"end":{"line":143,"column":37}},"143":{"start":{"line":144,"column":0},"end":{"line":144,"column":11}},"144":{"start":{"line":145,"column":0},"end":{"line":145,"column":58}},"146":{"start":{"line":147,"column":0},"end":{"line":147,"column":90}},"147":{"start":{"line":148,"column":0},"end":{"line":148,"column":47}},"149":{"start":{"line":150,"column":0},"end":{"line":150,"column":51}},"150":{"start":{"line":151,"column":0},"end":{"line":151,"column":122}},"151":{"start":{"line":152,"column":0},"end":{"line":152,"column":45}},"152":{"start":{"line":153,"column":0},"end":{"line":153,"column":11}},"153":{"start":{"line":154,"column":0},"end":{"line":154,"column":9}},"154":{"start":{"line":155,"column":0},"end":{"line":155,"column":7}},"157":{"start":{"line":158,"column":0},"end":{"line":158,"column":62}},"158":{"start":{"line":159,"column":0},"end":{"line":159,"column":55}},"159":{"start":{"line":160,"column":0},"end":{"line":160,"column":57}},"160":{"start":{"line":161,"column":0},"end":{"line":161,"column":9}},"161":{"start":{"line":162,"column":0},"end":{"line":162,"column":7}},"164":{"start":{"line":165,"column":0},"end":{"line":165,"column":67}},"165":{"start":{"line":166,"column":0},"end":{"line":166,"column":53}},"166":{"start":{"line":167,"column":0},"end":{"line":167,"column":7}},"169":{"start":{"line":170,"column":0},"end":{"line":170,"column":49}},"170":{"start":{"line":171,"column":0},"end":{"line":171,"column":13}},"171":{"start":{"line":172,"column":0},"end":{"line":172,"column":35}},"172":{"start":{"line":173,"column":0},"end":{"line":173,"column":25}},"173":{"start":{"line":174,"column":0},"end":{"line":174,"column":77}},"174":{"start":{"line":175,"column":0},"end":{"line":175,"column":43}},"175":{"start":{"line":176,"column":0},"end":{"line":176,"column":9}},"176":{"start":{"line":177,"column":0},"end":{"line":177,"column":9}},"177":{"start":{"line":178,"column":0},"end":{"line":178,"column":7}},"178":{"start":{"line":179,"column":0},"end":{"line":179,"column":81}},"181":{"start":{"line":182,"column":0},"end":{"line":182,"column":38}},"182":{"start":{"line":183,"column":0},"end":{"line":183,"column":29}},"185":{"start":{"line":186,"column":0},"end":{"line":186,"column":40}},"187":{"start":{"line":188,"column":0},"end":{"line":188,"column":46}},"189":{"start":{"line":190,"column":0},"end":{"line":190,"column":38}},"190":{"start":{"line":191,"column":0},"end":{"line":191,"column":85}},"191":{"start":{"line":192,"column":0},"end":{"line":192,"column":9}},"193":{"start":{"line":194,"column":0},"end":{"line":194,"column":14}},"194":{"start":{"line":195,"column":0},"end":{"line":195,"column":70}},"195":{"start":{"line":196,"column":0},"end":{"line":196,"column":43}},"196":{"start":{"line":197,"column":0},"end":{"line":197,"column":79}},"197":{"start":{"line":198,"column":0},"end":{"line":198,"column":9}},"198":{"start":{"line":199,"column":0},"end":{"line":199,"column":7}},"200":{"start":{"line":201,"column":0},"end":{"line":201,"column":120}},"203":{"start":{"line":204,"column":0},"end":{"line":204,"column":30}},"204":{"start":{"line":205,"column":0},"end":{"line":205,"column":28}},"205":{"start":{"line":206,"column":0},"end":{"line":206,"column":33}},"206":{"start":{"line":207,"column":0},"end":{"line":207,"column":7}},"208":{"start":{"line":209,"column":0},"end":{"line":209,"column":35}},"209":{"start":{"line":210,"column":0},"end":{"line":210,"column":66}},"210":{"start":{"line":211,"column":0},"end":{"line":211,"column":7}},"212":{"start":{"line":213,"column":0},"end":{"line":213,"column":39}},"213":{"start":{"line":214,"column":0},"end":{"line":214,"column":32}},"214":{"start":{"line":215,"column":0},"end":{"line":215,"column":35}},"217":{"start":{"line":218,"column":0},"end":{"line":218,"column":42}},"218":{"start":{"line":219,"column":0},"end":{"line":219,"column":80}},"219":{"start":{"line":220,"column":0},"end":{"line":220,"column":68}},"220":{"start":{"line":221,"column":0},"end":{"line":221,"column":7}},"222":{"start":{"line":223,"column":0},"end":{"line":223,"column":67}},"223":{"start":{"line":224,"column":0},"end":{"line":224,"column":7}},"229":{"start":{"line":230,"column":0},"end":{"line":230,"column":46}},"230":{"start":{"line":231,"column":0},"end":{"line":231,"column":93}},"231":{"start":{"line":232,"column":0},"end":{"line":232,"column":36}},"239":{"start":{"line":240,"column":0},"end":{"line":240,"column":33}},"241":{"start":{"line":242,"column":0},"end":{"line":242,"column":53}},"242":{"start":{"line":243,"column":0},"end":{"line":243,"column":13}},"243":{"start":{"line":244,"column":0},"end":{"line":244,"column":37}},"244":{"start":{"line":245,"column":0},"end":{"line":245,"column":40}},"245":{"start":{"line":246,"column":0},"end":{"line":246,"column":75}},"246":{"start":{"line":247,"column":0},"end":{"line":247,"column":7}},"247":{"start":{"line":248,"column":0},"end":{"line":248,"column":3}},"256":{"start":{"line":257,"column":0},"end":{"line":257,"column":55}},"257":{"start":{"line":258,"column":0},"end":{"line":258,"column":9}},"258":{"start":{"line":259,"column":0},"end":{"line":259,"column":21}},"260":{"start":{"line":261,"column":0},"end":{"line":261,"column":41}},"261":{"start":{"line":262,"column":0},"end":{"line":262,"column":14}},"263":{"start":{"line":264,"column":0},"end":{"line":264,"column":31}},"264":{"start":{"line":265,"column":0},"end":{"line":265,"column":7}},"265":{"start":{"line":266,"column":0},"end":{"line":266,"column":21}},"266":{"start":{"line":267,"column":0},"end":{"line":267,"column":62}},"267":{"start":{"line":268,"column":0},"end":{"line":268,"column":39}},"268":{"start":{"line":269,"column":0},"end":{"line":269,"column":5}},"269":{"start":{"line":270,"column":0},"end":{"line":270,"column":3}},"274":{"start":{"line":275,"column":0},"end":{"line":275,"column":57}},"275":{"start":{"line":276,"column":0},"end":{"line":276,"column":47}},"276":{"start":{"line":277,"column":0},"end":{"line":277,"column":11}},"277":{"start":{"line":278,"column":0},"end":{"line":278,"column":35}},"278":{"start":{"line":279,"column":0},"end":{"line":279,"column":23}},"279":{"start":{"line":280,"column":0},"end":{"line":280,"column":75}},"280":{"start":{"line":281,"column":0},"end":{"line":281,"column":41}},"281":{"start":{"line":282,"column":0},"end":{"line":282,"column":7}},"282":{"start":{"line":283,"column":0},"end":{"line":283,"column":7}},"283":{"start":{"line":284,"column":0},"end":{"line":284,"column":3}},"288":{"start":{"line":289,"column":0},"end":{"line":289,"column":84}},"289":{"start":{"line":290,"column":0},"end":{"line":290,"column":39}},"292":{"start":{"line":293,"column":0},"end":{"line":293,"column":18}},"293":{"start":{"line":294,"column":0},"end":{"line":294,"column":56}},"294":{"start":{"line":295,"column":0},"end":{"line":295,"column":21}},"295":{"start":{"line":296,"column":0},"end":{"line":296,"column":44}},"296":{"start":{"line":297,"column":0},"end":{"line":297,"column":7}},"297":{"start":{"line":298,"column":0},"end":{"line":298,"column":6}},"298":{"start":{"line":299,"column":0},"end":{"line":299,"column":3}},"303":{"start":{"line":304,"column":0},"end":{"line":304,"column":62}},"304":{"start":{"line":305,"column":0},"end":{"line":305,"column":41}},"306":{"start":{"line":307,"column":0},"end":{"line":307,"column":18}},"307":{"start":{"line":308,"column":0},"end":{"line":308,"column":58}},"308":{"start":{"line":309,"column":0},"end":{"line":309,"column":21}},"309":{"start":{"line":310,"column":0},"end":{"line":310,"column":45}},"310":{"start":{"line":311,"column":0},"end":{"line":311,"column":7}},"311":{"start":{"line":312,"column":0},"end":{"line":312,"column":6}},"312":{"start":{"line":313,"column":0},"end":{"line":313,"column":3}},"317":{"start":{"line":318,"column":0},"end":{"line":318,"column":63}},"318":{"start":{"line":319,"column":0},"end":{"line":319,"column":42}},"320":{"start":{"line":321,"column":0},"end":{"line":321,"column":18}},"321":{"start":{"line":322,"column":0},"end":{"line":322,"column":59}},"322":{"start":{"line":323,"column":0},"end":{"line":323,"column":21}},"323":{"start":{"line":324,"column":0},"end":{"line":324,"column":46}},"324":{"start":{"line":325,"column":0},"end":{"line":325,"column":7}},"325":{"start":{"line":326,"column":0},"end":{"line":326,"column":6}},"326":{"start":{"line":327,"column":0},"end":{"line":327,"column":3}},"331":{"start":{"line":332,"column":0},"end":{"line":332,"column":25}},"332":{"start":{"line":333,"column":0},"end":{"line":333,"column":18}},"333":{"start":{"line":334,"column":0},"end":{"line":334,"column":3}},"338":{"start":{"line":339,"column":0},"end":{"line":339,"column":26}},"339":{"start":{"line":340,"column":0},"end":{"line":340,"column":34}},"340":{"start":{"line":341,"column":0},"end":{"line":341,"column":3}},"345":{"start":{"line":346,"column":0},"end":{"line":346,"column":21}},"346":{"start":{"line":347,"column":0},"end":{"line":347,"column":41}},"347":{"start":{"line":348,"column":0},"end":{"line":348,"column":3}},"352":{"start":{"line":353,"column":0},"end":{"line":353,"column":22}},"353":{"start":{"line":354,"column":0},"end":{"line":354,"column":9}},"354":{"start":{"line":355,"column":0},"end":{"line":355,"column":32}},"355":{"start":{"line":356,"column":0},"end":{"line":356,"column":24}},"356":{"start":{"line":357,"column":0},"end":{"line":357,"column":46}},"357":{"start":{"line":358,"column":0},"end":{"line":358,"column":32}},"358":{"start":{"line":359,"column":0},"end":{"line":359,"column":33}},"359":{"start":{"line":360,"column":0},"end":{"line":360,"column":34}},"360":{"start":{"line":361,"column":0},"end":{"line":361,"column":41}},"361":{"start":{"line":362,"column":0},"end":{"line":362,"column":30}},"362":{"start":{"line":363,"column":0},"end":{"line":363,"column":21}},"363":{"start":{"line":364,"column":0},"end":{"line":364,"column":68}},"364":{"start":{"line":365,"column":0},"end":{"line":365,"column":39}},"365":{"start":{"line":366,"column":0},"end":{"line":366,"column":5}},"366":{"start":{"line":367,"column":0},"end":{"line":367,"column":3}},"371":{"start":{"line":372,"column":0},"end":{"line":372,"column":41}},"372":{"start":{"line":373,"column":0},"end":{"line":373,"column":32}},"373":{"start":{"line":374,"column":0},"end":{"line":374,"column":3}},"378":{"start":{"line":379,"column":0},"end":{"line":379,"column":78}},"379":{"start":{"line":380,"column":0},"end":{"line":380,"column":49}},"381":{"start":{"line":382,"column":0},"end":{"line":382,"column":18}},"382":{"start":{"line":383,"column":0},"end":{"line":383,"column":66}},"383":{"start":{"line":384,"column":0},"end":{"line":384,"column":21}},"384":{"start":{"line":385,"column":0},"end":{"line":385,"column":53}},"385":{"start":{"line":386,"column":0},"end":{"line":386,"column":7}},"386":{"start":{"line":387,"column":0},"end":{"line":387,"column":6}},"387":{"start":{"line":388,"column":0},"end":{"line":388,"column":3}},"393":{"start":{"line":394,"column":0},"end":{"line":394,"column":54}},"394":{"start":{"line":395,"column":0},"end":{"line":395,"column":47}},"396":{"start":{"line":397,"column":0},"end":{"line":397,"column":18}},"397":{"start":{"line":398,"column":0},"end":{"line":398,"column":64}},"398":{"start":{"line":399,"column":0},"end":{"line":399,"column":21}},"399":{"start":{"line":400,"column":0},"end":{"line":400,"column":51}},"400":{"start":{"line":401,"column":0},"end":{"line":401,"column":7}},"401":{"start":{"line":402,"column":0},"end":{"line":402,"column":6}},"402":{"start":{"line":403,"column":0},"end":{"line":403,"column":3}},"423":{"start":{"line":424,"column":0},"end":{"line":424,"column":39}},"425":{"start":{"line":426,"column":0},"end":{"line":426,"column":38}},"426":{"start":{"line":427,"column":0},"end":{"line":427,"column":82}},"427":{"start":{"line":428,"column":0},"end":{"line":428,"column":13}},"428":{"start":{"line":429,"column":0},"end":{"line":429,"column":5}},"430":{"start":{"line":431,"column":0},"end":{"line":431,"column":73}},"433":{"start":{"line":434,"column":0},"end":{"line":434,"column":15}},"434":{"start":{"line":435,"column":0},"end":{"line":435,"column":32}},"435":{"start":{"line":436,"column":0},"end":{"line":436,"column":27}},"436":{"start":{"line":437,"column":0},"end":{"line":437,"column":7}},"439":{"start":{"line":440,"column":0},"end":{"line":440,"column":37}},"440":{"start":{"line":441,"column":0},"end":{"line":441,"column":34}},"443":{"start":{"line":444,"column":0},"end":{"line":444,"column":24}},"444":{"start":{"line":445,"column":0},"end":{"line":445,"column":32}},"446":{"start":{"line":447,"column":0},"end":{"line":447,"column":69}},"447":{"start":{"line":448,"column":0},"end":{"line":448,"column":92}},"448":{"start":{"line":449,"column":0},"end":{"line":449,"column":40}},"449":{"start":{"line":450,"column":0},"end":{"line":450,"column":11}},"451":{"start":{"line":452,"column":0},"end":{"line":452,"column":72}},"452":{"start":{"line":453,"column":0},"end":{"line":453,"column":72}},"453":{"start":{"line":454,"column":0},"end":{"line":454,"column":45}},"454":{"start":{"line":455,"column":0},"end":{"line":455,"column":113}},"455":{"start":{"line":456,"column":0},"end":{"line":456,"column":11}},"457":{"start":{"line":458,"column":0},"end":{"line":458,"column":107}},"458":{"start":{"line":459,"column":0},"end":{"line":459,"column":30}},"459":{"start":{"line":460,"column":0},"end":{"line":460,"column":35}},"460":{"start":{"line":461,"column":0},"end":{"line":461,"column":9}},"461":{"start":{"line":462,"column":0},"end":{"line":462,"column":15}},"462":{"start":{"line":463,"column":0},"end":{"line":463,"column":7}},"463":{"start":{"line":464,"column":0},"end":{"line":464,"column":3}},"468":{"start":{"line":469,"column":0},"end":{"line":469,"column":57}},"469":{"start":{"line":470,"column":0},"end":{"line":470,"column":38}},"471":{"start":{"line":472,"column":0},"end":{"line":472,"column":18}},"472":{"start":{"line":473,"column":0},"end":{"line":473,"column":55}},"473":{"start":{"line":474,"column":0},"end":{"line":474,"column":21}},"474":{"start":{"line":475,"column":0},"end":{"line":475,"column":42}},"475":{"start":{"line":476,"column":0},"end":{"line":476,"column":7}},"476":{"start":{"line":477,"column":0},"end":{"line":477,"column":6}},"477":{"start":{"line":478,"column":0},"end":{"line":478,"column":3}},"483":{"start":{"line":484,"column":0},"end":{"line":484,"column":63}},"484":{"start":{"line":485,"column":0},"end":{"line":485,"column":44}},"485":{"start":{"line":486,"column":0},"end":{"line":486,"column":38}},"486":{"start":{"line":487,"column":0},"end":{"line":487,"column":76}},"487":{"start":{"line":488,"column":0},"end":{"line":488,"column":5}},"488":{"start":{"line":489,"column":0},"end":{"line":489,"column":3}},"490":{"start":{"line":491,"column":0},"end":{"line":491,"column":41}},"491":{"start":{"line":492,"column":0},"end":{"line":492,"column":30}},"492":{"start":{"line":493,"column":0},"end":{"line":493,"column":33}},"493":{"start":{"line":494,"column":0},"end":{"line":494,"column":43}},"494":{"start":{"line":495,"column":0},"end":{"line":495,"column":71}},"495":{"start":{"line":496,"column":0},"end":{"line":496,"column":43}},"496":{"start":{"line":497,"column":0},"end":{"line":497,"column":77}},"497":{"start":{"line":498,"column":0},"end":{"line":498,"column":46}},"498":{"start":{"line":499,"column":0},"end":{"line":499,"column":5}},"499":{"start":{"line":500,"column":0},"end":{"line":500,"column":3}},"502":{"start":{"line":503,"column":0},"end":{"line":503,"column":43}},"503":{"start":{"line":504,"column":0},"end":{"line":504,"column":45}},"504":{"start":{"line":505,"column":0},"end":{"line":505,"column":11}},"505":{"start":{"line":506,"column":0},"end":{"line":506,"column":23}},"506":{"start":{"line":507,"column":0},"end":{"line":507,"column":21}},"507":{"start":{"line":508,"column":0},"end":{"line":508,"column":71}},"508":{"start":{"line":509,"column":0},"end":{"line":509,"column":7}},"509":{"start":{"line":510,"column":0},"end":{"line":510,"column":7}},"510":{"start":{"line":511,"column":0},"end":{"line":511,"column":3}},"519":{"start":{"line":520,"column":0},"end":{"line":520,"column":19}},"520":{"start":{"line":521,"column":0},"end":{"line":521,"column":21}},"521":{"start":{"line":522,"column":0},"end":{"line":522,"column":3}},"526":{"start":{"line":527,"column":0},"end":{"line":527,"column":35}},"527":{"start":{"line":528,"column":0},"end":{"line":528,"column":30}},"528":{"start":{"line":529,"column":0},"end":{"line":529,"column":3}},"529":{"start":{"line":530,"column":0},"end":{"line":530,"column":1}}},"s":{"17":1,"59":1,"61":1,"62":1,"63":1,"64":1,"65":1,"66":1,"71":1,"72":1,"73":1,"74":1,"75":1,"78":1,"79":30,"80":30,"81":30,"82":30,"83":30,"84":30,"85":30,"86":30,"87":30,"90":30,"93":30,"94":3,"95":3,"96":30,"98":0,"99":0,"103":30,"104":30,"105":30,"108":30,"109":30,"110":30,"113":30,"114":30,"117":30,"119":13,"121":0,"123":0,"124":0,"125":0,"126":0,"127":0,"128":0,"129":0,"130":0,"132":13,"134":0,"135":0,"136":0,"137":0,"140":0,"141":0,"142":0,"143":0,"144":0,"146":0,"147":0,"149":0,"150":0,"151":0,"152":0,"153":0,"154":0,"157":13,"158":1,"159":1,"160":1,"161":1,"164":13,"165":1,"166":1,"169":13,"170":11,"171":11,"172":11,"173":6,"174":6,"175":6,"176":13,"177":30,"178":30,"181":30,"182":10,"185":10,"187":6,"189":0,"190":0,"191":0,"193":6,"194":6,"195":6,"196":6,"197":6,"198":6,"200":10,"203":10,"204":0,"205":0,"206":0,"208":10,"209":10,"210":30,"212":30,"213":4,"214":4,"217":4,"218":1,"219":1,"220":1,"222":4,"223":30,"229":30,"230":30,"231":30,"239":30,"241":30,"242":30,"243":30,"244":30,"245":30,"246":30,"247":30,"256":1,"257":2,"258":2,"260":1,"261":1,"263":1,"264":1,"265":2,"266":0,"267":0,"268":0,"269":2,"274":1,"275":1,"276":1,"277":1,"278":1,"279":0,"280":0,"281":0,"282":1,"283":1,"288":1,"289":12,"292":12,"293":1,"294":1,"295":1,"296":1,"297":1,"298":12,"303":1,"304":3,"306":3,"307":1,"308":1,"309":1,"310":1,"311":1,"312":3,"317":1,"318":2,"320":2,"321":0,"322":0,"323":0,"324":0,"325":0,"326":2,"331":1,"332":3,"333":3,"338":1,"339":5,"340":5,"345":1,"346":14,"347":14,"352":1,"353":32,"354":32,"355":32,"356":32,"357":32,"358":32,"359":32,"360":32,"361":32,"362":32,"363":0,"364":0,"365":0,"366":32,"371":1,"372":5,"373":5,"378":1,"379":3,"381":3,"382":1,"383":1,"384":1,"385":1,"386":1,"387":3,"393":1,"394":1,"396":1,"397":0,"398":0,"399":0,"400":0,"401":0,"402":1,"423":1,"425":0,"426":0,"427":0,"428":0,"430":0,"433":0,"434":0,"435":0,"436":0,"439":0,"440":0,"443":0,"444":0,"446":0,"447":0,"448":0,"449":0,"451":0,"452":0,"453":0,"454":0,"455":0,"457":0,"458":0,"459":0,"460":0,"461":0,"462":0,"463":0,"468":1,"469":6,"471":6,"472":2,"473":2,"474":2,"475":2,"476":2,"477":6,"483":1,"484":49,"485":39,"486":39,"487":39,"488":49,"490":1,"491":44,"492":12,"493":12,"494":44,"495":3,"496":32,"497":2,"498":2,"499":44,"502":1,"503":6,"504":5,"505":5,"506":5,"507":0,"508":0,"509":6,"510":6,"519":1,"520":18,"521":18,"526":1,"527":3,"528":3,"529":1},"branchMap":{"0":{"type":"branch","line":79,"loc":{"start":{"line":79,"column":2},"end":{"line":248,"column":3}},"locations":[{"start":{"line":79,"column":2},"end":{"line":248,"column":3}}]},"1":{"type":"branch","line":94,"loc":{"start":{"line":94,"column":25},"end":{"line":97,"column":15}},"locations":[{"start":{"line":94,"column":25},"end":{"line":97,"column":15}}]},"2":{"type":"branch","line":97,"loc":{"start":{"line":97,"column":4},"end":{"line":100,"column":5}},"locations":[{"start":{"line":97,"column":4},"end":{"line":100,"column":5}}]},"3":{"type":"branch","line":97,"loc":{"start":{"line":97,"column":33},"end":{"line":100,"column":5}},"locations":[{"start":{"line":97,"column":33},"end":{"line":100,"column":5}}]},"4":{"type":"branch","line":179,"loc":{"start":{"line":179,"column":62},"end":{"line":179,"column":81}},"locations":[{"start":{"line":179,"column":62},"end":{"line":179,"column":81}}]},"5":{"type":"branch","line":231,"loc":{"start":{"line":231,"column":52},"end":{"line":231,"column":93}},"locations":[{"start":{"line":231,"column":52},"end":{"line":231,"column":93}}]},"6":{"type":"branch","line":118,"loc":{"start":{"line":118,"column":28},"end":{"line":178,"column":5}},"locations":[{"start":{"line":118,"column":28},"end":{"line":178,"column":5}}]},"7":{"type":"branch","line":120,"loc":{"start":{"line":120,"column":62},"end":{"line":131,"column":7}},"locations":[{"start":{"line":120,"column":62},"end":{"line":131,"column":7}}]},"8":{"type":"branch","line":133,"loc":{"start":{"line":133,"column":65},"end":{"line":155,"column":7}},"locations":[{"start":{"line":133,"column":65},"end":{"line":155,"column":7}}]},"9":{"type":"branch","line":158,"loc":{"start":{"line":158,"column":61},"end":{"line":162,"column":7}},"locations":[{"start":{"line":158,"column":61},"end":{"line":162,"column":7}}]},"10":{"type":"branch","line":160,"loc":{"start":{"line":160,"column":39},"end":{"line":160,"column":57}},"locations":[{"start":{"line":160,"column":39},"end":{"line":160,"column":57}}]},"11":{"type":"branch","line":165,"loc":{"start":{"line":165,"column":66},"end":{"line":167,"column":7}},"locations":[{"start":{"line":165,"column":66},"end":{"line":167,"column":7}}]},"12":{"type":"branch","line":166,"loc":{"start":{"line":166,"column":37},"end":{"line":166,"column":53}},"locations":[{"start":{"line":166,"column":37},"end":{"line":166,"column":53}}]},"13":{"type":"branch","line":170,"loc":{"start":{"line":170,"column":35},"end":{"line":177,"column":7}},"locations":[{"start":{"line":170,"column":35},"end":{"line":177,"column":7}}]},"14":{"type":"branch","line":173,"loc":{"start":{"line":173,"column":8},"end":{"line":176,"column":9}},"locations":[{"start":{"line":173,"column":8},"end":{"line":176,"column":9}}]},"15":{"type":"branch","line":182,"loc":{"start":{"line":182,"column":25},"end":{"line":211,"column":5}},"locations":[{"start":{"line":182,"column":25},"end":{"line":211,"column":5}}]},"16":{"type":"branch","line":186,"loc":{"start":{"line":186,"column":39},"end":{"line":199,"column":7}},"locations":[{"start":{"line":186,"column":39},"end":{"line":199,"column":7}}]},"17":{"type":"branch","line":188,"loc":{"start":{"line":188,"column":45},"end":{"line":192,"column":9}},"locations":[{"start":{"line":188,"column":45},"end":{"line":192,"column":9}}]},"18":{"type":"branch","line":204,"loc":{"start":{"line":204,"column":29},"end":{"line":207,"column":7}},"locations":[{"start":{"line":204,"column":29},"end":{"line":207,"column":7}}]},"19":{"type":"branch","line":210,"loc":{"start":{"line":210,"column":36},"end":{"line":210,"column":64}},"locations":[{"start":{"line":210,"column":36},"end":{"line":210,"column":64}}]},"20":{"type":"branch","line":213,"loc":{"start":{"line":213,"column":26},"end":{"line":224,"column":5}},"locations":[{"start":{"line":213,"column":26},"end":{"line":224,"column":5}}]},"21":{"type":"branch","line":218,"loc":{"start":{"line":218,"column":41},"end":{"line":221,"column":7}},"locations":[{"start":{"line":218,"column":41},"end":{"line":221,"column":7}}]},"22":{"type":"branch","line":220,"loc":{"start":{"line":220,"column":44},"end":{"line":220,"column":66}},"locations":[{"start":{"line":220,"column":44},"end":{"line":220,"column":66}}]},"23":{"type":"branch","line":223,"loc":{"start":{"line":223,"column":37},"end":{"line":223,"column":65}},"locations":[{"start":{"line":223,"column":37},"end":{"line":223,"column":65}}]},"24":{"type":"branch","line":257,"loc":{"start":{"line":257,"column":2},"end":{"line":270,"column":3}},"locations":[{"start":{"line":257,"column":2},"end":{"line":270,"column":3}}]},"25":{"type":"branch","line":259,"loc":{"start":{"line":259,"column":20},"end":{"line":265,"column":7}},"locations":[{"start":{"line":259,"column":20},"end":{"line":265,"column":7}}]},"26":{"type":"branch","line":266,"loc":{"start":{"line":266,"column":4},"end":{"line":269,"column":5}},"locations":[{"start":{"line":266,"column":4},"end":{"line":269,"column":5}}]},"27":{"type":"branch","line":275,"loc":{"start":{"line":275,"column":2},"end":{"line":284,"column":3}},"locations":[{"start":{"line":275,"column":2},"end":{"line":284,"column":3}}]},"28":{"type":"branch","line":276,"loc":{"start":{"line":276,"column":33},"end":{"line":283,"column":5}},"locations":[{"start":{"line":276,"column":33},"end":{"line":283,"column":5}}]},"29":{"type":"branch","line":279,"loc":{"start":{"line":279,"column":6},"end":{"line":282,"column":7}},"locations":[{"start":{"line":279,"column":6},"end":{"line":282,"column":7}}]},"30":{"type":"branch","line":289,"loc":{"start":{"line":289,"column":2},"end":{"line":299,"column":3}},"locations":[{"start":{"line":289,"column":2},"end":{"line":299,"column":3}}]},"31":{"type":"branch","line":293,"loc":{"start":{"line":293,"column":11},"end":{"line":298,"column":6}},"locations":[{"start":{"line":293,"column":11},"end":{"line":298,"column":6}}]},"32":{"type":"branch","line":304,"loc":{"start":{"line":304,"column":2},"end":{"line":313,"column":3}},"locations":[{"start":{"line":304,"column":2},"end":{"line":313,"column":3}}]},"33":{"type":"branch","line":307,"loc":{"start":{"line":307,"column":11},"end":{"line":312,"column":6}},"locations":[{"start":{"line":307,"column":11},"end":{"line":312,"column":6}}]},"34":{"type":"branch","line":318,"loc":{"start":{"line":318,"column":2},"end":{"line":327,"column":3}},"locations":[{"start":{"line":318,"column":2},"end":{"line":327,"column":3}}]},"35":{"type":"branch","line":332,"loc":{"start":{"line":332,"column":2},"end":{"line":334,"column":3}},"locations":[{"start":{"line":332,"column":2},"end":{"line":334,"column":3}}]},"36":{"type":"branch","line":339,"loc":{"start":{"line":339,"column":2},"end":{"line":341,"column":3}},"locations":[{"start":{"line":339,"column":2},"end":{"line":341,"column":3}}]},"37":{"type":"branch","line":346,"loc":{"start":{"line":346,"column":2},"end":{"line":348,"column":3}},"locations":[{"start":{"line":346,"column":2},"end":{"line":348,"column":3}}]},"38":{"type":"branch","line":353,"loc":{"start":{"line":353,"column":2},"end":{"line":367,"column":3}},"locations":[{"start":{"line":353,"column":2},"end":{"line":367,"column":3}}]},"39":{"type":"branch","line":363,"loc":{"start":{"line":363,"column":4},"end":{"line":366,"column":5}},"locations":[{"start":{"line":363,"column":4},"end":{"line":366,"column":5}}]},"40":{"type":"branch","line":372,"loc":{"start":{"line":372,"column":2},"end":{"line":374,"column":3}},"locations":[{"start":{"line":372,"column":2},"end":{"line":374,"column":3}}]},"41":{"type":"branch","line":379,"loc":{"start":{"line":379,"column":2},"end":{"line":388,"column":3}},"locations":[{"start":{"line":379,"column":2},"end":{"line":388,"column":3}}]},"42":{"type":"branch","line":382,"loc":{"start":{"line":382,"column":11},"end":{"line":387,"column":6}},"locations":[{"start":{"line":382,"column":11},"end":{"line":387,"column":6}}]},"43":{"type":"branch","line":394,"loc":{"start":{"line":394,"column":2},"end":{"line":403,"column":3}},"locations":[{"start":{"line":394,"column":2},"end":{"line":403,"column":3}}]},"44":{"type":"branch","line":469,"loc":{"start":{"line":469,"column":2},"end":{"line":478,"column":3}},"locations":[{"start":{"line":469,"column":2},"end":{"line":478,"column":3}}]},"45":{"type":"branch","line":472,"loc":{"start":{"line":472,"column":11},"end":{"line":477,"column":6}},"locations":[{"start":{"line":472,"column":11},"end":{"line":477,"column":6}}]},"46":{"type":"branch","line":484,"loc":{"start":{"line":484,"column":10},"end":{"line":489,"column":3}},"locations":[{"start":{"line":484,"column":10},"end":{"line":489,"column":3}}]},"47":{"type":"branch","line":485,"loc":{"start":{"line":485,"column":43},"end":{"line":488,"column":5}},"locations":[{"start":{"line":485,"column":43},"end":{"line":488,"column":5}}]},"48":{"type":"branch","line":487,"loc":{"start":{"line":487,"column":44},"end":{"line":487,"column":74}},"locations":[{"start":{"line":487,"column":44},"end":{"line":487,"column":74}}]},"49":{"type":"branch","line":491,"loc":{"start":{"line":491,"column":10},"end":{"line":500,"column":3}},"locations":[{"start":{"line":491,"column":10},"end":{"line":500,"column":3}}]},"50":{"type":"branch","line":492,"loc":{"start":{"line":492,"column":29},"end":{"line":495,"column":15}},"locations":[{"start":{"line":492,"column":29},"end":{"line":495,"column":15}}]},"51":{"type":"branch","line":495,"loc":{"start":{"line":495,"column":4},"end":{"line":499,"column":5}},"locations":[{"start":{"line":495,"column":4},"end":{"line":499,"column":5}}]},"52":{"type":"branch","line":495,"loc":{"start":{"line":495,"column":21},"end":{"line":495,"column":70}},"locations":[{"start":{"line":495,"column":21},"end":{"line":495,"column":70}}]},"53":{"type":"branch","line":495,"loc":{"start":{"line":495,"column":70},"end":{"line":497,"column":15}},"locations":[{"start":{"line":495,"column":70},"end":{"line":497,"column":15}}]},"54":{"type":"branch","line":497,"loc":{"start":{"line":497,"column":4},"end":{"line":499,"column":5}},"locations":[{"start":{"line":497,"column":4},"end":{"line":499,"column":5}}]},"55":{"type":"branch","line":497,"loc":{"start":{"line":497,"column":20},"end":{"line":497,"column":76}},"locations":[{"start":{"line":497,"column":20},"end":{"line":497,"column":76}}]},"56":{"type":"branch","line":497,"loc":{"start":{"line":497,"column":76},"end":{"line":499,"column":5}},"locations":[{"start":{"line":497,"column":76},"end":{"line":499,"column":5}}]},"57":{"type":"branch","line":503,"loc":{"start":{"line":503,"column":10},"end":{"line":511,"column":3}},"locations":[{"start":{"line":503,"column":10},"end":{"line":511,"column":3}}]},"58":{"type":"branch","line":504,"loc":{"start":{"line":504,"column":31},"end":{"line":510,"column":5}},"locations":[{"start":{"line":504,"column":31},"end":{"line":510,"column":5}}]},"59":{"type":"branch","line":507,"loc":{"start":{"line":507,"column":6},"end":{"line":509,"column":7}},"locations":[{"start":{"line":507,"column":6},"end":{"line":509,"column":7}}]},"60":{"type":"branch","line":520,"loc":{"start":{"line":520,"column":2},"end":{"line":522,"column":3}},"locations":[{"start":{"line":520,"column":2},"end":{"line":522,"column":3}}]},"61":{"type":"branch","line":527,"loc":{"start":{"line":527,"column":2},"end":{"line":529,"column":3}},"locations":[{"start":{"line":527,"column":2},"end":{"line":529,"column":3}}]}},"b":{"0":[30],"1":[3],"2":[27],"3":[0],"4":[0],"5":[0],"6":[13],"7":[0],"8":[0],"9":[1],"10":[0],"11":[1],"12":[0],"13":[11],"14":[6],"15":[10],"16":[6],"17":[0],"18":[0],"19":[3],"20":[4],"21":[1],"22":[1],"23":[1],"24":[2],"25":[1],"26":[0],"27":[1],"28":[1],"29":[0],"30":[12],"31":[1],"32":[3],"33":[1],"34":[2],"35":[3],"36":[5],"37":[14],"38":[32],"39":[0],"40":[5],"41":[3],"42":[1],"43":[1],"44":[6],"45":[2],"46":[49],"47":[39],"48":[4],"49":[44],"50":[12],"51":[32],"52":[30],"53":[3],"54":[29],"55":[2],"56":[2],"57":[6],"58":[5],"59":[0],"60":[18],"61":[3]},"fnMap":{"0":{"name":"TrysteroTransport","decl":{"start":{"line":79,"column":2},"end":{"line":248,"column":3}},"loc":{"start":{"line":79,"column":2},"end":{"line":248,"column":3}},"line":79},"1":{"name":"TrysteroTransport.receiveWireCleanup","decl":{"start":{"line":179,"column":72},"end":{"line":179,"column":81}},"loc":{"start":{"line":179,"column":72},"end":{"line":179,"column":81}},"line":179},"2":{"name":"send","decl":{"start":{"line":257,"column":2},"end":{"line":270,"column":3}},"loc":{"start":{"line":257,"column":2},"end":{"line":270,"column":3}},"line":257},"3":{"name":"deliver","decl":{"start":{"line":275,"column":2},"end":{"line":284,"column":3}},"loc":{"start":{"line":275,"column":2},"end":{"line":284,"column":3}},"line":275},"4":{"name":"onMessage","decl":{"start":{"line":289,"column":2},"end":{"line":299,"column":3}},"loc":{"start":{"line":289,"column":2},"end":{"line":299,"column":3}},"line":289},"5":{"name":"onPeerJoin","decl":{"start":{"line":304,"column":2},"end":{"line":313,"column":3}},"loc":{"start":{"line":304,"column":2},"end":{"line":313,"column":3}},"line":304},"6":{"name":"onPeerLeave","decl":{"start":{"line":318,"column":2},"end":{"line":327,"column":3}},"loc":{"start":{"line":318,"column":2},"end":{"line":327,"column":3}},"line":318},"7":{"name":"getPlayerId","decl":{"start":{"line":332,"column":2},"end":{"line":334,"column":3}},"loc":{"start":{"line":332,"column":2},"end":{"line":334,"column":3}},"line":332},"8":{"name":"getPeerIds","decl":{"start":{"line":339,"column":2},"end":{"line":341,"column":3}},"loc":{"start":{"line":339,"column":2},"end":{"line":341,"column":3}},"line":339},"9":{"name":"isHost","decl":{"start":{"line":346,"column":2},"end":{"line":348,"column":3}},"loc":{"start":{"line":346,"column":2},"end":{"line":348,"column":3}},"line":346},"10":{"name":"disconnect","decl":{"start":{"line":353,"column":2},"end":{"line":367,"column":3}},"loc":{"start":{"line":353,"column":2},"end":{"line":367,"column":3}},"line":353},"11":{"name":"getConnectionState","decl":{"start":{"line":372,"column":2},"end":{"line":374,"column":3}},"loc":{"start":{"line":372,"column":2},"end":{"line":374,"column":3}},"line":372},"12":{"name":"onConnectionChange","decl":{"start":{"line":379,"column":2},"end":{"line":388,"column":3}},"loc":{"start":{"line":379,"column":2},"end":{"line":388,"column":3}},"line":379},"13":{"name":"onHostDisconnect","decl":{"start":{"line":394,"column":2},"end":{"line":403,"column":3}},"loc":{"start":{"line":394,"column":2},"end":{"line":403,"column":3}},"line":394},"14":{"name":"waitForReady","decl":{"start":{"line":424,"column":2},"end":{"line":464,"column":3}},"loc":{"start":{"line":424,"column":2},"end":{"line":464,"column":3}},"line":424},"15":{"name":"onError","decl":{"start":{"line":469,"column":2},"end":{"line":478,"column":3}},"loc":{"start":{"line":469,"column":2},"end":{"line":478,"column":3}},"line":469},"16":{"name":"setConnectionState","decl":{"start":{"line":484,"column":10},"end":{"line":489,"column":3}},"loc":{"start":{"line":484,"column":10},"end":{"line":489,"column":3}},"line":484},"17":{"name":"updateConnectionState","decl":{"start":{"line":491,"column":10},"end":{"line":500,"column":3}},"loc":{"start":{"line":491,"column":10},"end":{"line":500,"column":3}},"line":491},"18":{"name":"notifyError","decl":{"start":{"line":503,"column":10},"end":{"line":511,"column":3}},"loc":{"start":{"line":503,"column":10},"end":{"line":511,"column":3}},"line":503},"19":{"name":"getRoom","decl":{"start":{"line":520,"column":2},"end":{"line":522,"column":3}},"loc":{"start":{"line":520,"column":2},"end":{"line":522,"column":3}},"line":520},"20":{"name":"getCurrentHost","decl":{"start":{"line":527,"column":2},"end":{"line":529,"column":3}},"loc":{"start":{"line":527,"column":2},"end":{"line":529,"column":3}},"line":527}},"f":{"0":30,"1":0,"2":2,"3":1,"4":12,"5":3,"6":2,"7":3,"8":5,"9":14,"10":32,"11":5,"12":3,"13":1,"14":0,"15":6,"16":49,"17":44,"18":6,"19":18,"20":3}}
,"/Users/yao/blueprint/martini/packages/@martini/transport-trystero/src/index.ts": {"path":"/Users/yao/blueprint/martini/packages/@martini/transport-trystero/src/index.ts","all":true,"statementMap":{"9":{"start":{"line":10,"column":0},"end":{"line":10,"column":56}},"12":{"start":{"line":13,"column":0},"end":{"line":13,"column":31}}},"s":{"9":0,"12":0},"branchMap":{"0":{"type":"branch","line":1,"loc":{"start":{"line":1,"column":419},"end":{"line":13,"column":31}},"locations":[{"start":{"line":1,"column":419},"end":{"line":13,"column":31}}]}},"b":{"0":[1]},"fnMap":{"0":{"name":"(empty-report)","decl":{"start":{"line":1,"column":419},"end":{"line":13,"column":31}},"loc":{"start":{"line":1,"column":419},"end":{"line":13,"column":31}},"line":1}},"f":{"0":1}}
}
