<?xml version="1.0" encoding="UTF-8"?>
<coverage generated="1763027332178" clover="3.2.0">
  <project timestamp="1763027332178" name="All files">
    <metrics statements="154" coveredstatements="140" conditionals="54" coveredconditionals="47" methods="19" coveredmethods="19" elements="227" coveredelements="206" complexity="0" loc="154" ncloc="154" packages="2" files="3" classes="3"/>
    <package name="phaser">
      <metrics statements="11" coveredstatements="0" conditionals="1" coveredconditionals="1" methods="1" coveredmethods="1"/>
      <file name="browser.ts" path="/Users/yao/blueprint/martini/packages/@martini/phaser/browser.ts">
        <metrics statements="11" coveredstatements="0" conditionals="1" coveredconditionals="1" methods="1" coveredmethods="1"/>
        <line num="6" count="0" type="stmt"/>
        <line num="7" count="0" type="stmt"/>
        <line num="8" count="0" type="stmt"/>
        <line num="21" count="0" type="stmt"/>
        <line num="22" count="0" type="stmt"/>
        <line num="23" count="0" type="stmt"/>
        <line num="24" count="0" type="stmt"/>
        <line num="25" count="0" type="stmt"/>
        <line num="26" count="0" type="stmt"/>
        <line num="27" count="0" type="stmt"/>
        <line num="28" count="0" type="stmt"/>
      </file>
    </package>
    <package name="phaser.src">
      <metrics statements="143" coveredstatements="140" conditionals="53" coveredconditionals="46" methods="18" coveredmethods="18"/>
      <file name="PhaserAdapter.ts" path="/Users/yao/blueprint/martini/packages/@martini/phaser/src/PhaserAdapter.ts">
        <metrics statements="142" coveredstatements="140" conditionals="52" coveredconditionals="45" methods="17" coveredmethods="17"/>
        <line num="31" count="1" type="cond" truecount="1" falsecount="0"/>
        <line num="32" count="29" type="stmt"/>
        <line num="33" count="29" type="stmt"/>
        <line num="34" count="29" type="stmt"/>
        <line num="36" count="29" type="cond" truecount="1" falsecount="0"/>
        <line num="37" count="29" type="stmt"/>
        <line num="38" count="29" type="stmt"/>
        <line num="39" count="29" type="stmt"/>
        <line num="41" count="29" type="cond" truecount="1" falsecount="0"/>
        <line num="42" count="29" type="stmt"/>
        <line num="43" count="29" type="stmt"/>
        <line num="44" count="29" type="stmt"/>
        <line num="45" count="29" type="stmt"/>
        <line num="48" count="29" type="cond" truecount="1" falsecount="0"/>
        <line num="49" count="20" type="cond" truecount="1" falsecount="0"/>
        <line num="50" count="5" type="stmt"/>
        <line num="51" count="5" type="stmt"/>
        <line num="52" count="29" type="stmt"/>
        <line num="53" count="29" type="stmt"/>
        <line num="58" count="29" type="cond" truecount="1" falsecount="0"/>
        <line num="59" count="1" type="stmt"/>
        <line num="60" count="1" type="stmt"/>
        <line num="65" count="29" type="cond" truecount="1" falsecount="0"/>
        <line num="66" count="47" type="stmt"/>
        <line num="67" count="47" type="stmt"/>
        <line num="82" count="29" type="cond" truecount="1" falsecount="0"/>
        <line num="83" count="12" type="stmt"/>
        <line num="86" count="12" type="cond" truecount="1" falsecount="0"/>
        <line num="87" count="11" type="stmt"/>
        <line num="90" count="11" type="cond" truecount="1" falsecount="0"/>
        <line num="91" count="9" type="cond" truecount="1" falsecount="0"/>
        <line num="92" count="9" type="cond" truecount="1" falsecount="0"/>
        <line num="93" count="9" type="stmt"/>
        <line num="94" count="11" type="stmt"/>
        <line num="95" count="12" type="stmt"/>
        <line num="100" count="29" type="cond" truecount="1" falsecount="0"/>
        <line num="101" count="1" type="stmt"/>
        <line num="104" count="1" type="cond" truecount="1" falsecount="0"/>
        <line num="105" count="1" type="stmt"/>
        <line num="106" count="1" type="stmt"/>
        <line num="107" count="1" type="stmt"/>
        <line num="108" count="1" type="stmt"/>
        <line num="111" count="1" type="stmt"/>
        <line num="112" count="1" type="stmt"/>
        <line num="113" count="1" type="stmt"/>
        <line num="114" count="1" type="stmt"/>
        <line num="115" count="1" type="stmt"/>
        <line num="120" count="29" type="cond" truecount="1" falsecount="0"/>
        <line num="121" count="1" type="stmt"/>
        <line num="122" count="1" type="stmt"/>
        <line num="127" count="29" type="cond" truecount="1" falsecount="0"/>
        <line num="128" count="2" type="cond" truecount="1" falsecount="0"/>
        <line num="129" count="2" type="stmt"/>
        <line num="130" count="2" type="stmt"/>
        <line num="131" count="2" type="stmt"/>
        <line num="136" count="29" type="cond" truecount="1" falsecount="0"/>
        <line num="137" count="3" type="stmt"/>
        <line num="138" count="3" type="stmt"/>
        <line num="139" count="3" type="stmt"/>
        <line num="140" count="3" type="stmt"/>
        <line num="141" count="3" type="stmt"/>
        <line num="142" count="3" type="stmt"/>
        <line num="151" count="29" type="cond" truecount="1" falsecount="0"/>
        <line num="152" count="1" type="cond" truecount="0" falsecount="1"/>
        <line num="154" count="1" type="stmt"/>
        <line num="155" count="1" type="stmt"/>
        <line num="156" count="1" type="stmt"/>
        <line num="157" count="1" type="stmt"/>
        <line num="162" count="29" type="cond" truecount="1" falsecount="0"/>
        <line num="163" count="12" type="cond" truecount="1" falsecount="0"/>
        <line num="164" count="12" type="stmt"/>
        <line num="166" count="12" type="cond" truecount="1" falsecount="0"/>
        <line num="167" count="50" type="cond" truecount="1" falsecount="0"/>
        <line num="168" count="27" type="stmt"/>
        <line num="169" count="27" type="stmt"/>
        <line num="170" count="50" type="stmt"/>
        <line num="173" count="12" type="cond" truecount="1" falsecount="0"/>
        <line num="174" count="12" type="cond" truecount="0" falsecount="1"/>
        <line num="175" count="0" type="stmt"/>
        <line num="176" count="0" type="stmt"/>
        <line num="177" count="12" type="stmt"/>
        <line num="178" count="12" type="stmt"/>
        <line num="179" count="12" type="stmt"/>
        <line num="184" count="29" type="cond" truecount="1" falsecount="0"/>
        <line num="185" count="5" type="cond" truecount="2" falsecount="0"/>
        <line num="188" count="5" type="cond" truecount="1" falsecount="0"/>
        <line num="189" count="1" type="stmt"/>
        <line num="190" count="1" type="stmt"/>
        <line num="191" count="1" type="stmt"/>
        <line num="192" count="1" type="stmt"/>
        <line num="193" count="1" type="cond" truecount="1" falsecount="0"/>
        <line num="197" count="4" type="stmt"/>
        <line num="199" count="4" type="cond" truecount="2" falsecount="0"/>
        <line num="202" count="3" type="stmt"/>
        <line num="203" count="4" type="cond" truecount="1" falsecount="0"/>
        <line num="205" count="2" type="stmt"/>
        <line num="206" count="2" type="stmt"/>
        <line num="207" count="2" type="stmt"/>
        <line num="210" count="2" type="cond" truecount="1" falsecount="0"/>
        <line num="211" count="1" type="stmt"/>
        <line num="212" count="1" type="stmt"/>
        <line num="213" count="1" type="stmt"/>
        <line num="214" count="1" type="stmt"/>
        <line num="215" count="2" type="stmt"/>
        <line num="216" count="4" type="stmt"/>
        <line num="217" count="5" type="stmt"/>
        <line num="222" count="29" type="cond" truecount="1" falsecount="0"/>
        <line num="223" count="1" type="stmt"/>
        <line num="224" count="1" type="stmt"/>
        <line num="225" count="1" type="cond" truecount="0" falsecount="1"/>
        <line num="226" count="1" type="cond" truecount="0" falsecount="1"/>
        <line num="227" count="1" type="cond" truecount="0" falsecount="1"/>
        <line num="228" count="1" type="cond" truecount="0" falsecount="1"/>
        <line num="229" count="1" type="cond" truecount="0" falsecount="1"/>
        <line num="230" count="1" type="stmt"/>
        <line num="247" count="29" type="cond" truecount="1" falsecount="0"/>
        <line num="248" count="8" type="stmt"/>
        <line num="249" count="8" type="stmt"/>
        <line num="255" count="29" type="cond" truecount="1" falsecount="0"/>
        <line num="256" count="7" type="cond" truecount="2" falsecount="0"/>
        <line num="258" count="6" type="stmt"/>
        <line num="260" count="7" type="cond" truecount="1" falsecount="0"/>
        <line num="261" count="5" type="cond" truecount="1" falsecount="0"/>
        <line num="263" count="4" type="stmt"/>
        <line num="264" count="4" type="stmt"/>
        <line num="266" count="4" type="cond" truecount="1" falsecount="0"/>
        <line num="267" count="1" type="stmt"/>
        <line num="268" count="1" type="stmt"/>
        <line num="269" count="4" type="stmt"/>
        <line num="270" count="5" type="cond" truecount="1" falsecount="0"/>
        <line num="271" count="7" type="stmt"/>
        <line num="276" count="29" type="cond" truecount="1" falsecount="0"/>
        <line num="277" count="2" type="stmt"/>
        <line num="278" count="2" type="cond" truecount="1" falsecount="0"/>
        <line num="279" count="1" type="stmt"/>
        <line num="280" count="1" type="stmt"/>
        <line num="281" count="2" type="stmt"/>
        <line num="282" count="2" type="stmt"/>
        <line num="287" count="29" type="cond" truecount="1" falsecount="0"/>
        <line num="288" count="1" type="stmt"/>
        <line num="289" count="1" type="stmt"/>
        <line num="290" count="29" type="stmt"/>
      </file>
      <file name="index.ts" path="/Users/yao/blueprint/martini/packages/@martini/phaser/src/index.ts">
        <metrics statements="1" coveredstatements="0" conditionals="1" coveredconditionals="1" methods="1" coveredmethods="1"/>
        <line num="9" count="0" type="stmt"/>
      </file>
    </package>
  </project>
</coverage>
