{"/Users/yao/blueprint/martini/packages/@martini/core/src/GameRuntime.ts": {"path":"/Users/yao/blueprint/martini/packages/@martini/core/src/GameRuntime.ts","all":false,"statementMap":{"9":{"start":{"line":10,"column":0},"end":{"line":10,"column":73}},"14":{"start":{"line":15,"column":0},"end":{"line":15,"column":26}},"15":{"start":{"line":16,"column":0},"end":{"line":16,"column":26}},"16":{"start":{"line":17,"column":0},"end":{"line":17,"column":34}},"17":{"start":{"line":18,"column":0},"end":{"line":18,"column":26}},"18":{"start":{"line":19,"column":0},"end":{"line":19,"column":37}},"19":{"start":{"line":20,"column":0},"end":{"line":20,"column":47}},"21":{"start":{"line":22,"column":0},"end":{"line":22,"column":59}},"22":{"start":{"line":23,"column":0},"end":{"line":23,"column":67}},"24":{"start":{"line":25,"column":0},"end":{"line":25,"column":14}},"25":{"start":{"line":26,"column":0},"end":{"line":26,"column":36}},"26":{"start":{"line":27,"column":0},"end":{"line":27,"column":33}},"27":{"start":{"line":28,"column":0},"end":{"line":28,"column":33}},"28":{"start":{"line":29,"column":0},"end":{"line":29,"column":5}},"29":{"start":{"line":30,"column":0},"end":{"line":30,"column":32}},"32":{"start":{"line":33,"column":0},"end":{"line":33,"column":52}},"33":{"start":{"line":34,"column":0},"end":{"line":34,"column":24}},"34":{"start":{"line":35,"column":0},"end":{"line":35,"column":66}},"35":{"start":{"line":36,"column":0},"end":{"line":36,"column":5}},"36":{"start":{"line":37,"column":0},"end":{"line":37,"column":47}},"39":{"start":{"line":40,"column":0},"end":{"line":40,"column":26}},"42":{"start":{"line":43,"column":0},"end":{"line":43,"column":22}},"43":{"start":{"line":44,"column":0},"end":{"line":44,"column":71}},"44":{"start":{"line":45,"column":0},"end":{"line":45,"column":78}},"45":{"start":{"line":46,"column":0},"end":{"line":46,"column":5}},"46":{"start":{"line":47,"column":0},"end":{"line":47,"column":3}},"51":{"start":{"line":52,"column":0},"end":{"line":52,"column":19}},"52":{"start":{"line":53,"column":0},"end":{"line":53,"column":22}},"53":{"start":{"line":54,"column":0},"end":{"line":54,"column":3}},"59":{"start":{"line":60,"column":0},"end":{"line":60,"column":29}},"60":{"start":{"line":61,"column":0},"end":{"line":61,"column":26}},"61":{"start":{"line":62,"column":0},"end":{"line":62,"column":3}},"68":{"start":{"line":69,"column":0},"end":{"line":69,"column":52}},"69":{"start":{"line":70,"column":0},"end":{"line":70,"column":23}},"70":{"start":{"line":71,"column":0},"end":{"line":71,"column":64}},"71":{"start":{"line":72,"column":0},"end":{"line":72,"column":13}},"72":{"start":{"line":73,"column":0},"end":{"line":73,"column":5}},"73":{"start":{"line":74,"column":0},"end":{"line":74,"column":24}},"74":{"start":{"line":75,"column":0},"end":{"line":75,"column":29}},"75":{"start":{"line":76,"column":0},"end":{"line":76,"column":3}},"83":{"start":{"line":84,"column":0},"end":{"line":84,"column":73}},"84":{"start":{"line":85,"column":0},"end":{"line":85,"column":32}},"85":{"start":{"line":86,"column":0},"end":{"line":86,"column":49}},"86":{"start":{"line":87,"column":0},"end":{"line":87,"column":13}},"87":{"start":{"line":88,"column":0},"end":{"line":88,"column":5}},"89":{"start":{"line":90,"column":0},"end":{"line":90,"column":52}},"90":{"start":{"line":91,"column":0},"end":{"line":91,"column":18}},"91":{"start":{"line":92,"column":0},"end":{"line":92,"column":55}},"92":{"start":{"line":93,"column":0},"end":{"line":93,"column":13}},"93":{"start":{"line":94,"column":0},"end":{"line":94,"column":5}},"95":{"start":{"line":96,"column":0},"end":{"line":96,"column":50}},"96":{"start":{"line":97,"column":0},"end":{"line":97,"column":21}},"97":{"start":{"line":98,"column":0},"end":{"line":98,"column":67}},"98":{"start":{"line":99,"column":0},"end":{"line":99,"column":80}},"99":{"start":{"line":100,"column":0},"end":{"line":100,"column":25}},"100":{"start":{"line":101,"column":0},"end":{"line":101,"column":6}},"103":{"start":{"line":104,"column":0},"end":{"line":104,"column":22}},"104":{"start":{"line":105,"column":0},"end":{"line":105,"column":47}},"105":{"start":{"line":106,"column":0},"end":{"line":106,"column":31}},"106":{"start":{"line":107,"column":0},"end":{"line":107,"column":5}},"109":{"start":{"line":110,"column":0},"end":{"line":110,"column":25}},"110":{"start":{"line":111,"column":0},"end":{"line":111,"column":21}},"111":{"start":{"line":112,"column":0},"end":{"line":112,"column":46}},"112":{"start":{"line":113,"column":0},"end":{"line":113,"column":24}},"113":{"start":{"line":114,"column":0},"end":{"line":114,"column":7}},"114":{"start":{"line":115,"column":0},"end":{"line":115,"column":3}},"119":{"start":{"line":120,"column":0},"end":{"line":120,"column":57}},"120":{"start":{"line":121,"column":0},"end":{"line":121,"column":50}},"121":{"start":{"line":122,"column":0},"end":{"line":122,"column":25}},"122":{"start":{"line":123,"column":0},"end":{"line":123,"column":20}},"123":{"start":{"line":124,"column":0},"end":{"line":124,"column":38}},"124":{"start":{"line":125,"column":0},"end":{"line":125,"column":24}},"125":{"start":{"line":126,"column":0},"end":{"line":126,"column":7}},"126":{"start":{"line":127,"column":0},"end":{"line":127,"column":3}},"131":{"start":{"line":132,"column":0},"end":{"line":132,"column":67}},"132":{"start":{"line":133,"column":0},"end":{"line":133,"column":46}},"133":{"start":{"line":134,"column":0},"end":{"line":134,"column":45}},"134":{"start":{"line":135,"column":0},"end":{"line":135,"column":5}},"135":{"start":{"line":136,"column":0},"end":{"line":136,"column":55}},"137":{"start":{"line":138,"column":0},"end":{"line":138,"column":18}},"138":{"start":{"line":139,"column":0},"end":{"line":139,"column":59}},"139":{"start":{"line":140,"column":0},"end":{"line":140,"column":22}},"140":{"start":{"line":141,"column":0},"end":{"line":141,"column":50}},"141":{"start":{"line":142,"column":0},"end":{"line":142,"column":53}},"142":{"start":{"line":143,"column":0},"end":{"line":143,"column":7}},"143":{"start":{"line":144,"column":0},"end":{"line":144,"column":6}},"144":{"start":{"line":145,"column":0},"end":{"line":145,"column":3}},"149":{"start":{"line":150,"column":0},"end":{"line":150,"column":55}},"150":{"start":{"line":151,"column":0},"end":{"line":151,"column":45}},"151":{"start":{"line":152,"column":0},"end":{"line":152,"column":18}},"152":{"start":{"line":153,"column":0},"end":{"line":153,"column":64}},"153":{"start":{"line":154,"column":0},"end":{"line":154,"column":67}},"154":{"start":{"line":155,"column":0},"end":{"line":155,"column":6}},"155":{"start":{"line":156,"column":0},"end":{"line":156,"column":3}},"160":{"start":{"line":161,"column":0},"end":{"line":161,"column":19}},"161":{"start":{"line":162,"column":0},"end":{"line":162,"column":30}},"162":{"start":{"line":163,"column":0},"end":{"line":163,"column":41}},"163":{"start":{"line":164,"column":0},"end":{"line":164,"column":5}},"164":{"start":{"line":165,"column":0},"end":{"line":165,"column":48}},"165":{"start":{"line":166,"column":0},"end":{"line":166,"column":27}},"166":{"start":{"line":167,"column":0},"end":{"line":167,"column":3}},"172":{"start":{"line":173,"column":0},"end":{"line":173,"column":34}},"174":{"start":{"line":175,"column":0},"end":{"line":175,"column":27}},"175":{"start":{"line":176,"column":0},"end":{"line":176,"column":51}},"176":{"start":{"line":177,"column":0},"end":{"line":177,"column":42}},"177":{"start":{"line":178,"column":0},"end":{"line":178,"column":8}},"178":{"start":{"line":179,"column":0},"end":{"line":179,"column":6}},"181":{"start":{"line":182,"column":0},"end":{"line":182,"column":27}},"182":{"start":{"line":183,"column":0},"end":{"line":183,"column":45}},"183":{"start":{"line":184,"column":0},"end":{"line":184,"column":40}},"184":{"start":{"line":185,"column":0},"end":{"line":185,"column":56}},"185":{"start":{"line":186,"column":0},"end":{"line":186,"column":9}},"188":{"start":{"line":189,"column":0},"end":{"line":189,"column":26}},"189":{"start":{"line":190,"column":0},"end":{"line":190,"column":31}},"190":{"start":{"line":191,"column":0},"end":{"line":191,"column":31}},"191":{"start":{"line":192,"column":0},"end":{"line":192,"column":46}},"192":{"start":{"line":193,"column":0},"end":{"line":193,"column":21}},"193":{"start":{"line":194,"column":0},"end":{"line":194,"column":9}},"194":{"start":{"line":195,"column":0},"end":{"line":195,"column":8}},"195":{"start":{"line":196,"column":0},"end":{"line":196,"column":6}},"198":{"start":{"line":199,"column":0},"end":{"line":199,"column":27}},"199":{"start":{"line":200,"column":0},"end":{"line":200,"column":46}},"200":{"start":{"line":201,"column":0},"end":{"line":201,"column":41}},"201":{"start":{"line":202,"column":0},"end":{"line":202,"column":57}},"202":{"start":{"line":203,"column":0},"end":{"line":203,"column":9}},"203":{"start":{"line":204,"column":0},"end":{"line":204,"column":8}},"204":{"start":{"line":205,"column":0},"end":{"line":205,"column":6}},"205":{"start":{"line":206,"column":0},"end":{"line":206,"column":3}},"207":{"start":{"line":208,"column":0},"end":{"line":208,"column":67}},"208":{"start":{"line":209,"column":0},"end":{"line":209,"column":23}},"209":{"start":{"line":210,"column":0},"end":{"line":210,"column":24}},"211":{"start":{"line":212,"column":0},"end":{"line":212,"column":27}},"212":{"start":{"line":213,"column":0},"end":{"line":213,"column":44}},"213":{"start":{"line":214,"column":0},"end":{"line":214,"column":9}},"214":{"start":{"line":215,"column":0},"end":{"line":215,"column":14}},"216":{"start":{"line":217,"column":0},"end":{"line":217,"column":20}},"218":{"start":{"line":219,"column":0},"end":{"line":219,"column":71}},"219":{"start":{"line":220,"column":0},"end":{"line":220,"column":51}},"220":{"start":{"line":221,"column":0},"end":{"line":221,"column":9}},"221":{"start":{"line":222,"column":0},"end":{"line":222,"column":14}},"223":{"start":{"line":224,"column":0},"end":{"line":224,"column":19}},"224":{"start":{"line":225,"column":0},"end":{"line":225,"column":48}},"225":{"start":{"line":226,"column":0},"end":{"line":226,"column":14}},"226":{"start":{"line":227,"column":0},"end":{"line":227,"column":5}},"227":{"start":{"line":228,"column":0},"end":{"line":228,"column":3}},"229":{"start":{"line":230,"column":0},"end":{"line":230,"column":47}},"230":{"start":{"line":231,"column":0},"end":{"line":231,"column":28}},"232":{"start":{"line":233,"column":0},"end":{"line":233,"column":37}},"233":{"start":{"line":234,"column":0},"end":{"line":234,"column":31}},"234":{"start":{"line":235,"column":0},"end":{"line":235,"column":33}},"236":{"start":{"line":237,"column":0},"end":{"line":237,"column":44}},"237":{"start":{"line":238,"column":0},"end":{"line":238,"column":38}},"238":{"start":{"line":239,"column":0},"end":{"line":239,"column":7}},"239":{"start":{"line":240,"column":0},"end":{"line":240,"column":31}},"240":{"start":{"line":241,"column":0},"end":{"line":241,"column":5}},"241":{"start":{"line":242,"column":0},"end":{"line":242,"column":3}},"243":{"start":{"line":244,"column":0},"end":{"line":244,"column":54}},"244":{"start":{"line":245,"column":0},"end":{"line":245,"column":51}},"246":{"start":{"line":247,"column":0},"end":{"line":247,"column":32}},"247":{"start":{"line":248,"column":0},"end":{"line":248,"column":41}},"248":{"start":{"line":249,"column":0},"end":{"line":249,"column":13}},"249":{"start":{"line":250,"column":0},"end":{"line":250,"column":5}},"251":{"start":{"line":252,"column":0},"end":{"line":252,"column":52}},"252":{"start":{"line":253,"column":0},"end":{"line":253,"column":18}},"253":{"start":{"line":254,"column":0},"end":{"line":254,"column":64}},"254":{"start":{"line":255,"column":0},"end":{"line":255,"column":13}},"255":{"start":{"line":256,"column":0},"end":{"line":256,"column":5}},"258":{"start":{"line":259,"column":0},"end":{"line":259,"column":45}},"259":{"start":{"line":260,"column":0},"end":{"line":260,"column":29}},"260":{"start":{"line":261,"column":0},"end":{"line":261,"column":3}},"262":{"start":{"line":263,"column":0},"end":{"line":263,"column":61}},"263":{"start":{"line":264,"column":0},"end":{"line":264,"column":57}},"264":{"start":{"line":265,"column":0},"end":{"line":265,"column":63}},"266":{"start":{"line":267,"column":0},"end":{"line":267,"column":39}},"267":{"start":{"line":268,"column":0},"end":{"line":268,"column":50}},"268":{"start":{"line":269,"column":0},"end":{"line":269,"column":5}},"269":{"start":{"line":270,"column":0},"end":{"line":270,"column":3}},"271":{"start":{"line":272,"column":0},"end":{"line":272,"column":29}},"272":{"start":{"line":273,"column":0},"end":{"line":273,"column":29}},"275":{"start":{"line":276,"column":0},"end":{"line":276,"column":65}},"277":{"start":{"line":278,"column":0},"end":{"line":278,"column":29}},"279":{"start":{"line":280,"column":0},"end":{"line":280,"column":27}},"280":{"start":{"line":281,"column":0},"end":{"line":281,"column":27}},"281":{"start":{"line":282,"column":0},"end":{"line":282,"column":28}},"282":{"start":{"line":283,"column":0},"end":{"line":283,"column":9}},"285":{"start":{"line":286,"column":0},"end":{"line":286,"column":49}},"286":{"start":{"line":287,"column":0},"end":{"line":287,"column":5}},"287":{"start":{"line":288,"column":0},"end":{"line":288,"column":3}},"289":{"start":{"line":290,"column":0},"end":{"line":290,"column":37}},"290":{"start":{"line":291,"column":0},"end":{"line":291,"column":55}},"291":{"start":{"line":292,"column":0},"end":{"line":292,"column":27}},"292":{"start":{"line":293,"column":0},"end":{"line":293,"column":5}},"293":{"start":{"line":294,"column":0},"end":{"line":294,"column":3}},"294":{"start":{"line":295,"column":0},"end":{"line":295,"column":1}}},"s":{"9":1,"14":1,"15":53,"16":53,"17":53,"18":53,"19":53,"21":53,"22":53,"24":53,"25":53,"26":53,"27":53,"28":53,"29":53,"32":53,"33":53,"34":34,"35":34,"36":53,"39":53,"42":53,"43":35,"44":35,"45":35,"46":53,"51":53,"52":29,"53":29,"59":53,"60":0,"61":0,"68":53,"69":3,"70":1,"71":1,"72":1,"73":2,"74":2,"75":3,"83":53,"84":27,"85":0,"86":0,"87":0,"89":27,"90":27,"91":1,"92":1,"93":1,"95":26,"96":26,"97":26,"98":26,"99":27,"100":27,"103":27,"104":22,"105":22,"106":22,"109":26,"110":26,"111":26,"112":26,"113":26,"114":27,"119":53,"120":2,"121":2,"122":2,"123":2,"124":2,"125":2,"126":2,"131":53,"132":4,"133":4,"134":4,"135":4,"137":4,"138":1,"139":1,"140":1,"141":1,"142":1,"143":1,"144":4,"149":53,"150":5,"151":5,"152":1,"153":1,"154":1,"155":5,"160":53,"161":8,"162":5,"163":5,"164":8,"165":8,"166":8,"172":53,"174":53,"175":53,"176":39,"177":53,"178":53,"181":53,"182":53,"183":20,"184":5,"185":5,"188":20,"189":11,"190":11,"191":11,"192":11,"193":11,"194":53,"195":53,"198":53,"199":53,"200":3,"201":3,"202":3,"203":53,"204":53,"205":53,"207":53,"208":39,"209":39,"211":19,"212":19,"213":19,"214":19,"216":39,"218":15,"219":5,"220":5,"221":15,"223":39,"224":5,"225":5,"226":39,"227":39,"229":53,"230":19,"232":11,"233":11,"234":19,"236":8,"237":14,"238":14,"239":8,"240":8,"241":19,"243":53,"244":5,"246":5,"247":1,"248":1,"249":1,"251":4,"252":5,"253":1,"254":1,"255":1,"258":3,"259":3,"260":5,"262":53,"263":5,"264":5,"266":5,"267":4,"268":4,"269":5,"271":53,"272":63,"275":63,"277":63,"279":8,"280":8,"281":8,"282":8,"285":8,"286":8,"287":63,"289":53,"290":46,"291":6,"292":6,"293":46,"294":53},"branchMap":{"0":{"type":"branch","line":15,"loc":{"start":{"line":15,"column":25},"end":{"line":295,"column":1}},"locations":[{"start":{"line":15,"column":25},"end":{"line":295,"column":1}}]},"1":{"type":"branch","line":25,"loc":{"start":{"line":25,"column":2},"end":{"line":47,"column":3}},"locations":[{"start":{"line":25,"column":2},"end":{"line":47,"column":3}}]},"2":{"type":"branch","line":33,"loc":{"start":{"line":33,"column":36},"end":{"line":33,"column":52}},"locations":[{"start":{"line":33,"column":36},"end":{"line":33,"column":52}}]},"3":{"type":"branch","line":34,"loc":{"start":{"line":34,"column":23},"end":{"line":36,"column":5}},"locations":[{"start":{"line":34,"column":23},"end":{"line":36,"column":5}}]},"4":{"type":"branch","line":43,"loc":{"start":{"line":43,"column":21},"end":{"line":46,"column":5}},"locations":[{"start":{"line":43,"column":21},"end":{"line":46,"column":5}}]},"5":{"type":"branch","line":44,"loc":{"start":{"line":44,"column":34},"end":{"line":44,"column":71}},"locations":[{"start":{"line":44,"column":34},"end":{"line":44,"column":71}}]},"6":{"type":"branch","line":45,"loc":{"start":{"line":45,"column":40},"end":{"line":45,"column":64}},"locations":[{"start":{"line":45,"column":40},"end":{"line":45,"column":64}}]},"7":{"type":"branch","line":52,"loc":{"start":{"line":52,"column":2},"end":{"line":54,"column":3}},"locations":[{"start":{"line":52,"column":2},"end":{"line":54,"column":3}}]},"8":{"type":"branch","line":69,"loc":{"start":{"line":69,"column":2},"end":{"line":76,"column":3}},"locations":[{"start":{"line":69,"column":2},"end":{"line":76,"column":3}}]},"9":{"type":"branch","line":70,"loc":{"start":{"line":70,"column":22},"end":{"line":73,"column":5}},"locations":[{"start":{"line":70,"column":22},"end":{"line":73,"column":5}}]},"10":{"type":"branch","line":73,"loc":{"start":{"line":73,"column":4},"end":{"line":75,"column":29}},"locations":[{"start":{"line":73,"column":4},"end":{"line":75,"column":29}}]},"11":{"type":"branch","line":84,"loc":{"start":{"line":84,"column":2},"end":{"line":115,"column":3}},"locations":[{"start":{"line":84,"column":2},"end":{"line":115,"column":3}}]},"12":{"type":"branch","line":85,"loc":{"start":{"line":85,"column":31},"end":{"line":88,"column":5}},"locations":[{"start":{"line":85,"column":31},"end":{"line":88,"column":5}}]},"13":{"type":"branch","line":91,"loc":{"start":{"line":91,"column":17},"end":{"line":94,"column":5}},"locations":[{"start":{"line":91,"column":17},"end":{"line":94,"column":5}}]},"14":{"type":"branch","line":94,"loc":{"start":{"line":94,"column":4},"end":{"line":99,"column":80}},"locations":[{"start":{"line":94,"column":4},"end":{"line":99,"column":80}}]},"15":{"type":"branch","line":104,"loc":{"start":{"line":104,"column":21},"end":{"line":107,"column":5}},"locations":[{"start":{"line":104,"column":21},"end":{"line":107,"column":5}}]},"16":{"type":"branch","line":107,"loc":{"start":{"line":107,"column":4},"end":{"line":114,"column":7}},"locations":[{"start":{"line":107,"column":4},"end":{"line":114,"column":7}}]},"17":{"type":"branch","line":120,"loc":{"start":{"line":120,"column":2},"end":{"line":127,"column":3}},"locations":[{"start":{"line":120,"column":2},"end":{"line":127,"column":3}}]},"18":{"type":"branch","line":132,"loc":{"start":{"line":132,"column":2},"end":{"line":145,"column":3}},"locations":[{"start":{"line":132,"column":2},"end":{"line":145,"column":3}}]},"19":{"type":"branch","line":138,"loc":{"start":{"line":138,"column":11},"end":{"line":144,"column":6}},"locations":[{"start":{"line":138,"column":11},"end":{"line":144,"column":6}}]},"20":{"type":"branch","line":150,"loc":{"start":{"line":150,"column":2},"end":{"line":156,"column":3}},"locations":[{"start":{"line":150,"column":2},"end":{"line":156,"column":3}}]},"21":{"type":"branch","line":152,"loc":{"start":{"line":152,"column":11},"end":{"line":155,"column":6}},"locations":[{"start":{"line":152,"column":11},"end":{"line":155,"column":6}}]},"22":{"type":"branch","line":161,"loc":{"start":{"line":161,"column":2},"end":{"line":167,"column":3}},"locations":[{"start":{"line":161,"column":2},"end":{"line":167,"column":3}}]},"23":{"type":"branch","line":162,"loc":{"start":{"line":162,"column":29},"end":{"line":164,"column":5}},"locations":[{"start":{"line":162,"column":29},"end":{"line":164,"column":5}}]},"24":{"type":"branch","line":165,"loc":{"start":{"line":165,"column":30},"end":{"line":165,"column":46}},"locations":[{"start":{"line":165,"column":30},"end":{"line":165,"column":46}}]},"25":{"type":"branch","line":173,"loc":{"start":{"line":173,"column":10},"end":{"line":206,"column":3}},"locations":[{"start":{"line":173,"column":10},"end":{"line":206,"column":3}}]},"26":{"type":"branch","line":176,"loc":{"start":{"line":176,"column":31},"end":{"line":178,"column":7}},"locations":[{"start":{"line":176,"column":31},"end":{"line":178,"column":7}}]},"27":{"type":"branch","line":183,"loc":{"start":{"line":183,"column":32},"end":{"line":195,"column":7}},"locations":[{"start":{"line":183,"column":32},"end":{"line":195,"column":7}}]},"28":{"type":"branch","line":184,"loc":{"start":{"line":184,"column":39},"end":{"line":186,"column":9}},"locations":[{"start":{"line":184,"column":39},"end":{"line":186,"column":9}}]},"29":{"type":"branch","line":189,"loc":{"start":{"line":189,"column":25},"end":{"line":194,"column":9}},"locations":[{"start":{"line":189,"column":25},"end":{"line":194,"column":9}}]},"30":{"type":"branch","line":200,"loc":{"start":{"line":200,"column":33},"end":{"line":204,"column":7}},"locations":[{"start":{"line":200,"column":33},"end":{"line":204,"column":7}}]},"31":{"type":"branch","line":208,"loc":{"start":{"line":208,"column":10},"end":{"line":228,"column":3}},"locations":[{"start":{"line":208,"column":10},"end":{"line":228,"column":3}}]},"32":{"type":"branch","line":210,"loc":{"start":{"line":210,"column":6},"end":{"line":215,"column":14}},"locations":[{"start":{"line":210,"column":6},"end":{"line":215,"column":14}}]},"33":{"type":"branch","line":217,"loc":{"start":{"line":217,"column":6},"end":{"line":222,"column":14}},"locations":[{"start":{"line":217,"column":6},"end":{"line":222,"column":14}}]},"34":{"type":"branch","line":219,"loc":{"start":{"line":219,"column":17},"end":{"line":219,"column":70}},"locations":[{"start":{"line":219,"column":17},"end":{"line":219,"column":70}}]},"35":{"type":"branch","line":219,"loc":{"start":{"line":219,"column":70},"end":{"line":221,"column":9}},"locations":[{"start":{"line":219,"column":70},"end":{"line":221,"column":9}}]},"36":{"type":"branch","line":224,"loc":{"start":{"line":224,"column":6},"end":{"line":226,"column":14}},"locations":[{"start":{"line":224,"column":6},"end":{"line":226,"column":14}}]},"37":{"type":"branch","line":230,"loc":{"start":{"line":230,"column":10},"end":{"line":242,"column":3}},"locations":[{"start":{"line":230,"column":10},"end":{"line":242,"column":3}}]},"38":{"type":"branch","line":231,"loc":{"start":{"line":231,"column":27},"end":{"line":235,"column":15}},"locations":[{"start":{"line":231,"column":27},"end":{"line":235,"column":15}}]},"39":{"type":"branch","line":235,"loc":{"start":{"line":235,"column":4},"end":{"line":241,"column":5}},"locations":[{"start":{"line":235,"column":4},"end":{"line":241,"column":5}}]},"40":{"type":"branch","line":237,"loc":{"start":{"line":237,"column":43},"end":{"line":239,"column":7}},"locations":[{"start":{"line":237,"column":43},"end":{"line":239,"column":7}}]},"41":{"type":"branch","line":244,"loc":{"start":{"line":244,"column":10},"end":{"line":261,"column":3}},"locations":[{"start":{"line":244,"column":10},"end":{"line":261,"column":3}}]},"42":{"type":"branch","line":247,"loc":{"start":{"line":247,"column":31},"end":{"line":250,"column":5}},"locations":[{"start":{"line":247,"column":31},"end":{"line":250,"column":5}}]},"43":{"type":"branch","line":250,"loc":{"start":{"line":250,"column":4},"end":{"line":253,"column":17}},"locations":[{"start":{"line":250,"column":4},"end":{"line":253,"column":17}}]},"44":{"type":"branch","line":253,"loc":{"start":{"line":253,"column":17},"end":{"line":260,"column":29}},"locations":[{"start":{"line":253,"column":17},"end":{"line":260,"column":29}}]},"45":{"type":"branch","line":253,"loc":{"start":{"line":253,"column":17},"end":{"line":256,"column":5}},"locations":[{"start":{"line":253,"column":17},"end":{"line":256,"column":5}}]},"46":{"type":"branch","line":263,"loc":{"start":{"line":263,"column":10},"end":{"line":270,"column":3}},"locations":[{"start":{"line":263,"column":10},"end":{"line":270,"column":3}}]},"47":{"type":"branch","line":265,"loc":{"start":{"line":265,"column":55},"end":{"line":265,"column":63}},"locations":[{"start":{"line":265,"column":55},"end":{"line":265,"column":63}}]},"48":{"type":"branch","line":267,"loc":{"start":{"line":267,"column":38},"end":{"line":269,"column":5}},"locations":[{"start":{"line":267,"column":38},"end":{"line":269,"column":5}}]},"49":{"type":"branch","line":272,"loc":{"start":{"line":272,"column":10},"end":{"line":288,"column":3}},"locations":[{"start":{"line":272,"column":10},"end":{"line":288,"column":3}}]},"50":{"type":"branch","line":273,"loc":{"start":{"line":273,"column":22},"end":{"line":273,"column":29}},"locations":[{"start":{"line":273,"column":22},"end":{"line":273,"column":29}}]},"51":{"type":"branch","line":278,"loc":{"start":{"line":278,"column":28},"end":{"line":287,"column":5}},"locations":[{"start":{"line":278,"column":28},"end":{"line":287,"column":5}}]},"52":{"type":"branch","line":290,"loc":{"start":{"line":290,"column":10},"end":{"line":294,"column":3}},"locations":[{"start":{"line":290,"column":10},"end":{"line":294,"column":3}}]},"53":{"type":"branch","line":291,"loc":{"start":{"line":291,"column":54},"end":{"line":293,"column":5}},"locations":[{"start":{"line":291,"column":54},"end":{"line":293,"column":5}}]}},"b":{"0":[53],"1":[53],"2":[35],"3":[34],"4":[35],"5":[30],"6":[63],"7":[29],"8":[3],"9":[1],"10":[2],"11":[27],"12":[0],"13":[1],"14":[26],"15":[22],"16":[26],"17":[2],"18":[4],"19":[1],"20":[5],"21":[1],"22":[8],"23":[5],"24":[24],"25":[53],"26":[39],"27":[20],"28":[5],"29":[11],"30":[3],"31":[39],"32":[19],"33":[15],"34":[6],"35":[5],"36":[5],"37":[19],"38":[11],"39":[8],"40":[14],"41":[5],"42":[1],"43":[4],"44":[3],"45":[1],"46":[5],"47":[0],"48":[4],"49":[63],"50":[0],"51":[8],"52":[46],"53":[6]},"fnMap":{"0":{"name":"<instance_members_initializer>","decl":{"start":{"line":15,"column":25},"end":{"line":295,"column":1}},"loc":{"start":{"line":15,"column":25},"end":{"line":295,"column":1}},"line":15},"1":{"name":"GameRuntime","decl":{"start":{"line":25,"column":2},"end":{"line":47,"column":3}},"loc":{"start":{"line":25,"column":2},"end":{"line":47,"column":3}},"line":25},"2":{"name":"getState","decl":{"start":{"line":52,"column":2},"end":{"line":54,"column":3}},"loc":{"start":{"line":52,"column":2},"end":{"line":54,"column":3}},"line":52},"3":{"name":"getTransport","decl":{"start":{"line":60,"column":2},"end":{"line":62,"column":3}},"loc":{"start":{"line":60,"column":2},"end":{"line":62,"column":3}},"line":60},"4":{"name":"mutateState","decl":{"start":{"line":69,"column":2},"end":{"line":76,"column":3}},"loc":{"start":{"line":69,"column":2},"end":{"line":76,"column":3}},"line":69},"5":{"name":"submitAction","decl":{"start":{"line":84,"column":2},"end":{"line":115,"column":3}},"loc":{"start":{"line":84,"column":2},"end":{"line":115,"column":3}},"line":84},"6":{"name":"broadcastEvent","decl":{"start":{"line":120,"column":2},"end":{"line":127,"column":3}},"loc":{"start":{"line":120,"column":2},"end":{"line":127,"column":3}},"line":120},"7":{"name":"onEvent","decl":{"start":{"line":132,"column":2},"end":{"line":145,"column":3}},"loc":{"start":{"line":132,"column":2},"end":{"line":145,"column":3}},"line":132},"8":{"name":"onChange","decl":{"start":{"line":150,"column":2},"end":{"line":156,"column":3}},"loc":{"start":{"line":150,"column":2},"end":{"line":156,"column":3}},"line":150},"9":{"name":"destroy","decl":{"start":{"line":161,"column":2},"end":{"line":167,"column":3}},"loc":{"start":{"line":161,"column":2},"end":{"line":167,"column":3}},"line":161},"10":{"name":"setupTransport","decl":{"start":{"line":173,"column":10},"end":{"line":206,"column":3}},"loc":{"start":{"line":173,"column":10},"end":{"line":206,"column":3}},"line":173},"11":{"name":"handleMessage","decl":{"start":{"line":208,"column":10},"end":{"line":228,"column":3}},"loc":{"start":{"line":208,"column":10},"end":{"line":228,"column":3}},"line":208},"12":{"name":"handleStateSync","decl":{"start":{"line":230,"column":10},"end":{"line":242,"column":3}},"loc":{"start":{"line":230,"column":10},"end":{"line":242,"column":3}},"line":230},"13":{"name":"handleActionFromClient","decl":{"start":{"line":244,"column":10},"end":{"line":261,"column":3}},"loc":{"start":{"line":244,"column":10},"end":{"line":261,"column":3}},"line":244},"14":{"name":"handleEvent","decl":{"start":{"line":263,"column":10},"end":{"line":270,"column":3}},"loc":{"start":{"line":263,"column":10},"end":{"line":270,"column":3}},"line":263},"15":{"name":"syncState","decl":{"start":{"line":272,"column":10},"end":{"line":288,"column":3}},"loc":{"start":{"line":272,"column":10},"end":{"line":288,"column":3}},"line":272},"16":{"name":"notifyStateChange","decl":{"start":{"line":290,"column":10},"end":{"line":294,"column":3}},"loc":{"start":{"line":290,"column":10},"end":{"line":294,"column":3}},"line":290}},"f":{"0":53,"1":53,"2":29,"3":0,"4":3,"5":27,"6":2,"7":4,"8":5,"9":8,"10":53,"11":39,"12":19,"13":5,"14":5,"15":63,"16":46}}
,"/Users/yao/blueprint/martini/packages/@martini/core/src/defineGame.ts": {"path":"/Users/yao/blueprint/martini/packages/@martini/core/src/defineGame.ts","all":false,"statementMap":{"79":{"start":{"line":80,"column":0},"end":{"line":80,"column":72}},"81":{"start":{"line":82,"column":0},"end":{"line":82,"column":28}},"82":{"start":{"line":83,"column":0},"end":{"line":83,"column":28}},"83":{"start":{"line":84,"column":0},"end":{"line":84,"column":3}},"86":{"start":{"line":87,"column":0},"end":{"line":87,"column":68}},"87":{"start":{"line":88,"column":0},"end":{"line":88,"column":45}},"88":{"start":{"line":89,"column":0},"end":{"line":89,"column":70}},"89":{"start":{"line":90,"column":0},"end":{"line":90,"column":5}},"90":{"start":{"line":91,"column":0},"end":{"line":91,"column":3}},"92":{"start":{"line":93,"column":0},"end":{"line":93,"column":20}},"93":{"start":{"line":94,"column":0},"end":{"line":94,"column":1}}},"s":{"79":1,"81":63,"82":33,"83":33,"86":63,"87":33,"88":2,"89":2,"90":33,"92":61,"93":61},"branchMap":{"0":{"type":"branch","line":80,"loc":{"start":{"line":80,"column":7},"end":{"line":94,"column":1}},"locations":[{"start":{"line":80,"column":7},"end":{"line":94,"column":1}}]},"1":{"type":"branch","line":82,"loc":{"start":{"line":82,"column":27},"end":{"line":84,"column":3}},"locations":[{"start":{"line":82,"column":27},"end":{"line":84,"column":3}}]},"2":{"type":"branch","line":87,"loc":{"start":{"line":87,"column":67},"end":{"line":91,"column":3}},"locations":[{"start":{"line":87,"column":67},"end":{"line":91,"column":3}}]},"3":{"type":"branch","line":88,"loc":{"start":{"line":88,"column":44},"end":{"line":90,"column":5}},"locations":[{"start":{"line":88,"column":44},"end":{"line":90,"column":5}}]},"4":{"type":"branch","line":91,"loc":{"start":{"line":91,"column":2},"end":{"line":94,"column":1}},"locations":[{"start":{"line":91,"column":2},"end":{"line":94,"column":1}}]}},"b":{"0":[63],"1":[33],"2":[33],"3":[2],"4":[61]},"fnMap":{"0":{"name":"defineGame","decl":{"start":{"line":80,"column":7},"end":{"line":94,"column":1}},"loc":{"start":{"line":80,"column":7},"end":{"line":94,"column":1}},"line":80}},"f":{"0":63}}
,"/Users/yao/blueprint/martini/packages/@martini/core/src/sync.ts": {"path":"/Users/yao/blueprint/martini/packages/@martini/core/src/sync.ts","all":false,"statementMap":{"14":{"start":{"line":15,"column":0},"end":{"line":15,"column":69}},"15":{"start":{"line":16,"column":0},"end":{"line":16,"column":30}},"17":{"start":{"line":18,"column":0},"end":{"line":18,"column":64}},"19":{"start":{"line":20,"column":0},"end":{"line":20,"column":80}},"20":{"start":{"line":21,"column":0},"end":{"line":21,"column":30}},"21":{"start":{"line":22,"column":0},"end":{"line":22,"column":61}},"22":{"start":{"line":23,"column":0},"end":{"line":23,"column":7}},"23":{"start":{"line":24,"column":0},"end":{"line":24,"column":13}},"24":{"start":{"line":25,"column":0},"end":{"line":25,"column":5}},"27":{"start":{"line":28,"column":0},"end":{"line":28,"column":32}},"28":{"start":{"line":29,"column":0},"end":{"line":29,"column":70}},"29":{"start":{"line":30,"column":0},"end":{"line":30,"column":61}},"30":{"start":{"line":31,"column":0},"end":{"line":31,"column":15}},"31":{"start":{"line":32,"column":0},"end":{"line":32,"column":7}},"33":{"start":{"line":34,"column":0},"end":{"line":34,"column":47}},"34":{"start":{"line":35,"column":0},"end":{"line":35,"column":57}},"35":{"start":{"line":36,"column":0},"end":{"line":36,"column":7}},"36":{"start":{"line":37,"column":0},"end":{"line":37,"column":13}},"37":{"start":{"line":38,"column":0},"end":{"line":38,"column":5}},"40":{"start":{"line":41,"column":0},"end":{"line":41,"column":37}},"41":{"start":{"line":42,"column":0},"end":{"line":42,"column":48}},"42":{"start":{"line":43,"column":0},"end":{"line":43,"column":48}},"45":{"start":{"line":46,"column":0},"end":{"line":46,"column":34}},"46":{"start":{"line":47,"column":0},"end":{"line":47,"column":31}},"47":{"start":{"line":48,"column":0},"end":{"line":48,"column":63}},"48":{"start":{"line":49,"column":0},"end":{"line":49,"column":9}},"49":{"start":{"line":50,"column":0},"end":{"line":50,"column":7}},"52":{"start":{"line":53,"column":0},"end":{"line":53,"column":34}},"53":{"start":{"line":54,"column":0},"end":{"line":54,"column":31}},"54":{"start":{"line":55,"column":0},"end":{"line":55,"column":80}},"55":{"start":{"line":56,"column":0},"end":{"line":56,"column":16}},"56":{"start":{"line":57,"column":0},"end":{"line":57,"column":57}},"57":{"start":{"line":58,"column":0},"end":{"line":58,"column":9}},"58":{"start":{"line":59,"column":0},"end":{"line":59,"column":7}},"59":{"start":{"line":60,"column":0},"end":{"line":60,"column":13}},"60":{"start":{"line":61,"column":0},"end":{"line":61,"column":5}},"63":{"start":{"line":64,"column":0},"end":{"line":64,"column":28}},"64":{"start":{"line":65,"column":0},"end":{"line":65,"column":59}},"65":{"start":{"line":66,"column":0},"end":{"line":66,"column":5}},"66":{"start":{"line":67,"column":0},"end":{"line":67,"column":3}},"68":{"start":{"line":69,"column":0},"end":{"line":69,"column":27}},"69":{"start":{"line":70,"column":0},"end":{"line":70,"column":17}},"70":{"start":{"line":71,"column":0},"end":{"line":71,"column":1}},"75":{"start":{"line":76,"column":0},"end":{"line":76,"column":60}},"76":{"start":{"line":77,"column":0},"end":{"line":77,"column":36}},"78":{"start":{"line":79,"column":0},"end":{"line":79,"column":26}},"79":{"start":{"line":80,"column":0},"end":{"line":80,"column":79}},"80":{"start":{"line":81,"column":0},"end":{"line":81,"column":3}},"83":{"start":{"line":84,"column":0},"end":{"line":84,"column":22}},"84":{"start":{"line":85,"column":0},"end":{"line":85,"column":45}},"85":{"start":{"line":86,"column":0},"end":{"line":86,"column":24}},"86":{"start":{"line":87,"column":0},"end":{"line":87,"column":28}},"87":{"start":{"line":88,"column":0},"end":{"line":88,"column":24}},"88":{"start":{"line":89,"column":0},"end":{"line":89,"column":5}},"89":{"start":{"line":90,"column":0},"end":{"line":90,"column":27}},"90":{"start":{"line":91,"column":0},"end":{"line":91,"column":3}},"92":{"start":{"line":93,"column":0},"end":{"line":93,"column":41}},"94":{"start":{"line":95,"column":0},"end":{"line":95,"column":15}},"95":{"start":{"line":96,"column":0},"end":{"line":96,"column":15}},"96":{"start":{"line":97,"column":0},"end":{"line":97,"column":19}},"97":{"start":{"line":98,"column":0},"end":{"line":98,"column":32}},"98":{"start":{"line":99,"column":0},"end":{"line":99,"column":12}},"100":{"start":{"line":101,"column":0},"end":{"line":101,"column":18}},"101":{"start":{"line":102,"column":0},"end":{"line":102,"column":35}},"102":{"start":{"line":103,"column":0},"end":{"line":103,"column":44}},"103":{"start":{"line":104,"column":0},"end":{"line":104,"column":14}},"104":{"start":{"line":105,"column":0},"end":{"line":105,"column":33}},"105":{"start":{"line":106,"column":0},"end":{"line":106,"column":7}},"106":{"start":{"line":107,"column":0},"end":{"line":107,"column":12}},"107":{"start":{"line":108,"column":0},"end":{"line":108,"column":3}},"108":{"start":{"line":109,"column":0},"end":{"line":109,"column":1}},"113":{"start":{"line":114,"column":0},"end":{"line":114,"column":41}},"114":{"start":{"line":115,"column":0},"end":{"line":115,"column":58}},"115":{"start":{"line":116,"column":0},"end":{"line":116,"column":65}},"116":{"start":{"line":117,"column":0},"end":{"line":117,"column":75}},"118":{"start":{"line":119,"column":0},"end":{"line":119,"column":25}},"119":{"start":{"line":120,"column":0},"end":{"line":120,"column":26}},"120":{"start":{"line":121,"column":0},"end":{"line":121,"column":57}},"121":{"start":{"line":122,"column":0},"end":{"line":122,"column":40}},"122":{"start":{"line":123,"column":0},"end":{"line":123,"column":5}},"123":{"start":{"line":124,"column":0},"end":{"line":124,"column":3}},"124":{"start":{"line":125,"column":0},"end":{"line":125,"column":16}},"125":{"start":{"line":126,"column":0},"end":{"line":126,"column":1}}},"s":{"14":1,"15":95,"17":95,"19":533,"20":4,"21":4,"22":4,"23":4,"24":4,"27":533,"28":26,"29":6,"30":6,"31":6,"33":26,"34":47,"35":47,"36":20,"37":20,"40":533,"41":230,"42":230,"45":230,"46":398,"47":7,"48":7,"49":398,"52":230,"53":402,"54":11,"55":402,"56":391,"57":391,"58":402,"59":230,"60":230,"63":533,"64":32,"65":32,"66":533,"68":95,"69":95,"70":95,"75":1,"76":47,"78":47,"79":1,"80":1,"83":46,"84":47,"85":52,"86":52,"87":3,"88":3,"89":52,"90":52,"92":46,"94":46,"95":47,"96":47,"97":42,"98":42,"100":47,"101":4,"102":1,"103":4,"104":3,"105":3,"106":4,"107":47,"108":47,"113":1,"114":269,"115":269,"116":269,"118":131,"119":269,"120":178,"121":178,"122":178,"123":178,"124":131,"125":131},"branchMap":{"0":{"type":"branch","line":15,"loc":{"start":{"line":15,"column":7},"end":{"line":71,"column":1}},"locations":[{"start":{"line":15,"column":7},"end":{"line":71,"column":1}}]},"1":{"type":"branch","line":18,"loc":{"start":{"line":18,"column":2},"end":{"line":67,"column":3}},"locations":[{"start":{"line":18,"column":2},"end":{"line":67,"column":3}}]},"2":{"type":"branch","line":20,"loc":{"start":{"line":20,"column":33},"end":{"line":20,"column":62}},"locations":[{"start":{"line":20,"column":33},"end":{"line":20,"column":62}}]},"3":{"type":"branch","line":20,"loc":{"start":{"line":20,"column":54},"end":{"line":20,"column":79}},"locations":[{"start":{"line":20,"column":54},"end":{"line":20,"column":79}}]},"4":{"type":"branch","line":20,"loc":{"start":{"line":20,"column":79},"end":{"line":25,"column":5}},"locations":[{"start":{"line":20,"column":79},"end":{"line":25,"column":5}}]},"5":{"type":"branch","line":25,"loc":{"start":{"line":25,"column":4},"end":{"line":28,"column":31}},"locations":[{"start":{"line":25,"column":4},"end":{"line":28,"column":31}}]},"6":{"type":"branch","line":28,"loc":{"start":{"line":28,"column":31},"end":{"line":38,"column":5}},"locations":[{"start":{"line":28,"column":31},"end":{"line":38,"column":5}}]},"7":{"type":"branch","line":29,"loc":{"start":{"line":29,"column":69},"end":{"line":32,"column":7}},"locations":[{"start":{"line":29,"column":69},"end":{"line":32,"column":7}}]},"8":{"type":"branch","line":32,"loc":{"start":{"line":32,"column":6},"end":{"line":34,"column":46}},"locations":[{"start":{"line":32,"column":6},"end":{"line":34,"column":46}}]},"9":{"type":"branch","line":34,"loc":{"start":{"line":34,"column":46},"end":{"line":36,"column":7}},"locations":[{"start":{"line":34,"column":46},"end":{"line":36,"column":7}}]},"10":{"type":"branch","line":36,"loc":{"start":{"line":36,"column":6},"end":{"line":38,"column":5}},"locations":[{"start":{"line":36,"column":6},"end":{"line":38,"column":5}}]},"11":{"type":"branch","line":38,"loc":{"start":{"line":38,"column":4},"end":{"line":41,"column":36}},"locations":[{"start":{"line":38,"column":4},"end":{"line":41,"column":36}}]},"12":{"type":"branch","line":41,"loc":{"start":{"line":41,"column":36},"end":{"line":61,"column":5}},"locations":[{"start":{"line":41,"column":36},"end":{"line":61,"column":5}}]},"13":{"type":"branch","line":42,"loc":{"start":{"line":42,"column":34},"end":{"line":42,"column":46}},"locations":[{"start":{"line":42,"column":34},"end":{"line":42,"column":46}}]},"14":{"type":"branch","line":43,"loc":{"start":{"line":43,"column":34},"end":{"line":43,"column":46}},"locations":[{"start":{"line":43,"column":34},"end":{"line":43,"column":46}}]},"15":{"type":"branch","line":46,"loc":{"start":{"line":46,"column":33},"end":{"line":50,"column":7}},"locations":[{"start":{"line":46,"column":33},"end":{"line":50,"column":7}}]},"16":{"type":"branch","line":47,"loc":{"start":{"line":47,"column":30},"end":{"line":49,"column":9}},"locations":[{"start":{"line":47,"column":30},"end":{"line":49,"column":9}}]},"17":{"type":"branch","line":53,"loc":{"start":{"line":53,"column":33},"end":{"line":59,"column":7}},"locations":[{"start":{"line":53,"column":33},"end":{"line":59,"column":7}}]},"18":{"type":"branch","line":54,"loc":{"start":{"line":54,"column":30},"end":{"line":56,"column":15}},"locations":[{"start":{"line":54,"column":30},"end":{"line":56,"column":15}}]},"19":{"type":"branch","line":56,"loc":{"start":{"line":56,"column":8},"end":{"line":58,"column":9}},"locations":[{"start":{"line":56,"column":8},"end":{"line":58,"column":9}}]},"20":{"type":"branch","line":61,"loc":{"start":{"line":61,"column":4},"end":{"line":64,"column":27}},"locations":[{"start":{"line":61,"column":4},"end":{"line":64,"column":27}}]},"21":{"type":"branch","line":64,"loc":{"start":{"line":64,"column":27},"end":{"line":66,"column":5}},"locations":[{"start":{"line":64,"column":27},"end":{"line":66,"column":5}}]},"22":{"type":"branch","line":76,"loc":{"start":{"line":76,"column":7},"end":{"line":109,"column":1}},"locations":[{"start":{"line":76,"column":7},"end":{"line":109,"column":1}}]},"23":{"type":"branch","line":79,"loc":{"start":{"line":79,"column":25},"end":{"line":81,"column":3}},"locations":[{"start":{"line":79,"column":25},"end":{"line":81,"column":3}}]},"24":{"type":"branch","line":81,"loc":{"start":{"line":81,"column":2},"end":{"line":85,"column":44}},"locations":[{"start":{"line":81,"column":2},"end":{"line":85,"column":44}}]},"25":{"type":"branch","line":85,"loc":{"start":{"line":85,"column":44},"end":{"line":91,"column":3}},"locations":[{"start":{"line":85,"column":44},"end":{"line":91,"column":3}}]},"26":{"type":"branch","line":87,"loc":{"start":{"line":87,"column":27},"end":{"line":89,"column":5}},"locations":[{"start":{"line":87,"column":27},"end":{"line":89,"column":5}}]},"27":{"type":"branch","line":91,"loc":{"start":{"line":91,"column":2},"end":{"line":95,"column":15}},"locations":[{"start":{"line":91,"column":2},"end":{"line":95,"column":15}}]},"28":{"type":"branch","line":96,"loc":{"start":{"line":96,"column":4},"end":{"line":96,"column":15}},"locations":[{"start":{"line":96,"column":4},"end":{"line":96,"column":15}}]},"29":{"type":"branch","line":97,"loc":{"start":{"line":97,"column":4},"end":{"line":99,"column":12}},"locations":[{"start":{"line":97,"column":4},"end":{"line":99,"column":12}}]},"30":{"type":"branch","line":101,"loc":{"start":{"line":101,"column":4},"end":{"line":107,"column":12}},"locations":[{"start":{"line":101,"column":4},"end":{"line":107,"column":12}}]},"31":{"type":"branch","line":102,"loc":{"start":{"line":102,"column":34},"end":{"line":104,"column":13}},"locations":[{"start":{"line":102,"column":34},"end":{"line":104,"column":13}}]},"32":{"type":"branch","line":104,"loc":{"start":{"line":104,"column":6},"end":{"line":106,"column":7}},"locations":[{"start":{"line":104,"column":6},"end":{"line":106,"column":7}}]},"33":{"type":"branch","line":114,"loc":{"start":{"line":114,"column":7},"end":{"line":126,"column":1}},"locations":[{"start":{"line":114,"column":7},"end":{"line":126,"column":1}}]},"34":{"type":"branch","line":115,"loc":{"start":{"line":115,"column":14},"end":{"line":115,"column":47}},"locations":[{"start":{"line":115,"column":14},"end":{"line":115,"column":47}}]},"35":{"type":"branch","line":115,"loc":{"start":{"line":115,"column":47},"end":{"line":115,"column":58}},"locations":[{"start":{"line":115,"column":47},"end":{"line":115,"column":58}}]},"36":{"type":"branch","line":115,"loc":{"start":{"line":115,"column":54},"end":{"line":116,"column":34}},"locations":[{"start":{"line":115,"column":54},"end":{"line":116,"column":34}}]},"37":{"type":"branch","line":116,"loc":{"start":{"line":116,"column":27},"end":{"line":116,"column":65}},"locations":[{"start":{"line":116,"column":27},"end":{"line":116,"column":65}}]},"38":{"type":"branch","line":116,"loc":{"start":{"line":116,"column":56},"end":{"line":117,"column":35}},"locations":[{"start":{"line":116,"column":56},"end":{"line":117,"column":35}}]},"39":{"type":"branch","line":117,"loc":{"start":{"line":117,"column":28},"end":{"line":117,"column":75}},"locations":[{"start":{"line":117,"column":28},"end":{"line":117,"column":75}}]},"40":{"type":"branch","line":117,"loc":{"start":{"line":117,"column":66},"end":{"line":120,"column":25}},"locations":[{"start":{"line":117,"column":66},"end":{"line":120,"column":25}}]},"41":{"type":"branch","line":120,"loc":{"start":{"line":120,"column":25},"end":{"line":124,"column":3}},"locations":[{"start":{"line":120,"column":25},"end":{"line":124,"column":3}}]},"42":{"type":"branch","line":124,"loc":{"start":{"line":124,"column":2},"end":{"line":126,"column":1}},"locations":[{"start":{"line":124,"column":2},"end":{"line":126,"column":1}}]},"43":{"type":"branch","line":117,"loc":{"start":{"line":117,"column":43},"end":{"line":117,"column":66}},"locations":[{"start":{"line":117,"column":43},"end":{"line":117,"column":66}}]}},"b":{"0":[95],"1":[533],"2":[529],"3":[529],"4":[4],"5":[529],"6":[26],"7":[6],"8":[20],"9":[47],"10":[20],"11":[503],"12":[230],"13":[0],"14":[0],"15":[398],"16":[7],"17":[402],"18":[11],"19":[391],"20":[273],"21":[32],"22":[47],"23":[1],"24":[46],"25":[52],"26":[3],"27":[46],"28":[12],"29":[42],"30":[4],"31":[1],"32":[3],"33":[269],"34":[268],"35":[121],"36":[148],"37":[1],"38":[147],"39":[16],"40":[131],"41":[178],"42":[131],"43":[18]},"fnMap":{"0":{"name":"generateDiff","decl":{"start":{"line":15,"column":7},"end":{"line":71,"column":1}},"loc":{"start":{"line":15,"column":7},"end":{"line":71,"column":1}},"line":15},"1":{"name":"diff","decl":{"start":{"line":18,"column":2},"end":{"line":67,"column":3}},"loc":{"start":{"line":18,"column":2},"end":{"line":67,"column":3}},"line":18},"2":{"name":"applyPatch","decl":{"start":{"line":76,"column":7},"end":{"line":109,"column":1}},"loc":{"start":{"line":76,"column":7},"end":{"line":109,"column":1}},"line":76},"3":{"name":"deepClone","decl":{"start":{"line":114,"column":7},"end":{"line":126,"column":1}},"loc":{"start":{"line":114,"column":7},"end":{"line":126,"column":1}},"line":114}},"f":{"0":95,"1":533,"2":47,"3":269}}
,"/Users/yao/blueprint/martini/packages/@martini/core/src/transport.ts": {"path":"/Users/yao/blueprint/martini/packages/@martini/core/src/transport.ts","all":true,"statementMap":{},"s":{},"branchMap":{"0":{"type":"branch","line":1,"loc":{"start":{"line":1,"column":1416},"end":{"line":48,"column":1}},"locations":[{"start":{"line":1,"column":1416},"end":{"line":48,"column":1}}]}},"b":{"0":[1]},"fnMap":{"0":{"name":"(empty-report)","decl":{"start":{"line":1,"column":1416},"end":{"line":48,"column":1}},"loc":{"start":{"line":1,"column":1416},"end":{"line":48,"column":1}},"line":1}},"f":{"0":1}}
}
