{"/Users/yao/blueprint/martini/packages/@martini/core/src/GameRuntime.ts": {"path":"/Users/yao/blueprint/martini/packages/@martini/core/src/GameRuntime.ts","all":false,"statementMap":{"9":{"start":{"line":10,"column":0},"end":{"line":10,"column":73}},"14":{"start":{"line":15,"column":0},"end":{"line":15,"column":26}},"15":{"start":{"line":16,"column":0},"end":{"line":16,"column":26}},"16":{"start":{"line":17,"column":0},"end":{"line":17,"column":34}},"17":{"start":{"line":18,"column":0},"end":{"line":18,"column":26}},"18":{"start":{"line":19,"column":0},"end":{"line":19,"column":37}},"19":{"start":{"line":20,"column":0},"end":{"line":20,"column":47}},"21":{"start":{"line":22,"column":0},"end":{"line":22,"column":59}},"22":{"start":{"line":23,"column":0},"end":{"line":23,"column":67}},"24":{"start":{"line":25,"column":0},"end":{"line":25,"column":14}},"25":{"start":{"line":26,"column":0},"end":{"line":26,"column":36}},"26":{"start":{"line":27,"column":0},"end":{"line":27,"column":33}},"27":{"start":{"line":28,"column":0},"end":{"line":28,"column":33}},"28":{"start":{"line":29,"column":0},"end":{"line":29,"column":5}},"29":{"start":{"line":30,"column":0},"end":{"line":30,"column":32}},"32":{"start":{"line":33,"column":0},"end":{"line":33,"column":52}},"33":{"start":{"line":34,"column":0},"end":{"line":34,"column":24}},"34":{"start":{"line":35,"column":0},"end":{"line":35,"column":66}},"35":{"start":{"line":36,"column":0},"end":{"line":36,"column":5}},"36":{"start":{"line":37,"column":0},"end":{"line":37,"column":47}},"39":{"start":{"line":40,"column":0},"end":{"line":40,"column":26}},"42":{"start":{"line":43,"column":0},"end":{"line":43,"column":22}},"43":{"start":{"line":44,"column":0},"end":{"line":44,"column":71}},"44":{"start":{"line":45,"column":0},"end":{"line":45,"column":78}},"45":{"start":{"line":46,"column":0},"end":{"line":46,"column":5}},"46":{"start":{"line":47,"column":0},"end":{"line":47,"column":3}},"51":{"start":{"line":52,"column":0},"end":{"line":52,"column":19}},"52":{"start":{"line":53,"column":0},"end":{"line":53,"column":22}},"53":{"start":{"line":54,"column":0},"end":{"line":54,"column":3}},"59":{"start":{"line":60,"column":0},"end":{"line":60,"column":29}},"60":{"start":{"line":61,"column":0},"end":{"line":61,"column":26}},"61":{"start":{"line":62,"column":0},"end":{"line":62,"column":3}},"68":{"start":{"line":69,"column":0},"end":{"line":69,"column":52}},"69":{"start":{"line":70,"column":0},"end":{"line":70,"column":23}},"70":{"start":{"line":71,"column":0},"end":{"line":71,"column":64}},"71":{"start":{"line":72,"column":0},"end":{"line":72,"column":13}},"72":{"start":{"line":73,"column":0},"end":{"line":73,"column":5}},"73":{"start":{"line":74,"column":0},"end":{"line":74,"column":24}},"74":{"start":{"line":75,"column":0},"end":{"line":75,"column":29}},"75":{"start":{"line":76,"column":0},"end":{"line":76,"column":3}},"80":{"start":{"line":81,"column":0},"end":{"line":81,"column":54}},"81":{"start":{"line":82,"column":0},"end":{"line":82,"column":32}},"82":{"start":{"line":83,"column":0},"end":{"line":83,"column":49}},"83":{"start":{"line":84,"column":0},"end":{"line":84,"column":13}},"84":{"start":{"line":85,"column":0},"end":{"line":85,"column":5}},"86":{"start":{"line":87,"column":0},"end":{"line":87,"column":52}},"87":{"start":{"line":88,"column":0},"end":{"line":88,"column":18}},"88":{"start":{"line":89,"column":0},"end":{"line":89,"column":55}},"89":{"start":{"line":90,"column":0},"end":{"line":90,"column":13}},"90":{"start":{"line":91,"column":0},"end":{"line":91,"column":5}},"92":{"start":{"line":93,"column":0},"end":{"line":93,"column":50}},"95":{"start":{"line":96,"column":0},"end":{"line":96,"column":22}},"96":{"start":{"line":97,"column":0},"end":{"line":97,"column":48}},"97":{"start":{"line":98,"column":0},"end":{"line":98,"column":31}},"98":{"start":{"line":99,"column":0},"end":{"line":99,"column":5}},"101":{"start":{"line":102,"column":0},"end":{"line":102,"column":25}},"102":{"start":{"line":103,"column":0},"end":{"line":103,"column":21}},"103":{"start":{"line":104,"column":0},"end":{"line":104,"column":47}},"104":{"start":{"line":105,"column":0},"end":{"line":105,"column":24}},"105":{"start":{"line":106,"column":0},"end":{"line":106,"column":7}},"106":{"start":{"line":107,"column":0},"end":{"line":107,"column":3}},"111":{"start":{"line":112,"column":0},"end":{"line":112,"column":57}},"112":{"start":{"line":113,"column":0},"end":{"line":113,"column":50}},"113":{"start":{"line":114,"column":0},"end":{"line":114,"column":25}},"114":{"start":{"line":115,"column":0},"end":{"line":115,"column":20}},"115":{"start":{"line":116,"column":0},"end":{"line":116,"column":38}},"116":{"start":{"line":117,"column":0},"end":{"line":117,"column":24}},"117":{"start":{"line":118,"column":0},"end":{"line":118,"column":7}},"118":{"start":{"line":119,"column":0},"end":{"line":119,"column":3}},"123":{"start":{"line":124,"column":0},"end":{"line":124,"column":67}},"124":{"start":{"line":125,"column":0},"end":{"line":125,"column":46}},"125":{"start":{"line":126,"column":0},"end":{"line":126,"column":45}},"126":{"start":{"line":127,"column":0},"end":{"line":127,"column":5}},"127":{"start":{"line":128,"column":0},"end":{"line":128,"column":55}},"129":{"start":{"line":130,"column":0},"end":{"line":130,"column":18}},"130":{"start":{"line":131,"column":0},"end":{"line":131,"column":59}},"131":{"start":{"line":132,"column":0},"end":{"line":132,"column":22}},"132":{"start":{"line":133,"column":0},"end":{"line":133,"column":50}},"133":{"start":{"line":134,"column":0},"end":{"line":134,"column":53}},"134":{"start":{"line":135,"column":0},"end":{"line":135,"column":7}},"135":{"start":{"line":136,"column":0},"end":{"line":136,"column":6}},"136":{"start":{"line":137,"column":0},"end":{"line":137,"column":3}},"141":{"start":{"line":142,"column":0},"end":{"line":142,"column":55}},"142":{"start":{"line":143,"column":0},"end":{"line":143,"column":45}},"143":{"start":{"line":144,"column":0},"end":{"line":144,"column":18}},"144":{"start":{"line":145,"column":0},"end":{"line":145,"column":64}},"145":{"start":{"line":146,"column":0},"end":{"line":146,"column":67}},"146":{"start":{"line":147,"column":0},"end":{"line":147,"column":6}},"147":{"start":{"line":148,"column":0},"end":{"line":148,"column":3}},"152":{"start":{"line":153,"column":0},"end":{"line":153,"column":19}},"153":{"start":{"line":154,"column":0},"end":{"line":154,"column":30}},"154":{"start":{"line":155,"column":0},"end":{"line":155,"column":41}},"155":{"start":{"line":156,"column":0},"end":{"line":156,"column":5}},"156":{"start":{"line":157,"column":0},"end":{"line":157,"column":48}},"157":{"start":{"line":158,"column":0},"end":{"line":158,"column":27}},"158":{"start":{"line":159,"column":0},"end":{"line":159,"column":3}},"164":{"start":{"line":165,"column":0},"end":{"line":165,"column":34}},"166":{"start":{"line":167,"column":0},"end":{"line":167,"column":27}},"167":{"start":{"line":168,"column":0},"end":{"line":168,"column":51}},"168":{"start":{"line":169,"column":0},"end":{"line":169,"column":42}},"169":{"start":{"line":170,"column":0},"end":{"line":170,"column":8}},"170":{"start":{"line":171,"column":0},"end":{"line":171,"column":6}},"173":{"start":{"line":174,"column":0},"end":{"line":174,"column":27}},"174":{"start":{"line":175,"column":0},"end":{"line":175,"column":45}},"175":{"start":{"line":176,"column":0},"end":{"line":176,"column":40}},"176":{"start":{"line":177,"column":0},"end":{"line":177,"column":56}},"177":{"start":{"line":178,"column":0},"end":{"line":178,"column":9}},"180":{"start":{"line":181,"column":0},"end":{"line":181,"column":26}},"181":{"start":{"line":182,"column":0},"end":{"line":182,"column":31}},"182":{"start":{"line":183,"column":0},"end":{"line":183,"column":31}},"183":{"start":{"line":184,"column":0},"end":{"line":184,"column":46}},"184":{"start":{"line":185,"column":0},"end":{"line":185,"column":21}},"185":{"start":{"line":186,"column":0},"end":{"line":186,"column":9}},"186":{"start":{"line":187,"column":0},"end":{"line":187,"column":8}},"187":{"start":{"line":188,"column":0},"end":{"line":188,"column":6}},"190":{"start":{"line":191,"column":0},"end":{"line":191,"column":27}},"191":{"start":{"line":192,"column":0},"end":{"line":192,"column":46}},"192":{"start":{"line":193,"column":0},"end":{"line":193,"column":41}},"193":{"start":{"line":194,"column":0},"end":{"line":194,"column":57}},"194":{"start":{"line":195,"column":0},"end":{"line":195,"column":9}},"195":{"start":{"line":196,"column":0},"end":{"line":196,"column":8}},"196":{"start":{"line":197,"column":0},"end":{"line":197,"column":6}},"197":{"start":{"line":198,"column":0},"end":{"line":198,"column":3}},"199":{"start":{"line":200,"column":0},"end":{"line":200,"column":67}},"200":{"start":{"line":201,"column":0},"end":{"line":201,"column":23}},"201":{"start":{"line":202,"column":0},"end":{"line":202,"column":24}},"203":{"start":{"line":204,"column":0},"end":{"line":204,"column":27}},"204":{"start":{"line":205,"column":0},"end":{"line":205,"column":44}},"205":{"start":{"line":206,"column":0},"end":{"line":206,"column":9}},"206":{"start":{"line":207,"column":0},"end":{"line":207,"column":14}},"208":{"start":{"line":209,"column":0},"end":{"line":209,"column":20}},"210":{"start":{"line":211,"column":0},"end":{"line":211,"column":71}},"211":{"start":{"line":212,"column":0},"end":{"line":212,"column":51}},"212":{"start":{"line":213,"column":0},"end":{"line":213,"column":9}},"213":{"start":{"line":214,"column":0},"end":{"line":214,"column":14}},"215":{"start":{"line":216,"column":0},"end":{"line":216,"column":19}},"216":{"start":{"line":217,"column":0},"end":{"line":217,"column":48}},"217":{"start":{"line":218,"column":0},"end":{"line":218,"column":14}},"218":{"start":{"line":219,"column":0},"end":{"line":219,"column":5}},"219":{"start":{"line":220,"column":0},"end":{"line":220,"column":3}},"221":{"start":{"line":222,"column":0},"end":{"line":222,"column":47}},"222":{"start":{"line":223,"column":0},"end":{"line":223,"column":28}},"224":{"start":{"line":225,"column":0},"end":{"line":225,"column":37}},"225":{"start":{"line":226,"column":0},"end":{"line":226,"column":31}},"226":{"start":{"line":227,"column":0},"end":{"line":227,"column":33}},"228":{"start":{"line":229,"column":0},"end":{"line":229,"column":44}},"229":{"start":{"line":230,"column":0},"end":{"line":230,"column":38}},"230":{"start":{"line":231,"column":0},"end":{"line":231,"column":7}},"231":{"start":{"line":232,"column":0},"end":{"line":232,"column":31}},"232":{"start":{"line":233,"column":0},"end":{"line":233,"column":5}},"233":{"start":{"line":234,"column":0},"end":{"line":234,"column":3}},"235":{"start":{"line":236,"column":0},"end":{"line":236,"column":54}},"236":{"start":{"line":237,"column":0},"end":{"line":237,"column":52}},"238":{"start":{"line":239,"column":0},"end":{"line":239,"column":32}},"239":{"start":{"line":240,"column":0},"end":{"line":240,"column":41}},"240":{"start":{"line":241,"column":0},"end":{"line":241,"column":13}},"241":{"start":{"line":242,"column":0},"end":{"line":242,"column":5}},"243":{"start":{"line":244,"column":0},"end":{"line":244,"column":52}},"244":{"start":{"line":245,"column":0},"end":{"line":245,"column":18}},"245":{"start":{"line":246,"column":0},"end":{"line":246,"column":64}},"246":{"start":{"line":247,"column":0},"end":{"line":247,"column":13}},"247":{"start":{"line":248,"column":0},"end":{"line":248,"column":5}},"250":{"start":{"line":251,"column":0},"end":{"line":251,"column":46}},"251":{"start":{"line":252,"column":0},"end":{"line":252,"column":29}},"252":{"start":{"line":253,"column":0},"end":{"line":253,"column":3}},"254":{"start":{"line":255,"column":0},"end":{"line":255,"column":61}},"255":{"start":{"line":256,"column":0},"end":{"line":256,"column":57}},"256":{"start":{"line":257,"column":0},"end":{"line":257,"column":63}},"258":{"start":{"line":259,"column":0},"end":{"line":259,"column":39}},"259":{"start":{"line":260,"column":0},"end":{"line":260,"column":50}},"260":{"start":{"line":261,"column":0},"end":{"line":261,"column":5}},"261":{"start":{"line":262,"column":0},"end":{"line":262,"column":3}},"263":{"start":{"line":264,"column":0},"end":{"line":264,"column":29}},"264":{"start":{"line":265,"column":0},"end":{"line":265,"column":29}},"267":{"start":{"line":268,"column":0},"end":{"line":268,"column":65}},"269":{"start":{"line":270,"column":0},"end":{"line":270,"column":29}},"271":{"start":{"line":272,"column":0},"end":{"line":272,"column":27}},"272":{"start":{"line":273,"column":0},"end":{"line":273,"column":27}},"273":{"start":{"line":274,"column":0},"end":{"line":274,"column":28}},"274":{"start":{"line":275,"column":0},"end":{"line":275,"column":9}},"277":{"start":{"line":278,"column":0},"end":{"line":278,"column":49}},"278":{"start":{"line":279,"column":0},"end":{"line":279,"column":5}},"279":{"start":{"line":280,"column":0},"end":{"line":280,"column":3}},"281":{"start":{"line":282,"column":0},"end":{"line":282,"column":37}},"282":{"start":{"line":283,"column":0},"end":{"line":283,"column":55}},"283":{"start":{"line":284,"column":0},"end":{"line":284,"column":27}},"284":{"start":{"line":285,"column":0},"end":{"line":285,"column":5}},"285":{"start":{"line":286,"column":0},"end":{"line":286,"column":3}},"286":{"start":{"line":287,"column":0},"end":{"line":287,"column":1}}},"s":{"9":1,"14":1,"15":51,"16":51,"17":51,"18":51,"19":51,"21":51,"22":51,"24":51,"25":51,"26":51,"27":51,"28":51,"29":51,"32":51,"33":51,"34":33,"35":33,"36":51,"39":51,"42":51,"43":33,"44":33,"45":33,"46":51,"51":51,"52":29,"53":29,"59":51,"60":0,"61":0,"68":51,"69":3,"70":1,"71":1,"72":1,"73":2,"74":2,"75":3,"80":51,"81":27,"82":0,"83":0,"84":0,"86":27,"87":27,"88":1,"89":1,"90":1,"92":26,"95":27,"96":22,"97":22,"98":22,"101":26,"102":26,"103":26,"104":26,"105":26,"106":27,"111":51,"112":2,"113":2,"114":2,"115":2,"116":2,"117":2,"118":2,"123":51,"124":4,"125":4,"126":4,"127":4,"129":4,"130":1,"131":1,"132":1,"133":1,"134":1,"135":1,"136":4,"141":51,"142":5,"143":5,"144":1,"145":1,"146":1,"147":5,"152":51,"153":8,"154":5,"155":5,"156":8,"157":8,"158":8,"164":51,"166":51,"167":51,"168":37,"169":51,"170":51,"173":51,"174":51,"175":20,"176":5,"177":5,"180":20,"181":11,"182":11,"183":11,"184":11,"185":11,"186":51,"187":51,"190":51,"191":51,"192":3,"193":3,"194":3,"195":51,"196":51,"197":51,"199":51,"200":37,"201":37,"203":19,"204":19,"205":19,"206":19,"208":37,"210":13,"211":3,"212":3,"213":13,"215":37,"216":5,"217":5,"218":37,"219":37,"221":51,"222":19,"224":11,"225":11,"226":19,"228":8,"229":14,"230":14,"231":8,"232":8,"233":19,"235":51,"236":3,"238":3,"239":0,"240":0,"241":0,"243":3,"244":3,"245":0,"246":0,"247":0,"250":3,"251":3,"252":3,"254":51,"255":5,"256":5,"258":5,"259":4,"260":4,"261":5,"263":51,"264":63,"267":63,"269":63,"271":8,"272":8,"273":8,"274":8,"277":8,"278":8,"279":63,"281":51,"282":46,"283":6,"284":6,"285":46,"286":51},"branchMap":{"0":{"type":"branch","line":15,"loc":{"start":{"line":15,"column":25},"end":{"line":287,"column":1}},"locations":[{"start":{"line":15,"column":25},"end":{"line":287,"column":1}}]},"1":{"type":"branch","line":25,"loc":{"start":{"line":25,"column":2},"end":{"line":47,"column":3}},"locations":[{"start":{"line":25,"column":2},"end":{"line":47,"column":3}}]},"2":{"type":"branch","line":33,"loc":{"start":{"line":33,"column":36},"end":{"line":33,"column":52}},"locations":[{"start":{"line":33,"column":36},"end":{"line":33,"column":52}}]},"3":{"type":"branch","line":34,"loc":{"start":{"line":34,"column":23},"end":{"line":36,"column":5}},"locations":[{"start":{"line":34,"column":23},"end":{"line":36,"column":5}}]},"4":{"type":"branch","line":43,"loc":{"start":{"line":43,"column":21},"end":{"line":46,"column":5}},"locations":[{"start":{"line":43,"column":21},"end":{"line":46,"column":5}}]},"5":{"type":"branch","line":44,"loc":{"start":{"line":44,"column":34},"end":{"line":44,"column":71}},"locations":[{"start":{"line":44,"column":34},"end":{"line":44,"column":71}}]},"6":{"type":"branch","line":45,"loc":{"start":{"line":45,"column":40},"end":{"line":45,"column":64}},"locations":[{"start":{"line":45,"column":40},"end":{"line":45,"column":64}}]},"7":{"type":"branch","line":52,"loc":{"start":{"line":52,"column":2},"end":{"line":54,"column":3}},"locations":[{"start":{"line":52,"column":2},"end":{"line":54,"column":3}}]},"8":{"type":"branch","line":69,"loc":{"start":{"line":69,"column":2},"end":{"line":76,"column":3}},"locations":[{"start":{"line":69,"column":2},"end":{"line":76,"column":3}}]},"9":{"type":"branch","line":70,"loc":{"start":{"line":70,"column":22},"end":{"line":73,"column":5}},"locations":[{"start":{"line":70,"column":22},"end":{"line":73,"column":5}}]},"10":{"type":"branch","line":73,"loc":{"start":{"line":73,"column":4},"end":{"line":75,"column":29}},"locations":[{"start":{"line":73,"column":4},"end":{"line":75,"column":29}}]},"11":{"type":"branch","line":81,"loc":{"start":{"line":81,"column":2},"end":{"line":107,"column":3}},"locations":[{"start":{"line":81,"column":2},"end":{"line":107,"column":3}}]},"12":{"type":"branch","line":82,"loc":{"start":{"line":82,"column":31},"end":{"line":85,"column":5}},"locations":[{"start":{"line":82,"column":31},"end":{"line":85,"column":5}}]},"13":{"type":"branch","line":88,"loc":{"start":{"line":88,"column":17},"end":{"line":91,"column":5}},"locations":[{"start":{"line":88,"column":17},"end":{"line":91,"column":5}}]},"14":{"type":"branch","line":91,"loc":{"start":{"line":91,"column":4},"end":{"line":96,"column":21}},"locations":[{"start":{"line":91,"column":4},"end":{"line":96,"column":21}}]},"15":{"type":"branch","line":96,"loc":{"start":{"line":96,"column":21},"end":{"line":99,"column":5}},"locations":[{"start":{"line":96,"column":21},"end":{"line":99,"column":5}}]},"16":{"type":"branch","line":99,"loc":{"start":{"line":99,"column":4},"end":{"line":106,"column":7}},"locations":[{"start":{"line":99,"column":4},"end":{"line":106,"column":7}}]},"17":{"type":"branch","line":112,"loc":{"start":{"line":112,"column":2},"end":{"line":119,"column":3}},"locations":[{"start":{"line":112,"column":2},"end":{"line":119,"column":3}}]},"18":{"type":"branch","line":124,"loc":{"start":{"line":124,"column":2},"end":{"line":137,"column":3}},"locations":[{"start":{"line":124,"column":2},"end":{"line":137,"column":3}}]},"19":{"type":"branch","line":130,"loc":{"start":{"line":130,"column":11},"end":{"line":136,"column":6}},"locations":[{"start":{"line":130,"column":11},"end":{"line":136,"column":6}}]},"20":{"type":"branch","line":142,"loc":{"start":{"line":142,"column":2},"end":{"line":148,"column":3}},"locations":[{"start":{"line":142,"column":2},"end":{"line":148,"column":3}}]},"21":{"type":"branch","line":144,"loc":{"start":{"line":144,"column":11},"end":{"line":147,"column":6}},"locations":[{"start":{"line":144,"column":11},"end":{"line":147,"column":6}}]},"22":{"type":"branch","line":153,"loc":{"start":{"line":153,"column":2},"end":{"line":159,"column":3}},"locations":[{"start":{"line":153,"column":2},"end":{"line":159,"column":3}}]},"23":{"type":"branch","line":154,"loc":{"start":{"line":154,"column":29},"end":{"line":156,"column":5}},"locations":[{"start":{"line":154,"column":29},"end":{"line":156,"column":5}}]},"24":{"type":"branch","line":157,"loc":{"start":{"line":157,"column":30},"end":{"line":157,"column":46}},"locations":[{"start":{"line":157,"column":30},"end":{"line":157,"column":46}}]},"25":{"type":"branch","line":165,"loc":{"start":{"line":165,"column":10},"end":{"line":198,"column":3}},"locations":[{"start":{"line":165,"column":10},"end":{"line":198,"column":3}}]},"26":{"type":"branch","line":168,"loc":{"start":{"line":168,"column":31},"end":{"line":170,"column":7}},"locations":[{"start":{"line":168,"column":31},"end":{"line":170,"column":7}}]},"27":{"type":"branch","line":175,"loc":{"start":{"line":175,"column":32},"end":{"line":187,"column":7}},"locations":[{"start":{"line":175,"column":32},"end":{"line":187,"column":7}}]},"28":{"type":"branch","line":176,"loc":{"start":{"line":176,"column":39},"end":{"line":178,"column":9}},"locations":[{"start":{"line":176,"column":39},"end":{"line":178,"column":9}}]},"29":{"type":"branch","line":181,"loc":{"start":{"line":181,"column":25},"end":{"line":186,"column":9}},"locations":[{"start":{"line":181,"column":25},"end":{"line":186,"column":9}}]},"30":{"type":"branch","line":192,"loc":{"start":{"line":192,"column":33},"end":{"line":196,"column":7}},"locations":[{"start":{"line":192,"column":33},"end":{"line":196,"column":7}}]},"31":{"type":"branch","line":200,"loc":{"start":{"line":200,"column":10},"end":{"line":220,"column":3}},"locations":[{"start":{"line":200,"column":10},"end":{"line":220,"column":3}}]},"32":{"type":"branch","line":202,"loc":{"start":{"line":202,"column":6},"end":{"line":207,"column":14}},"locations":[{"start":{"line":202,"column":6},"end":{"line":207,"column":14}}]},"33":{"type":"branch","line":209,"loc":{"start":{"line":209,"column":6},"end":{"line":214,"column":14}},"locations":[{"start":{"line":209,"column":6},"end":{"line":214,"column":14}}]},"34":{"type":"branch","line":211,"loc":{"start":{"line":211,"column":17},"end":{"line":211,"column":70}},"locations":[{"start":{"line":211,"column":17},"end":{"line":211,"column":70}}]},"35":{"type":"branch","line":211,"loc":{"start":{"line":211,"column":70},"end":{"line":213,"column":9}},"locations":[{"start":{"line":211,"column":70},"end":{"line":213,"column":9}}]},"36":{"type":"branch","line":216,"loc":{"start":{"line":216,"column":6},"end":{"line":218,"column":14}},"locations":[{"start":{"line":216,"column":6},"end":{"line":218,"column":14}}]},"37":{"type":"branch","line":222,"loc":{"start":{"line":222,"column":10},"end":{"line":234,"column":3}},"locations":[{"start":{"line":222,"column":10},"end":{"line":234,"column":3}}]},"38":{"type":"branch","line":223,"loc":{"start":{"line":223,"column":27},"end":{"line":227,"column":15}},"locations":[{"start":{"line":223,"column":27},"end":{"line":227,"column":15}}]},"39":{"type":"branch","line":227,"loc":{"start":{"line":227,"column":4},"end":{"line":233,"column":5}},"locations":[{"start":{"line":227,"column":4},"end":{"line":233,"column":5}}]},"40":{"type":"branch","line":229,"loc":{"start":{"line":229,"column":43},"end":{"line":231,"column":7}},"locations":[{"start":{"line":229,"column":43},"end":{"line":231,"column":7}}]},"41":{"type":"branch","line":236,"loc":{"start":{"line":236,"column":10},"end":{"line":253,"column":3}},"locations":[{"start":{"line":236,"column":10},"end":{"line":253,"column":3}}]},"42":{"type":"branch","line":239,"loc":{"start":{"line":239,"column":31},"end":{"line":242,"column":5}},"locations":[{"start":{"line":239,"column":31},"end":{"line":242,"column":5}}]},"43":{"type":"branch","line":245,"loc":{"start":{"line":245,"column":17},"end":{"line":248,"column":5}},"locations":[{"start":{"line":245,"column":17},"end":{"line":248,"column":5}}]},"44":{"type":"branch","line":255,"loc":{"start":{"line":255,"column":10},"end":{"line":262,"column":3}},"locations":[{"start":{"line":255,"column":10},"end":{"line":262,"column":3}}]},"45":{"type":"branch","line":257,"loc":{"start":{"line":257,"column":55},"end":{"line":257,"column":63}},"locations":[{"start":{"line":257,"column":55},"end":{"line":257,"column":63}}]},"46":{"type":"branch","line":259,"loc":{"start":{"line":259,"column":38},"end":{"line":261,"column":5}},"locations":[{"start":{"line":259,"column":38},"end":{"line":261,"column":5}}]},"47":{"type":"branch","line":264,"loc":{"start":{"line":264,"column":10},"end":{"line":280,"column":3}},"locations":[{"start":{"line":264,"column":10},"end":{"line":280,"column":3}}]},"48":{"type":"branch","line":265,"loc":{"start":{"line":265,"column":22},"end":{"line":265,"column":29}},"locations":[{"start":{"line":265,"column":22},"end":{"line":265,"column":29}}]},"49":{"type":"branch","line":270,"loc":{"start":{"line":270,"column":28},"end":{"line":279,"column":5}},"locations":[{"start":{"line":270,"column":28},"end":{"line":279,"column":5}}]},"50":{"type":"branch","line":282,"loc":{"start":{"line":282,"column":10},"end":{"line":286,"column":3}},"locations":[{"start":{"line":282,"column":10},"end":{"line":286,"column":3}}]},"51":{"type":"branch","line":283,"loc":{"start":{"line":283,"column":54},"end":{"line":285,"column":5}},"locations":[{"start":{"line":283,"column":54},"end":{"line":285,"column":5}}]}},"b":{"0":[51],"1":[51],"2":[33],"3":[33],"4":[33],"5":[28],"6":[63],"7":[29],"8":[3],"9":[1],"10":[2],"11":[27],"12":[0],"13":[1],"14":[26],"15":[22],"16":[26],"17":[2],"18":[4],"19":[1],"20":[5],"21":[1],"22":[8],"23":[5],"24":[24],"25":[51],"26":[37],"27":[20],"28":[5],"29":[11],"30":[3],"31":[37],"32":[19],"33":[13],"34":[4],"35":[3],"36":[5],"37":[19],"38":[11],"39":[8],"40":[14],"41":[3],"42":[0],"43":[0],"44":[5],"45":[0],"46":[4],"47":[63],"48":[0],"49":[8],"50":[46],"51":[6]},"fnMap":{"0":{"name":"<instance_members_initializer>","decl":{"start":{"line":15,"column":25},"end":{"line":287,"column":1}},"loc":{"start":{"line":15,"column":25},"end":{"line":287,"column":1}},"line":15},"1":{"name":"GameRuntime","decl":{"start":{"line":25,"column":2},"end":{"line":47,"column":3}},"loc":{"start":{"line":25,"column":2},"end":{"line":47,"column":3}},"line":25},"2":{"name":"getState","decl":{"start":{"line":52,"column":2},"end":{"line":54,"column":3}},"loc":{"start":{"line":52,"column":2},"end":{"line":54,"column":3}},"line":52},"3":{"name":"getTransport","decl":{"start":{"line":60,"column":2},"end":{"line":62,"column":3}},"loc":{"start":{"line":60,"column":2},"end":{"line":62,"column":3}},"line":60},"4":{"name":"mutateState","decl":{"start":{"line":69,"column":2},"end":{"line":76,"column":3}},"loc":{"start":{"line":69,"column":2},"end":{"line":76,"column":3}},"line":69},"5":{"name":"submitAction","decl":{"start":{"line":81,"column":2},"end":{"line":107,"column":3}},"loc":{"start":{"line":81,"column":2},"end":{"line":107,"column":3}},"line":81},"6":{"name":"broadcastEvent","decl":{"start":{"line":112,"column":2},"end":{"line":119,"column":3}},"loc":{"start":{"line":112,"column":2},"end":{"line":119,"column":3}},"line":112},"7":{"name":"onEvent","decl":{"start":{"line":124,"column":2},"end":{"line":137,"column":3}},"loc":{"start":{"line":124,"column":2},"end":{"line":137,"column":3}},"line":124},"8":{"name":"onChange","decl":{"start":{"line":142,"column":2},"end":{"line":148,"column":3}},"loc":{"start":{"line":142,"column":2},"end":{"line":148,"column":3}},"line":142},"9":{"name":"destroy","decl":{"start":{"line":153,"column":2},"end":{"line":159,"column":3}},"loc":{"start":{"line":153,"column":2},"end":{"line":159,"column":3}},"line":153},"10":{"name":"setupTransport","decl":{"start":{"line":165,"column":10},"end":{"line":198,"column":3}},"loc":{"start":{"line":165,"column":10},"end":{"line":198,"column":3}},"line":165},"11":{"name":"handleMessage","decl":{"start":{"line":200,"column":10},"end":{"line":220,"column":3}},"loc":{"start":{"line":200,"column":10},"end":{"line":220,"column":3}},"line":200},"12":{"name":"handleStateSync","decl":{"start":{"line":222,"column":10},"end":{"line":234,"column":3}},"loc":{"start":{"line":222,"column":10},"end":{"line":234,"column":3}},"line":222},"13":{"name":"handleActionFromClient","decl":{"start":{"line":236,"column":10},"end":{"line":253,"column":3}},"loc":{"start":{"line":236,"column":10},"end":{"line":253,"column":3}},"line":236},"14":{"name":"handleEvent","decl":{"start":{"line":255,"column":10},"end":{"line":262,"column":3}},"loc":{"start":{"line":255,"column":10},"end":{"line":262,"column":3}},"line":255},"15":{"name":"syncState","decl":{"start":{"line":264,"column":10},"end":{"line":280,"column":3}},"loc":{"start":{"line":264,"column":10},"end":{"line":280,"column":3}},"line":264},"16":{"name":"notifyStateChange","decl":{"start":{"line":282,"column":10},"end":{"line":286,"column":3}},"loc":{"start":{"line":282,"column":10},"end":{"line":286,"column":3}},"line":282}},"f":{"0":51,"1":51,"2":29,"3":0,"4":3,"5":27,"6":2,"7":4,"8":5,"9":8,"10":51,"11":37,"12":19,"13":3,"14":5,"15":63,"16":46}}
,"/Users/yao/blueprint/martini/packages/@martini/core/src/defineGame.ts": {"path":"/Users/yao/blueprint/martini/packages/@martini/core/src/defineGame.ts","all":false,"statementMap":{"65":{"start":{"line":66,"column":0},"end":{"line":66,"column":72}},"67":{"start":{"line":68,"column":0},"end":{"line":68,"column":28}},"68":{"start":{"line":69,"column":0},"end":{"line":69,"column":28}},"69":{"start":{"line":70,"column":0},"end":{"line":70,"column":3}},"72":{"start":{"line":73,"column":0},"end":{"line":73,"column":68}},"73":{"start":{"line":74,"column":0},"end":{"line":74,"column":45}},"74":{"start":{"line":75,"column":0},"end":{"line":75,"column":70}},"75":{"start":{"line":76,"column":0},"end":{"line":76,"column":5}},"76":{"start":{"line":77,"column":0},"end":{"line":77,"column":3}},"78":{"start":{"line":79,"column":0},"end":{"line":79,"column":20}},"79":{"start":{"line":80,"column":0},"end":{"line":80,"column":1}}},"s":{"65":1,"67":62,"68":33,"69":33,"72":62,"73":32,"74":2,"75":2,"76":32,"78":60,"79":60},"branchMap":{"0":{"type":"branch","line":66,"loc":{"start":{"line":66,"column":7},"end":{"line":80,"column":1}},"locations":[{"start":{"line":66,"column":7},"end":{"line":80,"column":1}}]},"1":{"type":"branch","line":68,"loc":{"start":{"line":68,"column":27},"end":{"line":70,"column":3}},"locations":[{"start":{"line":68,"column":27},"end":{"line":70,"column":3}}]},"2":{"type":"branch","line":73,"loc":{"start":{"line":73,"column":67},"end":{"line":77,"column":3}},"locations":[{"start":{"line":73,"column":67},"end":{"line":77,"column":3}}]},"3":{"type":"branch","line":74,"loc":{"start":{"line":74,"column":44},"end":{"line":76,"column":5}},"locations":[{"start":{"line":74,"column":44},"end":{"line":76,"column":5}}]},"4":{"type":"branch","line":77,"loc":{"start":{"line":77,"column":2},"end":{"line":80,"column":1}},"locations":[{"start":{"line":77,"column":2},"end":{"line":80,"column":1}}]}},"b":{"0":[62],"1":[33],"2":[32],"3":[2],"4":[60]},"fnMap":{"0":{"name":"defineGame","decl":{"start":{"line":66,"column":7},"end":{"line":80,"column":1}},"loc":{"start":{"line":66,"column":7},"end":{"line":80,"column":1}},"line":66}},"f":{"0":62}}
,"/Users/yao/blueprint/martini/packages/@martini/core/src/sync.ts": {"path":"/Users/yao/blueprint/martini/packages/@martini/core/src/sync.ts","all":false,"statementMap":{"14":{"start":{"line":15,"column":0},"end":{"line":15,"column":69}},"15":{"start":{"line":16,"column":0},"end":{"line":16,"column":30}},"17":{"start":{"line":18,"column":0},"end":{"line":18,"column":64}},"19":{"start":{"line":20,"column":0},"end":{"line":20,"column":80}},"20":{"start":{"line":21,"column":0},"end":{"line":21,"column":30}},"21":{"start":{"line":22,"column":0},"end":{"line":22,"column":61}},"22":{"start":{"line":23,"column":0},"end":{"line":23,"column":7}},"23":{"start":{"line":24,"column":0},"end":{"line":24,"column":13}},"24":{"start":{"line":25,"column":0},"end":{"line":25,"column":5}},"27":{"start":{"line":28,"column":0},"end":{"line":28,"column":32}},"28":{"start":{"line":29,"column":0},"end":{"line":29,"column":70}},"29":{"start":{"line":30,"column":0},"end":{"line":30,"column":61}},"30":{"start":{"line":31,"column":0},"end":{"line":31,"column":15}},"31":{"start":{"line":32,"column":0},"end":{"line":32,"column":7}},"33":{"start":{"line":34,"column":0},"end":{"line":34,"column":47}},"34":{"start":{"line":35,"column":0},"end":{"line":35,"column":57}},"35":{"start":{"line":36,"column":0},"end":{"line":36,"column":7}},"36":{"start":{"line":37,"column":0},"end":{"line":37,"column":13}},"37":{"start":{"line":38,"column":0},"end":{"line":38,"column":5}},"40":{"start":{"line":41,"column":0},"end":{"line":41,"column":37}},"41":{"start":{"line":42,"column":0},"end":{"line":42,"column":48}},"42":{"start":{"line":43,"column":0},"end":{"line":43,"column":48}},"45":{"start":{"line":46,"column":0},"end":{"line":46,"column":34}},"46":{"start":{"line":47,"column":0},"end":{"line":47,"column":31}},"47":{"start":{"line":48,"column":0},"end":{"line":48,"column":63}},"48":{"start":{"line":49,"column":0},"end":{"line":49,"column":9}},"49":{"start":{"line":50,"column":0},"end":{"line":50,"column":7}},"52":{"start":{"line":53,"column":0},"end":{"line":53,"column":34}},"53":{"start":{"line":54,"column":0},"end":{"line":54,"column":31}},"54":{"start":{"line":55,"column":0},"end":{"line":55,"column":80}},"55":{"start":{"line":56,"column":0},"end":{"line":56,"column":16}},"56":{"start":{"line":57,"column":0},"end":{"line":57,"column":57}},"57":{"start":{"line":58,"column":0},"end":{"line":58,"column":9}},"58":{"start":{"line":59,"column":0},"end":{"line":59,"column":7}},"59":{"start":{"line":60,"column":0},"end":{"line":60,"column":13}},"60":{"start":{"line":61,"column":0},"end":{"line":61,"column":5}},"63":{"start":{"line":64,"column":0},"end":{"line":64,"column":28}},"64":{"start":{"line":65,"column":0},"end":{"line":65,"column":59}},"65":{"start":{"line":66,"column":0},"end":{"line":66,"column":5}},"66":{"start":{"line":67,"column":0},"end":{"line":67,"column":3}},"68":{"start":{"line":69,"column":0},"end":{"line":69,"column":27}},"69":{"start":{"line":70,"column":0},"end":{"line":70,"column":17}},"70":{"start":{"line":71,"column":0},"end":{"line":71,"column":1}},"75":{"start":{"line":76,"column":0},"end":{"line":76,"column":60}},"76":{"start":{"line":77,"column":0},"end":{"line":77,"column":36}},"78":{"start":{"line":79,"column":0},"end":{"line":79,"column":26}},"79":{"start":{"line":80,"column":0},"end":{"line":80,"column":79}},"80":{"start":{"line":81,"column":0},"end":{"line":81,"column":3}},"83":{"start":{"line":84,"column":0},"end":{"line":84,"column":22}},"84":{"start":{"line":85,"column":0},"end":{"line":85,"column":45}},"85":{"start":{"line":86,"column":0},"end":{"line":86,"column":24}},"86":{"start":{"line":87,"column":0},"end":{"line":87,"column":28}},"87":{"start":{"line":88,"column":0},"end":{"line":88,"column":24}},"88":{"start":{"line":89,"column":0},"end":{"line":89,"column":5}},"89":{"start":{"line":90,"column":0},"end":{"line":90,"column":27}},"90":{"start":{"line":91,"column":0},"end":{"line":91,"column":3}},"92":{"start":{"line":93,"column":0},"end":{"line":93,"column":41}},"94":{"start":{"line":95,"column":0},"end":{"line":95,"column":15}},"95":{"start":{"line":96,"column":0},"end":{"line":96,"column":15}},"96":{"start":{"line":97,"column":0},"end":{"line":97,"column":19}},"97":{"start":{"line":98,"column":0},"end":{"line":98,"column":32}},"98":{"start":{"line":99,"column":0},"end":{"line":99,"column":12}},"100":{"start":{"line":101,"column":0},"end":{"line":101,"column":18}},"101":{"start":{"line":102,"column":0},"end":{"line":102,"column":35}},"102":{"start":{"line":103,"column":0},"end":{"line":103,"column":44}},"103":{"start":{"line":104,"column":0},"end":{"line":104,"column":14}},"104":{"start":{"line":105,"column":0},"end":{"line":105,"column":33}},"105":{"start":{"line":106,"column":0},"end":{"line":106,"column":7}},"106":{"start":{"line":107,"column":0},"end":{"line":107,"column":12}},"107":{"start":{"line":108,"column":0},"end":{"line":108,"column":3}},"108":{"start":{"line":109,"column":0},"end":{"line":109,"column":1}},"113":{"start":{"line":114,"column":0},"end":{"line":114,"column":41}},"114":{"start":{"line":115,"column":0},"end":{"line":115,"column":58}},"115":{"start":{"line":116,"column":0},"end":{"line":116,"column":65}},"116":{"start":{"line":117,"column":0},"end":{"line":117,"column":75}},"118":{"start":{"line":119,"column":0},"end":{"line":119,"column":25}},"119":{"start":{"line":120,"column":0},"end":{"line":120,"column":26}},"120":{"start":{"line":121,"column":0},"end":{"line":121,"column":57}},"121":{"start":{"line":122,"column":0},"end":{"line":122,"column":40}},"122":{"start":{"line":123,"column":0},"end":{"line":123,"column":5}},"123":{"start":{"line":124,"column":0},"end":{"line":124,"column":3}},"124":{"start":{"line":125,"column":0},"end":{"line":125,"column":16}},"125":{"start":{"line":126,"column":0},"end":{"line":126,"column":1}}},"s":{"14":1,"15":95,"17":95,"19":533,"20":4,"21":4,"22":4,"23":4,"24":4,"27":533,"28":26,"29":6,"30":6,"31":6,"33":26,"34":47,"35":47,"36":20,"37":20,"40":533,"41":230,"42":230,"45":230,"46":398,"47":7,"48":7,"49":398,"52":230,"53":402,"54":11,"55":402,"56":391,"57":391,"58":402,"59":230,"60":230,"63":533,"64":32,"65":32,"66":533,"68":95,"69":95,"70":95,"75":1,"76":47,"78":47,"79":1,"80":1,"83":46,"84":47,"85":52,"86":52,"87":3,"88":3,"89":52,"90":52,"92":46,"94":46,"95":47,"96":47,"97":42,"98":42,"100":47,"101":4,"102":1,"103":4,"104":3,"105":3,"106":4,"107":47,"108":47,"113":1,"114":266,"115":266,"116":266,"118":129,"119":266,"120":177,"121":177,"122":177,"123":177,"124":129,"125":129},"branchMap":{"0":{"type":"branch","line":15,"loc":{"start":{"line":15,"column":7},"end":{"line":71,"column":1}},"locations":[{"start":{"line":15,"column":7},"end":{"line":71,"column":1}}]},"1":{"type":"branch","line":18,"loc":{"start":{"line":18,"column":2},"end":{"line":67,"column":3}},"locations":[{"start":{"line":18,"column":2},"end":{"line":67,"column":3}}]},"2":{"type":"branch","line":20,"loc":{"start":{"line":20,"column":33},"end":{"line":20,"column":62}},"locations":[{"start":{"line":20,"column":33},"end":{"line":20,"column":62}}]},"3":{"type":"branch","line":20,"loc":{"start":{"line":20,"column":54},"end":{"line":20,"column":79}},"locations":[{"start":{"line":20,"column":54},"end":{"line":20,"column":79}}]},"4":{"type":"branch","line":20,"loc":{"start":{"line":20,"column":79},"end":{"line":25,"column":5}},"locations":[{"start":{"line":20,"column":79},"end":{"line":25,"column":5}}]},"5":{"type":"branch","line":25,"loc":{"start":{"line":25,"column":4},"end":{"line":28,"column":31}},"locations":[{"start":{"line":25,"column":4},"end":{"line":28,"column":31}}]},"6":{"type":"branch","line":28,"loc":{"start":{"line":28,"column":31},"end":{"line":38,"column":5}},"locations":[{"start":{"line":28,"column":31},"end":{"line":38,"column":5}}]},"7":{"type":"branch","line":29,"loc":{"start":{"line":29,"column":69},"end":{"line":32,"column":7}},"locations":[{"start":{"line":29,"column":69},"end":{"line":32,"column":7}}]},"8":{"type":"branch","line":32,"loc":{"start":{"line":32,"column":6},"end":{"line":34,"column":46}},"locations":[{"start":{"line":32,"column":6},"end":{"line":34,"column":46}}]},"9":{"type":"branch","line":34,"loc":{"start":{"line":34,"column":46},"end":{"line":36,"column":7}},"locations":[{"start":{"line":34,"column":46},"end":{"line":36,"column":7}}]},"10":{"type":"branch","line":36,"loc":{"start":{"line":36,"column":6},"end":{"line":38,"column":5}},"locations":[{"start":{"line":36,"column":6},"end":{"line":38,"column":5}}]},"11":{"type":"branch","line":38,"loc":{"start":{"line":38,"column":4},"end":{"line":41,"column":36}},"locations":[{"start":{"line":38,"column":4},"end":{"line":41,"column":36}}]},"12":{"type":"branch","line":41,"loc":{"start":{"line":41,"column":36},"end":{"line":61,"column":5}},"locations":[{"start":{"line":41,"column":36},"end":{"line":61,"column":5}}]},"13":{"type":"branch","line":42,"loc":{"start":{"line":42,"column":34},"end":{"line":42,"column":46}},"locations":[{"start":{"line":42,"column":34},"end":{"line":42,"column":46}}]},"14":{"type":"branch","line":43,"loc":{"start":{"line":43,"column":34},"end":{"line":43,"column":46}},"locations":[{"start":{"line":43,"column":34},"end":{"line":43,"column":46}}]},"15":{"type":"branch","line":46,"loc":{"start":{"line":46,"column":33},"end":{"line":50,"column":7}},"locations":[{"start":{"line":46,"column":33},"end":{"line":50,"column":7}}]},"16":{"type":"branch","line":47,"loc":{"start":{"line":47,"column":30},"end":{"line":49,"column":9}},"locations":[{"start":{"line":47,"column":30},"end":{"line":49,"column":9}}]},"17":{"type":"branch","line":53,"loc":{"start":{"line":53,"column":33},"end":{"line":59,"column":7}},"locations":[{"start":{"line":53,"column":33},"end":{"line":59,"column":7}}]},"18":{"type":"branch","line":54,"loc":{"start":{"line":54,"column":30},"end":{"line":56,"column":15}},"locations":[{"start":{"line":54,"column":30},"end":{"line":56,"column":15}}]},"19":{"type":"branch","line":56,"loc":{"start":{"line":56,"column":8},"end":{"line":58,"column":9}},"locations":[{"start":{"line":56,"column":8},"end":{"line":58,"column":9}}]},"20":{"type":"branch","line":61,"loc":{"start":{"line":61,"column":4},"end":{"line":64,"column":27}},"locations":[{"start":{"line":61,"column":4},"end":{"line":64,"column":27}}]},"21":{"type":"branch","line":64,"loc":{"start":{"line":64,"column":27},"end":{"line":66,"column":5}},"locations":[{"start":{"line":64,"column":27},"end":{"line":66,"column":5}}]},"22":{"type":"branch","line":76,"loc":{"start":{"line":76,"column":7},"end":{"line":109,"column":1}},"locations":[{"start":{"line":76,"column":7},"end":{"line":109,"column":1}}]},"23":{"type":"branch","line":79,"loc":{"start":{"line":79,"column":25},"end":{"line":81,"column":3}},"locations":[{"start":{"line":79,"column":25},"end":{"line":81,"column":3}}]},"24":{"type":"branch","line":81,"loc":{"start":{"line":81,"column":2},"end":{"line":85,"column":44}},"locations":[{"start":{"line":81,"column":2},"end":{"line":85,"column":44}}]},"25":{"type":"branch","line":85,"loc":{"start":{"line":85,"column":44},"end":{"line":91,"column":3}},"locations":[{"start":{"line":85,"column":44},"end":{"line":91,"column":3}}]},"26":{"type":"branch","line":87,"loc":{"start":{"line":87,"column":27},"end":{"line":89,"column":5}},"locations":[{"start":{"line":87,"column":27},"end":{"line":89,"column":5}}]},"27":{"type":"branch","line":91,"loc":{"start":{"line":91,"column":2},"end":{"line":95,"column":15}},"locations":[{"start":{"line":91,"column":2},"end":{"line":95,"column":15}}]},"28":{"type":"branch","line":96,"loc":{"start":{"line":96,"column":4},"end":{"line":96,"column":15}},"locations":[{"start":{"line":96,"column":4},"end":{"line":96,"column":15}}]},"29":{"type":"branch","line":97,"loc":{"start":{"line":97,"column":4},"end":{"line":99,"column":12}},"locations":[{"start":{"line":97,"column":4},"end":{"line":99,"column":12}}]},"30":{"type":"branch","line":101,"loc":{"start":{"line":101,"column":4},"end":{"line":107,"column":12}},"locations":[{"start":{"line":101,"column":4},"end":{"line":107,"column":12}}]},"31":{"type":"branch","line":102,"loc":{"start":{"line":102,"column":34},"end":{"line":104,"column":13}},"locations":[{"start":{"line":102,"column":34},"end":{"line":104,"column":13}}]},"32":{"type":"branch","line":104,"loc":{"start":{"line":104,"column":6},"end":{"line":106,"column":7}},"locations":[{"start":{"line":104,"column":6},"end":{"line":106,"column":7}}]},"33":{"type":"branch","line":114,"loc":{"start":{"line":114,"column":7},"end":{"line":126,"column":1}},"locations":[{"start":{"line":114,"column":7},"end":{"line":126,"column":1}}]},"34":{"type":"branch","line":115,"loc":{"start":{"line":115,"column":14},"end":{"line":115,"column":47}},"locations":[{"start":{"line":115,"column":14},"end":{"line":115,"column":47}}]},"35":{"type":"branch","line":115,"loc":{"start":{"line":115,"column":47},"end":{"line":115,"column":58}},"locations":[{"start":{"line":115,"column":47},"end":{"line":115,"column":58}}]},"36":{"type":"branch","line":115,"loc":{"start":{"line":115,"column":54},"end":{"line":116,"column":34}},"locations":[{"start":{"line":115,"column":54},"end":{"line":116,"column":34}}]},"37":{"type":"branch","line":116,"loc":{"start":{"line":116,"column":27},"end":{"line":116,"column":65}},"locations":[{"start":{"line":116,"column":27},"end":{"line":116,"column":65}}]},"38":{"type":"branch","line":116,"loc":{"start":{"line":116,"column":56},"end":{"line":117,"column":35}},"locations":[{"start":{"line":116,"column":56},"end":{"line":117,"column":35}}]},"39":{"type":"branch","line":117,"loc":{"start":{"line":117,"column":28},"end":{"line":117,"column":75}},"locations":[{"start":{"line":117,"column":28},"end":{"line":117,"column":75}}]},"40":{"type":"branch","line":117,"loc":{"start":{"line":117,"column":66},"end":{"line":120,"column":25}},"locations":[{"start":{"line":117,"column":66},"end":{"line":120,"column":25}}]},"41":{"type":"branch","line":120,"loc":{"start":{"line":120,"column":25},"end":{"line":124,"column":3}},"locations":[{"start":{"line":120,"column":25},"end":{"line":124,"column":3}}]},"42":{"type":"branch","line":124,"loc":{"start":{"line":124,"column":2},"end":{"line":126,"column":1}},"locations":[{"start":{"line":124,"column":2},"end":{"line":126,"column":1}}]},"43":{"type":"branch","line":117,"loc":{"start":{"line":117,"column":43},"end":{"line":117,"column":66}},"locations":[{"start":{"line":117,"column":43},"end":{"line":117,"column":66}}]}},"b":{"0":[95],"1":[533],"2":[529],"3":[529],"4":[4],"5":[529],"6":[26],"7":[6],"8":[20],"9":[47],"10":[20],"11":[503],"12":[230],"13":[0],"14":[0],"15":[398],"16":[7],"17":[402],"18":[11],"19":[391],"20":[273],"21":[32],"22":[47],"23":[1],"24":[46],"25":[52],"26":[3],"27":[46],"28":[12],"29":[42],"30":[4],"31":[1],"32":[3],"33":[266],"34":[265],"35":[120],"36":[146],"37":[1],"38":[145],"39":[16],"40":[129],"41":[177],"42":[129],"43":[18]},"fnMap":{"0":{"name":"generateDiff","decl":{"start":{"line":15,"column":7},"end":{"line":71,"column":1}},"loc":{"start":{"line":15,"column":7},"end":{"line":71,"column":1}},"line":15},"1":{"name":"diff","decl":{"start":{"line":18,"column":2},"end":{"line":67,"column":3}},"loc":{"start":{"line":18,"column":2},"end":{"line":67,"column":3}},"line":18},"2":{"name":"applyPatch","decl":{"start":{"line":76,"column":7},"end":{"line":109,"column":1}},"loc":{"start":{"line":76,"column":7},"end":{"line":109,"column":1}},"line":76},"3":{"name":"deepClone","decl":{"start":{"line":114,"column":7},"end":{"line":126,"column":1}},"loc":{"start":{"line":114,"column":7},"end":{"line":126,"column":1}},"line":114}},"f":{"0":95,"1":533,"2":47,"3":266}}
,"/Users/yao/blueprint/martini/packages/@martini/core/src/transport.ts": {"path":"/Users/yao/blueprint/martini/packages/@martini/core/src/transport.ts","all":true,"statementMap":{},"s":{},"branchMap":{"0":{"type":"branch","line":1,"loc":{"start":{"line":1,"column":1416},"end":{"line":48,"column":1}},"locations":[{"start":{"line":1,"column":1416},"end":{"line":48,"column":1}}]}},"b":{"0":[1]},"fnMap":{"0":{"name":"(empty-report)","decl":{"start":{"line":1,"column":1416},"end":{"line":48,"column":1}},"loc":{"start":{"line":1,"column":1416},"end":{"line":48,"column":1}},"line":1}},"f":{"0":1}}
}
