{"/Users/yao/blueprint/martini-kit/packages/@martini-kit/phaser/browser.ts": {"path":"/Users/yao/blueprint/martini-kit/packages/@martini-kit/phaser/browser.ts","all":true,"statementMap":{"5":{"start":{"line":6,"column":0},"end":{"line":6,"column":82}},"6":{"start":{"line":7,"column":0},"end":{"line":7,"column":52}},"7":{"start":{"line":8,"column":0},"end":{"line":8,"column":64}},"20":{"start":{"line":21,"column":0},"end":{"line":21,"column":16}},"21":{"start":{"line":22,"column":0},"end":{"line":22,"column":13}},"22":{"start":{"line":23,"column":0},"end":{"line":23,"column":14}},"23":{"start":{"line":24,"column":0},"end":{"line":24,"column":15}},"24":{"start":{"line":25,"column":0},"end":{"line":25,"column":13}},"25":{"start":{"line":26,"column":0},"end":{"line":26,"column":16}},"26":{"start":{"line":27,"column":0},"end":{"line":27,"column":19}},"27":{"start":{"line":28,"column":0},"end":{"line":28,"column":2}}},"s":{"5":0,"6":0,"7":0,"20":0,"21":0,"22":0,"23":0,"24":0,"25":0,"26":0,"27":0},"branchMap":{"0":{"type":"branch","line":1,"loc":{"start":{"line":1,"column":626},"end":{"line":28,"column":2}},"locations":[{"start":{"line":1,"column":626},"end":{"line":28,"column":2}}]}},"b":{"0":[1]},"fnMap":{"0":{"name":"(empty-report)","decl":{"start":{"line":1,"column":626},"end":{"line":28,"column":2}},"loc":{"start":{"line":1,"column":626},"end":{"line":28,"column":2}},"line":1}},"f":{"0":1}}
,"/Users/yao/blueprint/martini-kit/packages/@martini-kit/phaser/src/PhaserAdapter.ts": {"path":"/Users/yao/blueprint/martini-kit/packages/@martini-kit/phaser/src/PhaserAdapter.ts","all":false,"statementMap":{"30":{"start":{"line":31,"column":0},"end":{"line":31,"column":28}},"31":{"start":{"line":32,"column":0},"end":{"line":32,"column":99}},"32":{"start":{"line":33,"column":0},"end":{"line":33,"column":92}},"33":{"start":{"line":34,"column":0},"end":{"line":34,"column":37}},"35":{"start":{"line":36,"column":0},"end":{"line":36,"column":14}},"36":{"start":{"line":37,"column":0},"end":{"line":37,"column":33}},"37":{"start":{"line":38,"column":0},"end":{"line":38,"column":38}},"38":{"start":{"line":39,"column":0},"end":{"line":39,"column":5}},"40":{"start":{"line":41,"column":0},"end":{"line":41,"column":41}},"41":{"start":{"line":42,"column":0},"end":{"line":42,"column":28}},"42":{"start":{"line":43,"column":0},"end":{"line":43,"column":28}},"43":{"start":{"line":44,"column":0},"end":{"line":44,"column":7}},"44":{"start":{"line":45,"column":0},"end":{"line":45,"column":7}},"47":{"start":{"line":48,"column":0},"end":{"line":48,"column":38}},"48":{"start":{"line":49,"column":0},"end":{"line":49,"column":27}},"49":{"start":{"line":50,"column":0},"end":{"line":50,"column":43}},"50":{"start":{"line":51,"column":0},"end":{"line":51,"column":7}},"51":{"start":{"line":52,"column":0},"end":{"line":52,"column":7}},"52":{"start":{"line":53,"column":0},"end":{"line":53,"column":3}},"57":{"start":{"line":58,"column":0},"end":{"line":58,"column":22}},"58":{"start":{"line":59,"column":0},"end":{"line":59,"column":53}},"59":{"start":{"line":60,"column":0},"end":{"line":60,"column":3}},"64":{"start":{"line":65,"column":0},"end":{"line":65,"column":21}},"65":{"start":{"line":66,"column":0},"end":{"line":66,"column":48}},"66":{"start":{"line":67,"column":0},"end":{"line":67,"column":3}},"81":{"start":{"line":82,"column":0},"end":{"line":82,"column":84}},"82":{"start":{"line":83,"column":0},"end":{"line":83,"column":54}},"85":{"start":{"line":86,"column":0},"end":{"line":86,"column":24}},"86":{"start":{"line":87,"column":0},"end":{"line":87,"column":51}},"89":{"start":{"line":90,"column":0},"end":{"line":90,"column":33}},"90":{"start":{"line":91,"column":0},"end":{"line":91,"column":52}},"91":{"start":{"line":92,"column":0},"end":{"line":92,"column":81}},"92":{"start":{"line":93,"column":0},"end":{"line":93,"column":7}},"93":{"start":{"line":94,"column":0},"end":{"line":94,"column":5}},"94":{"start":{"line":95,"column":0},"end":{"line":95,"column":3}},"99":{"start":{"line":100,"column":0},"end":{"line":100,"column":36}},"100":{"start":{"line":101,"column":0},"end":{"line":101,"column":36}},"103":{"start":{"line":104,"column":0},"end":{"line":104,"column":41}},"104":{"start":{"line":105,"column":0},"end":{"line":105,"column":50}},"105":{"start":{"line":106,"column":0},"end":{"line":106,"column":35}},"106":{"start":{"line":107,"column":0},"end":{"line":107,"column":7}},"107":{"start":{"line":108,"column":0},"end":{"line":108,"column":7}},"110":{"start":{"line":111,"column":0},"end":{"line":111,"column":64}},"111":{"start":{"line":112,"column":0},"end":{"line":112,"column":41}},"112":{"start":{"line":113,"column":0},"end":{"line":113,"column":33}},"113":{"start":{"line":114,"column":0},"end":{"line":114,"column":5}},"114":{"start":{"line":115,"column":0},"end":{"line":115,"column":3}},"119":{"start":{"line":120,"column":0},"end":{"line":120,"column":52}},"120":{"start":{"line":121,"column":0},"end":{"line":121,"column":52}},"121":{"start":{"line":122,"column":0},"end":{"line":122,"column":3}},"126":{"start":{"line":127,"column":0},"end":{"line":127,"column":89}},"127":{"start":{"line":128,"column":0},"end":{"line":128,"column":79}},"128":{"start":{"line":129,"column":0},"end":{"line":129,"column":34}},"129":{"start":{"line":130,"column":0},"end":{"line":130,"column":7}},"130":{"start":{"line":131,"column":0},"end":{"line":131,"column":3}},"135":{"start":{"line":136,"column":0},"end":{"line":136,"column":19}},"136":{"start":{"line":137,"column":0},"end":{"line":137,"column":30}},"137":{"start":{"line":138,"column":0},"end":{"line":138,"column":41}},"138":{"start":{"line":139,"column":0},"end":{"line":139,"column":5}},"139":{"start":{"line":140,"column":0},"end":{"line":140,"column":32}},"140":{"start":{"line":141,"column":0},"end":{"line":141,"column":31}},"141":{"start":{"line":142,"column":0},"end":{"line":142,"column":3}},"150":{"start":{"line":151,"column":0},"end":{"line":151,"column":34}},"151":{"start":{"line":152,"column":0},"end":{"line":152,"column":31}},"153":{"start":{"line":154,"column":0},"end":{"line":154,"column":77}},"154":{"start":{"line":155,"column":0},"end":{"line":155,"column":51}},"155":{"start":{"line":156,"column":0},"end":{"line":156,"column":5}},"156":{"start":{"line":157,"column":0},"end":{"line":157,"column":3}},"161":{"start":{"line":162,"column":0},"end":{"line":162,"column":93}},"162":{"start":{"line":163,"column":0},"end":{"line":163,"column":77}},"163":{"start":{"line":164,"column":0},"end":{"line":164,"column":28}},"165":{"start":{"line":166,"column":0},"end":{"line":166,"column":36}},"166":{"start":{"line":167,"column":0},"end":{"line":167,"column":27}},"167":{"start":{"line":168,"column":0},"end":{"line":168,"column":37}},"168":{"start":{"line":169,"column":0},"end":{"line":169,"column":7}},"169":{"start":{"line":170,"column":0},"end":{"line":170,"column":5}},"172":{"start":{"line":173,"column":0},"end":{"line":173,"column":41}},"173":{"start":{"line":174,"column":0},"end":{"line":174,"column":28}},"174":{"start":{"line":175,"column":0},"end":{"line":175,"column":28}},"175":{"start":{"line":176,"column":0},"end":{"line":176,"column":7}},"176":{"start":{"line":177,"column":0},"end":{"line":177,"column":67}},"177":{"start":{"line":178,"column":0},"end":{"line":178,"column":7}},"178":{"start":{"line":179,"column":0},"end":{"line":179,"column":3}},"183":{"start":{"line":184,"column":0},"end":{"line":184,"column":52}},"184":{"start":{"line":185,"column":0},"end":{"line":185,"column":49}},"187":{"start":{"line":188,"column":0},"end":{"line":188,"column":65}},"188":{"start":{"line":189,"column":0},"end":{"line":189,"column":45}},"189":{"start":{"line":190,"column":0},"end":{"line":190,"column":23}},"190":{"start":{"line":191,"column":0},"end":{"line":191,"column":57}},"191":{"start":{"line":192,"column":0},"end":{"line":192,"column":7}},"192":{"start":{"line":193,"column":0},"end":{"line":193,"column":5}},"196":{"start":{"line":197,"column":0},"end":{"line":197,"column":69}},"198":{"start":{"line":199,"column":0},"end":{"line":199,"column":49}},"201":{"start":{"line":202,"column":0},"end":{"line":202,"column":55}},"202":{"start":{"line":203,"column":0},"end":{"line":203,"column":25}},"204":{"start":{"line":205,"column":0},"end":{"line":205,"column":54}},"205":{"start":{"line":206,"column":0},"end":{"line":206,"column":54}},"206":{"start":{"line":207,"column":0},"end":{"line":207,"column":68}},"209":{"start":{"line":210,"column":0},"end":{"line":210,"column":82}},"210":{"start":{"line":211,"column":0},"end":{"line":211,"column":49}},"211":{"start":{"line":212,"column":0},"end":{"line":212,"column":49}},"212":{"start":{"line":213,"column":0},"end":{"line":213,"column":68}},"213":{"start":{"line":214,"column":0},"end":{"line":214,"column":9}},"214":{"start":{"line":215,"column":0},"end":{"line":215,"column":7}},"215":{"start":{"line":216,"column":0},"end":{"line":216,"column":5}},"216":{"start":{"line":217,"column":0},"end":{"line":217,"column":3}},"221":{"start":{"line":222,"column":0},"end":{"line":222,"column":57}},"222":{"start":{"line":223,"column":0},"end":{"line":223,"column":39}},"223":{"start":{"line":224,"column":0},"end":{"line":224,"column":39}},"224":{"start":{"line":225,"column":0},"end":{"line":225,"column":60}},"225":{"start":{"line":226,"column":0},"end":{"line":226,"column":51}},"226":{"start":{"line":227,"column":0},"end":{"line":227,"column":54}},"227":{"start":{"line":228,"column":0},"end":{"line":228,"column":54}},"228":{"start":{"line":229,"column":0},"end":{"line":229,"column":57}},"229":{"start":{"line":230,"column":0},"end":{"line":230,"column":3}},"246":{"start":{"line":247,"column":0},"end":{"line":247,"column":56}},"247":{"start":{"line":248,"column":0},"end":{"line":248,"column":40}},"248":{"start":{"line":249,"column":0},"end":{"line":249,"column":3}},"254":{"start":{"line":255,"column":0},"end":{"line":255,"column":31}},"255":{"start":{"line":256,"column":0},"end":{"line":256,"column":58}},"257":{"start":{"line":258,"column":0},"end":{"line":258,"column":86}},"259":{"start":{"line":260,"column":0},"end":{"line":260,"column":63}},"260":{"start":{"line":261,"column":0},"end":{"line":261,"column":42}},"262":{"start":{"line":263,"column":0},"end":{"line":263,"column":62}},"263":{"start":{"line":264,"column":0},"end":{"line":264,"column":62}},"265":{"start":{"line":266,"column":0},"end":{"line":266,"column":51}},"266":{"start":{"line":267,"column":0},"end":{"line":267,"column":85}},"267":{"start":{"line":268,"column":0},"end":{"line":268,"column":9}},"268":{"start":{"line":269,"column":0},"end":{"line":269,"column":7}},"269":{"start":{"line":270,"column":0},"end":{"line":270,"column":5}},"270":{"start":{"line":271,"column":0},"end":{"line":271,"column":3}},"275":{"start":{"line":276,"column":0},"end":{"line":276,"column":45}},"276":{"start":{"line":277,"column":0},"end":{"line":277,"column":47}},"277":{"start":{"line":278,"column":0},"end":{"line":278,"column":35}},"278":{"start":{"line":279,"column":0},"end":{"line":279,"column":23}},"279":{"start":{"line":280,"column":0},"end":{"line":280,"column":5}},"280":{"start":{"line":281,"column":0},"end":{"line":281,"column":35}},"281":{"start":{"line":282,"column":0},"end":{"line":282,"column":3}},"286":{"start":{"line":287,"column":0},"end":{"line":287,"column":56}},"287":{"start":{"line":288,"column":0},"end":{"line":288,"column":43}},"288":{"start":{"line":289,"column":0},"end":{"line":289,"column":3}},"289":{"start":{"line":290,"column":0},"end":{"line":290,"column":1}}},"s":{"30":1,"31":29,"32":29,"33":29,"35":29,"36":29,"37":29,"38":29,"40":29,"41":29,"42":29,"43":29,"44":29,"47":29,"48":20,"49":5,"50":5,"51":29,"52":29,"57":29,"58":1,"59":1,"64":29,"65":47,"66":47,"81":29,"82":12,"85":12,"86":11,"89":11,"90":9,"91":9,"92":9,"93":11,"94":12,"99":29,"100":1,"103":1,"104":1,"105":1,"106":1,"107":1,"110":1,"111":1,"112":1,"113":1,"114":1,"119":29,"120":1,"121":1,"126":29,"127":2,"128":2,"129":2,"130":2,"135":29,"136":3,"137":3,"138":3,"139":3,"140":3,"141":3,"150":29,"151":1,"153":1,"154":1,"155":1,"156":1,"161":29,"162":12,"163":12,"165":12,"166":50,"167":27,"168":27,"169":50,"172":12,"173":12,"174":0,"175":0,"176":12,"177":12,"178":12,"183":29,"184":5,"187":5,"188":1,"189":1,"190":1,"191":1,"192":1,"196":4,"198":4,"201":3,"202":4,"204":2,"205":2,"206":2,"209":2,"210":1,"211":1,"212":1,"213":1,"214":2,"215":4,"216":5,"221":29,"222":1,"223":1,"224":1,"225":1,"226":1,"227":1,"228":1,"229":1,"246":29,"247":8,"248":8,"254":29,"255":7,"257":6,"259":7,"260":5,"262":4,"263":4,"265":4,"266":1,"267":1,"268":4,"269":5,"270":7,"275":29,"276":2,"277":2,"278":1,"279":1,"280":2,"281":2,"286":29,"287":1,"288":1,"289":29},"branchMap":{"0":{"type":"branch","line":31,"loc":{"start":{"line":31,"column":27},"end":{"line":290,"column":1}},"locations":[{"start":{"line":31,"column":27},"end":{"line":290,"column":1}}]},"1":{"type":"branch","line":36,"loc":{"start":{"line":36,"column":2},"end":{"line":53,"column":3}},"locations":[{"start":{"line":36,"column":2},"end":{"line":53,"column":3}}]},"2":{"type":"branch","line":41,"loc":{"start":{"line":41,"column":29},"end":{"line":45,"column":5}},"locations":[{"start":{"line":41,"column":29},"end":{"line":45,"column":5}}]},"3":{"type":"branch","line":48,"loc":{"start":{"line":48,"column":26},"end":{"line":52,"column":5}},"locations":[{"start":{"line":48,"column":26},"end":{"line":52,"column":5}}]},"4":{"type":"branch","line":49,"loc":{"start":{"line":49,"column":26},"end":{"line":51,"column":7}},"locations":[{"start":{"line":49,"column":26},"end":{"line":51,"column":7}}]},"5":{"type":"branch","line":58,"loc":{"start":{"line":58,"column":2},"end":{"line":60,"column":3}},"locations":[{"start":{"line":58,"column":2},"end":{"line":60,"column":3}}]},"6":{"type":"branch","line":65,"loc":{"start":{"line":65,"column":2},"end":{"line":67,"column":3}},"locations":[{"start":{"line":65,"column":2},"end":{"line":67,"column":3}}]},"7":{"type":"branch","line":82,"loc":{"start":{"line":82,"column":2},"end":{"line":95,"column":3}},"locations":[{"start":{"line":82,"column":2},"end":{"line":95,"column":3}}]},"8":{"type":"branch","line":86,"loc":{"start":{"line":86,"column":23},"end":{"line":94,"column":5}},"locations":[{"start":{"line":86,"column":23},"end":{"line":94,"column":5}}]},"9":{"type":"branch","line":90,"loc":{"start":{"line":90,"column":32},"end":{"line":93,"column":7}},"locations":[{"start":{"line":90,"column":32},"end":{"line":93,"column":7}}]},"10":{"type":"branch","line":91,"loc":{"start":{"line":91,"column":33},"end":{"line":91,"column":52}},"locations":[{"start":{"line":91,"column":33},"end":{"line":91,"column":52}}]},"11":{"type":"branch","line":92,"loc":{"start":{"line":92,"column":42},"end":{"line":92,"column":71}},"locations":[{"start":{"line":92,"column":42},"end":{"line":92,"column":71}}]},"12":{"type":"branch","line":100,"loc":{"start":{"line":100,"column":2},"end":{"line":115,"column":3}},"locations":[{"start":{"line":100,"column":2},"end":{"line":115,"column":3}}]},"13":{"type":"branch","line":104,"loc":{"start":{"line":104,"column":29},"end":{"line":108,"column":5}},"locations":[{"start":{"line":104,"column":29},"end":{"line":108,"column":5}}]},"14":{"type":"branch","line":120,"loc":{"start":{"line":120,"column":2},"end":{"line":122,"column":3}},"locations":[{"start":{"line":120,"column":2},"end":{"line":122,"column":3}}]},"15":{"type":"branch","line":127,"loc":{"start":{"line":127,"column":2},"end":{"line":131,"column":3}},"locations":[{"start":{"line":127,"column":2},"end":{"line":131,"column":3}}]},"16":{"type":"branch","line":128,"loc":{"start":{"line":128,"column":43},"end":{"line":130,"column":5}},"locations":[{"start":{"line":128,"column":43},"end":{"line":130,"column":5}}]},"17":{"type":"branch","line":136,"loc":{"start":{"line":136,"column":2},"end":{"line":142,"column":3}},"locations":[{"start":{"line":136,"column":2},"end":{"line":142,"column":3}}]},"18":{"type":"branch","line":151,"loc":{"start":{"line":151,"column":10},"end":{"line":157,"column":3}},"locations":[{"start":{"line":151,"column":10},"end":{"line":157,"column":3}}]},"19":{"type":"branch","line":152,"loc":{"start":{"line":152,"column":24},"end":{"line":152,"column":31}},"locations":[{"start":{"line":152,"column":24},"end":{"line":152,"column":31}}]},"20":{"type":"branch","line":162,"loc":{"start":{"line":162,"column":10},"end":{"line":179,"column":3}},"locations":[{"start":{"line":162,"column":10},"end":{"line":179,"column":3}}]},"21":{"type":"branch","line":163,"loc":{"start":{"line":163,"column":31},"end":{"line":163,"column":77}},"locations":[{"start":{"line":163,"column":31},"end":{"line":163,"column":77}}]},"22":{"type":"branch","line":166,"loc":{"start":{"line":166,"column":35},"end":{"line":170,"column":5}},"locations":[{"start":{"line":166,"column":35},"end":{"line":170,"column":5}}]},"23":{"type":"branch","line":167,"loc":{"start":{"line":167,"column":26},"end":{"line":169,"column":7}},"locations":[{"start":{"line":167,"column":26},"end":{"line":169,"column":7}}]},"24":{"type":"branch","line":173,"loc":{"start":{"line":173,"column":29},"end":{"line":178,"column":5}},"locations":[{"start":{"line":173,"column":29},"end":{"line":178,"column":5}}]},"25":{"type":"branch","line":174,"loc":{"start":{"line":174,"column":27},"end":{"line":176,"column":7}},"locations":[{"start":{"line":174,"column":27},"end":{"line":176,"column":7}}]},"26":{"type":"branch","line":184,"loc":{"start":{"line":184,"column":10},"end":{"line":217,"column":3}},"locations":[{"start":{"line":184,"column":10},"end":{"line":217,"column":3}}]},"27":{"type":"branch","line":185,"loc":{"start":{"line":185,"column":42},"end":{"line":185,"column":49}},"locations":[{"start":{"line":185,"column":42},"end":{"line":185,"column":49}}]},"28":{"type":"branch","line":185,"loc":{"start":{"line":185,"column":42},"end":{"line":188,"column":64}},"locations":[{"start":{"line":185,"column":42},"end":{"line":188,"column":64}}]},"29":{"type":"branch","line":188,"loc":{"start":{"line":188,"column":64},"end":{"line":193,"column":5}},"locations":[{"start":{"line":188,"column":64},"end":{"line":193,"column":5}}]},"30":{"type":"branch","line":193,"loc":{"start":{"line":193,"column":4},"end":{"line":216,"column":5}},"locations":[{"start":{"line":193,"column":4},"end":{"line":216,"column":5}}]},"31":{"type":"branch","line":199,"loc":{"start":{"line":199,"column":40},"end":{"line":199,"column":49}},"locations":[{"start":{"line":199,"column":40},"end":{"line":199,"column":49}}]},"32":{"type":"branch","line":199,"loc":{"start":{"line":199,"column":40},"end":{"line":203,"column":24}},"locations":[{"start":{"line":199,"column":40},"end":{"line":203,"column":24}}]},"33":{"type":"branch","line":203,"loc":{"start":{"line":203,"column":24},"end":{"line":215,"column":7}},"locations":[{"start":{"line":203,"column":24},"end":{"line":215,"column":7}}]},"34":{"type":"branch","line":210,"loc":{"start":{"line":210,"column":81},"end":{"line":214,"column":9}},"locations":[{"start":{"line":210,"column":81},"end":{"line":214,"column":9}}]},"35":{"type":"branch","line":222,"loc":{"start":{"line":222,"column":10},"end":{"line":230,"column":3}},"locations":[{"start":{"line":222,"column":10},"end":{"line":230,"column":3}}]},"36":{"type":"branch","line":225,"loc":{"start":{"line":225,"column":28},"end":{"line":225,"column":60}},"locations":[{"start":{"line":225,"column":28},"end":{"line":225,"column":60}}]},"37":{"type":"branch","line":226,"loc":{"start":{"line":226,"column":25},"end":{"line":226,"column":51}},"locations":[{"start":{"line":226,"column":25},"end":{"line":226,"column":51}}]},"38":{"type":"branch","line":227,"loc":{"start":{"line":227,"column":26},"end":{"line":227,"column":54}},"locations":[{"start":{"line":227,"column":26},"end":{"line":227,"column":54}}]},"39":{"type":"branch","line":228,"loc":{"start":{"line":228,"column":26},"end":{"line":228,"column":54}},"locations":[{"start":{"line":228,"column":26},"end":{"line":228,"column":54}}]},"40":{"type":"branch","line":229,"loc":{"start":{"line":229,"column":27},"end":{"line":229,"column":57}},"locations":[{"start":{"line":229,"column":27},"end":{"line":229,"column":57}}]},"41":{"type":"branch","line":247,"loc":{"start":{"line":247,"column":2},"end":{"line":249,"column":3}},"locations":[{"start":{"line":247,"column":2},"end":{"line":249,"column":3}}]},"42":{"type":"branch","line":255,"loc":{"start":{"line":255,"column":2},"end":{"line":271,"column":3}},"locations":[{"start":{"line":255,"column":2},"end":{"line":271,"column":3}}]},"43":{"type":"branch","line":256,"loc":{"start":{"line":256,"column":23},"end":{"line":256,"column":58}},"locations":[{"start":{"line":256,"column":23},"end":{"line":256,"column":58}}]},"44":{"type":"branch","line":256,"loc":{"start":{"line":256,"column":23},"end":{"line":260,"column":62}},"locations":[{"start":{"line":256,"column":23},"end":{"line":260,"column":62}}]},"45":{"type":"branch","line":260,"loc":{"start":{"line":260,"column":62},"end":{"line":270,"column":5}},"locations":[{"start":{"line":260,"column":62},"end":{"line":270,"column":5}}]},"46":{"type":"branch","line":261,"loc":{"start":{"line":261,"column":41},"end":{"line":269,"column":7}},"locations":[{"start":{"line":261,"column":41},"end":{"line":269,"column":7}}]},"47":{"type":"branch","line":266,"loc":{"start":{"line":266,"column":50},"end":{"line":268,"column":9}},"locations":[{"start":{"line":266,"column":50},"end":{"line":268,"column":9}}]},"48":{"type":"branch","line":270,"loc":{"start":{"line":270,"column":4},"end":{"line":270,"column":5}},"locations":[{"start":{"line":270,"column":4},"end":{"line":270,"column":5}}]},"49":{"type":"branch","line":276,"loc":{"start":{"line":276,"column":2},"end":{"line":282,"column":3}},"locations":[{"start":{"line":276,"column":2},"end":{"line":282,"column":3}}]},"50":{"type":"branch","line":278,"loc":{"start":{"line":278,"column":34},"end":{"line":280,"column":5}},"locations":[{"start":{"line":278,"column":34},"end":{"line":280,"column":5}}]},"51":{"type":"branch","line":287,"loc":{"start":{"line":287,"column":2},"end":{"line":289,"column":3}},"locations":[{"start":{"line":287,"column":2},"end":{"line":289,"column":3}}]}},"b":{"0":[29],"1":[29],"2":[29],"3":[20],"4":[5],"5":[1],"6":[47],"7":[12],"8":[11],"9":[9],"10":[8],"11":[1],"12":[1],"13":[1],"14":[1],"15":[2],"16":[2],"17":[3],"18":[1],"19":[0],"20":[12],"21":[11],"22":[50],"23":[27],"24":[12],"25":[0],"26":[5],"27":[1],"28":[4],"29":[1],"30":[4],"31":[1],"32":[3],"33":[2],"34":[1],"35":[1],"36":[0],"37":[0],"38":[0],"39":[0],"40":[0],"41":[8],"42":[7],"43":[1],"44":[6],"45":[5],"46":[4],"47":[1],"48":[6],"49":[2],"50":[1],"51":[1]},"fnMap":{"0":{"name":"<instance_members_initializer>","decl":{"start":{"line":31,"column":27},"end":{"line":290,"column":1}},"loc":{"start":{"line":31,"column":27},"end":{"line":290,"column":1}},"line":31},"1":{"name":"PhaserAdapter","decl":{"start":{"line":36,"column":2},"end":{"line":53,"column":3}},"loc":{"start":{"line":36,"column":2},"end":{"line":53,"column":3}},"line":36},"2":{"name":"get myId","decl":{"start":{"line":58,"column":2},"end":{"line":60,"column":3}},"loc":{"start":{"line":58,"column":2},"end":{"line":60,"column":3}},"line":58},"3":{"name":"isHost","decl":{"start":{"line":65,"column":2},"end":{"line":67,"column":3}},"loc":{"start":{"line":65,"column":2},"end":{"line":67,"column":3}},"line":65},"4":{"name":"trackSprite","decl":{"start":{"line":82,"column":2},"end":{"line":95,"column":3}},"loc":{"start":{"line":82,"column":2},"end":{"line":95,"column":3}},"line":82},"5":{"name":"untrackSprite","decl":{"start":{"line":100,"column":2},"end":{"line":115,"column":3}},"loc":{"start":{"line":100,"column":2},"end":{"line":115,"column":3}},"line":100},"6":{"name":"broadcast","decl":{"start":{"line":120,"column":2},"end":{"line":122,"column":3}},"loc":{"start":{"line":120,"column":2},"end":{"line":122,"column":3}},"line":120},"7":{"name":"on","decl":{"start":{"line":127,"column":2},"end":{"line":131,"column":3}},"loc":{"start":{"line":127,"column":2},"end":{"line":131,"column":3}},"line":127},"8":{"name":"destroy","decl":{"start":{"line":136,"column":2},"end":{"line":142,"column":3}},"loc":{"start":{"line":136,"column":2},"end":{"line":142,"column":3}},"line":136},"9":{"name":"syncAllSprites","decl":{"start":{"line":151,"column":10},"end":{"line":157,"column":3}},"loc":{"start":{"line":151,"column":10},"end":{"line":157,"column":3}},"line":151},"10":{"name":"syncSpriteToState","decl":{"start":{"line":162,"column":10},"end":{"line":179,"column":3}},"loc":{"start":{"line":162,"column":10},"end":{"line":179,"column":3}},"line":162},"11":{"name":"updateSpritesFromState","decl":{"start":{"line":184,"column":10},"end":{"line":217,"column":3}},"loc":{"start":{"line":184,"column":10},"end":{"line":217,"column":3}},"line":184},"12":{"name":"applySpriteData","decl":{"start":{"line":222,"column":10},"end":{"line":230,"column":3}},"loc":{"start":{"line":222,"column":10},"end":{"line":230,"column":3}},"line":222},"13":{"name":"registerRemoteSprite","decl":{"start":{"line":247,"column":2},"end":{"line":249,"column":3}},"loc":{"start":{"line":247,"column":2},"end":{"line":249,"column":3}},"line":247},"14":{"name":"updateInterpolation","decl":{"start":{"line":255,"column":2},"end":{"line":271,"column":3}},"loc":{"start":{"line":255,"column":2},"end":{"line":271,"column":3}},"line":255},"15":{"name":"unregisterRemoteSprite","decl":{"start":{"line":276,"column":2},"end":{"line":282,"column":3}},"loc":{"start":{"line":276,"column":2},"end":{"line":282,"column":3}},"line":276},"16":{"name":"onChange","decl":{"start":{"line":287,"column":2},"end":{"line":289,"column":3}},"loc":{"start":{"line":287,"column":2},"end":{"line":289,"column":3}},"line":287}},"f":{"0":29,"1":29,"2":1,"3":47,"4":12,"5":1,"6":1,"7":2,"8":3,"9":1,"10":12,"11":5,"12":1,"13":8,"14":7,"15":2,"16":1}}
,"/Users/yao/blueprint/martini-kit/packages/@martini-kit/phaser/src/index.ts": {"path":"/Users/yao/blueprint/martini-kit/packages/@martini-kit/phaser/src/index.ts","all":true,"statementMap":{"8":{"start":{"line":9,"column":0},"end":{"line":9,"column":48}}},"s":{"8":0},"branchMap":{"0":{"type":"branch","line":1,"loc":{"start":{"line":1,"column":415},"end":{"line":13,"column":76}},"locations":[{"start":{"line":1,"column":415},"end":{"line":13,"column":76}}]}},"b":{"0":[1]},"fnMap":{"0":{"name":"(empty-report)","decl":{"start":{"line":1,"column":415},"end":{"line":13,"column":76}},"loc":{"start":{"line":1,"column":415},"end":{"line":13,"column":76}},"line":1}},"f":{"0":1}}
}
