<?xml version="1.0" encoding="UTF-8"?>
<coverage generated="1763027337465" clover="3.2.0">
  <project timestamp="1763027337465" name="All files">
    <metrics statements="122" coveredstatements="121" conditionals="47" coveredconditionals="45" methods="21" coveredmethods="21" elements="190" coveredelements="187" complexity="0" loc="122" ncloc="122" packages="1" files="2" classes="2"/>
    <file name="LocalTransport.ts" path="/Users/yao/blueprint/martini-kit/packages/@martini-kit/transport-local/src/LocalTransport.ts">
      <metrics statements="121" coveredstatements="121" conditionals="46" coveredconditionals="44" methods="20" coveredmethods="20"/>
      <line num="20" count="1" type="cond" truecount="1" falsecount="0"/>
      <line num="21" count="1" type="stmt"/>
      <line num="23" count="1" type="cond" truecount="1" falsecount="0"/>
      <line num="24" count="147" type="cond" truecount="1" falsecount="0"/>
      <line num="25" count="45" type="stmt"/>
      <line num="26" count="45" type="stmt"/>
      <line num="27" count="147" type="stmt"/>
      <line num="30" count="147" type="stmt"/>
      <line num="31" count="147" type="cond" truecount="1" falsecount="0"/>
      <line num="32" count="1437" type="cond" truecount="1" falsecount="0"/>
      <line num="34" count="1290" type="stmt"/>
      <line num="36" count="1290" type="stmt"/>
      <line num="37" count="1290" type="stmt"/>
      <line num="38" count="1437" type="stmt"/>
      <line num="39" count="147" type="stmt"/>
      <line num="41" count="1" type="cond" truecount="1" falsecount="0"/>
      <line num="42" count="174" type="stmt"/>
      <line num="43" count="174" type="cond" truecount="2" falsecount="0"/>
      <line num="46" count="155" type="stmt"/>
      <line num="48" count="155" type="stmt"/>
      <line num="51" count="174" type="cond" truecount="1" falsecount="0"/>
      <line num="52" count="1299" type="stmt"/>
      <line num="53" count="1299" type="cond" truecount="1" falsecount="0"/>
      <line num="55" count="174" type="cond" truecount="1" falsecount="0"/>
      <line num="56" count="45" type="stmt"/>
      <line num="57" count="45" type="stmt"/>
      <line num="58" count="174" type="stmt"/>
      <line num="60" count="1" type="cond" truecount="1" falsecount="0"/>
      <line num="61" count="141" type="stmt"/>
      <line num="62" count="141" type="cond" truecount="0" falsecount="1"/>
      <line num="63" count="141" type="cond" truecount="1" falsecount="0"/>
      <line num="64" count="141" type="stmt"/>
      <line num="66" count="1" type="cond" truecount="1" falsecount="0"/>
      <line num="67" count="111" type="stmt"/>
      <line num="68" count="111" type="stmt"/>
      <line num="69" count="111" type="stmt"/>
      <line num="70" count="111" type="stmt"/>
      <line num="71" count="111" type="stmt"/>
      <line num="73" count="1" type="cond" truecount="1" falsecount="0"/>
      <line num="74" count="4" type="stmt"/>
      <line num="75" count="4" type="cond" truecount="0" falsecount="1"/>
      <line num="77" count="4" type="cond" truecount="1" falsecount="0"/>
      <line num="78" count="4" type="cond" truecount="1" falsecount="0"/>
      <line num="79" count="3" type="stmt"/>
      <line num="80" count="3" type="stmt"/>
      <line num="81" count="4" type="stmt"/>
      <line num="82" count="1" type="stmt"/>
      <line num="90" count="1" type="cond" truecount="1" falsecount="0"/>
      <line num="91" count="147" type="stmt"/>
      <line num="92" count="147" type="stmt"/>
      <line num="93" count="147" type="stmt"/>
      <line num="95" count="147" type="stmt"/>
      <line num="96" count="147" type="stmt"/>
      <line num="97" count="147" type="stmt"/>
      <line num="98" count="147" type="stmt"/>
      <line num="100" count="147" type="cond" truecount="1" falsecount="0"/>
      <line num="101" count="147" type="stmt"/>
      <line num="102" count="147" type="cond" truecount="1" falsecount="0"/>
      <line num="103" count="147" type="stmt"/>
      <line num="106" count="147" type="stmt"/>
      <line num="107" count="147" type="stmt"/>
      <line num="109" count="147" type="cond" truecount="1" falsecount="0"/>
      <line num="110" count="115" type="cond" truecount="1" falsecount="0"/>
      <line num="112" count="4" type="stmt"/>
      <line num="113" count="115" type="cond" truecount="1" falsecount="0"/>
      <line num="115" count="111" type="stmt"/>
      <line num="116" count="111" type="stmt"/>
      <line num="117" count="115" type="stmt"/>
      <line num="119" count="147" type="cond" truecount="1" falsecount="0"/>
      <line num="120" count="18" type="stmt"/>
      <line num="121" count="18" type="cond" truecount="1" falsecount="0"/>
      <line num="122" count="2" type="stmt"/>
      <line num="123" count="2" type="stmt"/>
      <line num="124" count="2" type="stmt"/>
      <line num="125" count="18" type="stmt"/>
      <line num="127" count="147" type="cond" truecount="1" falsecount="0"/>
      <line num="128" count="7" type="stmt"/>
      <line num="129" count="7" type="cond" truecount="1" falsecount="0"/>
      <line num="130" count="2" type="stmt"/>
      <line num="131" count="2" type="stmt"/>
      <line num="132" count="2" type="stmt"/>
      <line num="133" count="7" type="stmt"/>
      <line num="135" count="147" type="cond" truecount="1" falsecount="0"/>
      <line num="136" count="6" type="stmt"/>
      <line num="137" count="6" type="cond" truecount="1" falsecount="0"/>
      <line num="138" count="2" type="stmt"/>
      <line num="139" count="2" type="stmt"/>
      <line num="140" count="2" type="stmt"/>
      <line num="141" count="6" type="stmt"/>
      <line num="143" count="147" type="cond" truecount="1" falsecount="0"/>
      <line num="144" count="8" type="stmt"/>
      <line num="145" count="8" type="cond" truecount="1" falsecount="0"/>
      <line num="146" count="2" type="stmt"/>
      <line num="147" count="2" type="stmt"/>
      <line num="148" count="2" type="stmt"/>
      <line num="149" count="8" type="stmt"/>
      <line num="151" count="147" type="cond" truecount="1" falsecount="0"/>
      <line num="152" count="4" type="stmt"/>
      <line num="153" count="4" type="stmt"/>
      <line num="155" count="147" type="cond" truecount="1" falsecount="0"/>
      <line num="156" count="30" type="cond" truecount="1" falsecount="0"/>
      <line num="157" count="30" type="stmt"/>
      <line num="159" count="147" type="cond" truecount="1" falsecount="0"/>
      <line num="160" count="157" type="stmt"/>
      <line num="161" count="157" type="stmt"/>
      <line num="163" count="147" type="cond" truecount="1" falsecount="0"/>
      <line num="164" count="174" type="stmt"/>
      <line num="165" count="174" type="stmt"/>
      <line num="170" count="147" type="cond" truecount="1" falsecount="0"/>
      <line num="171" count="114" type="cond" truecount="1" falsecount="0"/>
      <line num="172" count="114" type="stmt"/>
      <line num="175" count="147" type="cond" truecount="1" falsecount="0"/>
      <line num="176" count="2580" type="cond" truecount="1" falsecount="0"/>
      <line num="177" count="2580" type="stmt"/>
      <line num="180" count="147" type="cond" truecount="1" falsecount="0"/>
      <line num="181" count="1299" type="cond" truecount="1" falsecount="0"/>
      <line num="184" count="1299" type="cond" truecount="1" falsecount="0"/>
      <line num="185" count="89" type="cond" truecount="1" falsecount="0"/>
      <line num="186" count="89" type="stmt"/>
      <line num="187" count="1299" type="stmt"/>
      <line num="188" count="147" type="stmt"/>
    </file>
    <file name="index.ts" path="/Users/yao/blueprint/martini-kit/packages/@martini-kit/transport-local/src/index.ts">
      <metrics statements="1" coveredstatements="0" conditionals="1" coveredconditionals="1" methods="1" coveredmethods="1"/>
      <line num="29" count="0" type="stmt"/>
    </file>
  </project>
</coverage>
