{"/Users/yao/blueprint/martini-kit/packages/@martini-kit/transport-local/src/LocalTransport.ts": {"path":"/Users/yao/blueprint/martini-kit/packages/@martini-kit/transport-local/src/LocalTransport.ts","all":false,"statementMap":{"19":{"start":{"line":20,"column":0},"end":{"line":20,"column":30}},"20":{"start":{"line":21,"column":0},"end":{"line":21,"column":64}},"22":{"start":{"line":23,"column":0},"end":{"line":23,"column":68}},"23":{"start":{"line":24,"column":0},"end":{"line":24,"column":34}},"24":{"start":{"line":25,"column":0},"end":{"line":25,"column":40}},"25":{"start":{"line":26,"column":0},"end":{"line":26,"column":5}},"26":{"start":{"line":27,"column":0},"end":{"line":27,"column":43}},"29":{"start":{"line":30,"column":0},"end":{"line":30,"column":41}},"30":{"start":{"line":31,"column":0},"end":{"line":31,"column":30}},"31":{"start":{"line":32,"column":0},"end":{"line":32,"column":31}},"33":{"start":{"line":34,"column":0},"end":{"line":34,"column":48}},"35":{"start":{"line":36,"column":0},"end":{"line":36,"column":48}},"36":{"start":{"line":37,"column":0},"end":{"line":37,"column":7}},"37":{"start":{"line":38,"column":0},"end":{"line":38,"column":5}},"38":{"start":{"line":39,"column":0},"end":{"line":39,"column":3}},"40":{"start":{"line":41,"column":0},"end":{"line":41,"column":70}},"41":{"start":{"line":42,"column":0},"end":{"line":42,"column":40}},"42":{"start":{"line":43,"column":0},"end":{"line":43,"column":22}},"45":{"start":{"line":46,"column":0},"end":{"line":46,"column":49}},"47":{"start":{"line":48,"column":0},"end":{"line":48,"column":27}},"50":{"start":{"line":51,"column":0},"end":{"line":51,"column":30}},"51":{"start":{"line":52,"column":0},"end":{"line":52,"column":66}},"52":{"start":{"line":53,"column":0},"end":{"line":53,"column":5}},"54":{"start":{"line":55,"column":0},"end":{"line":55,"column":26}},"55":{"start":{"line":56,"column":0},"end":{"line":56,"column":32}},"56":{"start":{"line":57,"column":0},"end":{"line":57,"column":5}},"57":{"start":{"line":58,"column":0},"end":{"line":58,"column":3}},"59":{"start":{"line":60,"column":0},"end":{"line":60,"column":72}},"60":{"start":{"line":61,"column":0},"end":{"line":61,"column":40}},"61":{"start":{"line":62,"column":0},"end":{"line":62,"column":25}},"62":{"start":{"line":63,"column":0},"end":{"line":63,"column":68}},"63":{"start":{"line":64,"column":0},"end":{"line":64,"column":3}},"65":{"start":{"line":66,"column":0},"end":{"line":66,"column":82}},"66":{"start":{"line":67,"column":0},"end":{"line":67,"column":50}},"67":{"start":{"line":68,"column":0},"end":{"line":68,"column":31}},"68":{"start":{"line":69,"column":0},"end":{"line":69,"column":38}},"69":{"start":{"line":70,"column":0},"end":{"line":70,"column":5}},"70":{"start":{"line":71,"column":0},"end":{"line":71,"column":3}},"72":{"start":{"line":73,"column":0},"end":{"line":73,"column":98}},"73":{"start":{"line":74,"column":0},"end":{"line":74,"column":40}},"74":{"start":{"line":75,"column":0},"end":{"line":75,"column":22}},"76":{"start":{"line":77,"column":0},"end":{"line":77,"column":73}},"77":{"start":{"line":78,"column":0},"end":{"line":78,"column":17}},"78":{"start":{"line":79,"column":0},"end":{"line":79,"column":40}},"79":{"start":{"line":80,"column":0},"end":{"line":80,"column":5}},"80":{"start":{"line":81,"column":0},"end":{"line":81,"column":3}},"81":{"start":{"line":82,"column":0},"end":{"line":82,"column":1}},"89":{"start":{"line":90,"column":0},"end":{"line":90,"column":50}},"90":{"start":{"line":91,"column":0},"end":{"line":91,"column":35}},"91":{"start":{"line":92,"column":0},"end":{"line":92,"column":34}},"92":{"start":{"line":93,"column":0},"end":{"line":93,"column":36}},"94":{"start":{"line":95,"column":0},"end":{"line":95,"column":49}},"95":{"start":{"line":96,"column":0},"end":{"line":96,"column":47}},"96":{"start":{"line":97,"column":0},"end":{"line":97,"column":48}},"97":{"start":{"line":98,"column":0},"end":{"line":98,"column":54}},"99":{"start":{"line":100,"column":0},"end":{"line":100,"column":45}},"100":{"start":{"line":101,"column":0},"end":{"line":101,"column":32}},"101":{"start":{"line":102,"column":0},"end":{"line":102,"column":94}},"102":{"start":{"line":103,"column":0},"end":{"line":103,"column":33}},"105":{"start":{"line":106,"column":0},"end":{"line":106,"column":55}},"106":{"start":{"line":107,"column":0},"end":{"line":107,"column":3}},"108":{"start":{"line":109,"column":0},"end":{"line":109,"column":55}},"109":{"start":{"line":110,"column":0},"end":{"line":110,"column":19}},"111":{"start":{"line":112,"column":0},"end":{"line":112,"column":84}},"112":{"start":{"line":113,"column":0},"end":{"line":113,"column":12}},"114":{"start":{"line":115,"column":0},"end":{"line":115,"column":76}},"115":{"start":{"line":116,"column":0},"end":{"line":116,"column":5}},"116":{"start":{"line":117,"column":0},"end":{"line":117,"column":3}},"118":{"start":{"line":119,"column":0},"end":{"line":119,"column":50}},"119":{"start":{"line":120,"column":0},"end":{"line":120,"column":39}},"120":{"start":{"line":121,"column":0},"end":{"line":121,"column":18}},"121":{"start":{"line":122,"column":0},"end":{"line":122,"column":56}},"122":{"start":{"line":123,"column":0},"end":{"line":123,"column":56}},"123":{"start":{"line":124,"column":0},"end":{"line":124,"column":6}},"124":{"start":{"line":125,"column":0},"end":{"line":125,"column":3}},"126":{"start":{"line":127,"column":0},"end":{"line":127,"column":48}},"127":{"start":{"line":128,"column":0},"end":{"line":128,"column":40}},"128":{"start":{"line":129,"column":0},"end":{"line":129,"column":18}},"129":{"start":{"line":130,"column":0},"end":{"line":130,"column":57}},"130":{"start":{"line":131,"column":0},"end":{"line":131,"column":57}},"131":{"start":{"line":132,"column":0},"end":{"line":132,"column":6}},"132":{"start":{"line":133,"column":0},"end":{"line":133,"column":3}},"134":{"start":{"line":135,"column":0},"end":{"line":135,"column":49}},"135":{"start":{"line":136,"column":0},"end":{"line":136,"column":41}},"136":{"start":{"line":137,"column":0},"end":{"line":137,"column":18}},"137":{"start":{"line":138,"column":0},"end":{"line":138,"column":58}},"138":{"start":{"line":139,"column":0},"end":{"line":139,"column":58}},"139":{"start":{"line":140,"column":0},"end":{"line":140,"column":6}},"140":{"start":{"line":141,"column":0},"end":{"line":141,"column":3}},"142":{"start":{"line":143,"column":0},"end":{"line":143,"column":53}},"143":{"start":{"line":144,"column":0},"end":{"line":144,"column":46}},"144":{"start":{"line":145,"column":0},"end":{"line":145,"column":18}},"145":{"start":{"line":146,"column":0},"end":{"line":146,"column":63}},"146":{"start":{"line":147,"column":0},"end":{"line":147,"column":63}},"147":{"start":{"line":148,"column":0},"end":{"line":148,"column":6}},"148":{"start":{"line":149,"column":0},"end":{"line":149,"column":3}},"150":{"start":{"line":151,"column":0},"end":{"line":151,"column":25}},"151":{"start":{"line":152,"column":0},"end":{"line":152,"column":25}},"152":{"start":{"line":153,"column":0},"end":{"line":153,"column":3}},"154":{"start":{"line":155,"column":0},"end":{"line":155,"column":26}},"155":{"start":{"line":156,"column":0},"end":{"line":156,"column":94}},"156":{"start":{"line":157,"column":0},"end":{"line":157,"column":3}},"158":{"start":{"line":159,"column":0},"end":{"line":159,"column":21}},"159":{"start":{"line":160,"column":0},"end":{"line":160,"column":24}},"160":{"start":{"line":161,"column":0},"end":{"line":161,"column":3}},"162":{"start":{"line":163,"column":0},"end":{"line":163,"column":22}},"163":{"start":{"line":164,"column":0},"end":{"line":164,"column":57}},"164":{"start":{"line":165,"column":0},"end":{"line":165,"column":3}},"169":{"start":{"line":170,"column":0},"end":{"line":170,"column":57}},"170":{"start":{"line":171,"column":0},"end":{"line":171,"column":62}},"171":{"start":{"line":172,"column":0},"end":{"line":172,"column":3}},"174":{"start":{"line":175,"column":0},"end":{"line":175,"column":40}},"175":{"start":{"line":176,"column":0},"end":{"line":176,"column":52}},"176":{"start":{"line":177,"column":0},"end":{"line":177,"column":3}},"179":{"start":{"line":180,"column":0},"end":{"line":180,"column":59}},"180":{"start":{"line":181,"column":0},"end":{"line":181,"column":53}},"183":{"start":{"line":184,"column":0},"end":{"line":184,"column":18}},"184":{"start":{"line":185,"column":0},"end":{"line":185,"column":54}},"185":{"start":{"line":186,"column":0},"end":{"line":186,"column":5}},"186":{"start":{"line":187,"column":0},"end":{"line":187,"column":3}},"187":{"start":{"line":188,"column":0},"end":{"line":188,"column":1}}},"s":{"19":1,"20":1,"22":1,"23":147,"24":45,"25":45,"26":147,"29":147,"30":147,"31":1437,"33":1290,"35":1290,"36":1290,"37":1437,"38":147,"40":1,"41":174,"42":174,"45":155,"47":155,"50":174,"51":1299,"52":1299,"54":174,"55":45,"56":45,"57":174,"59":1,"60":141,"61":141,"62":141,"63":141,"65":1,"66":111,"67":111,"68":111,"69":111,"70":111,"72":1,"73":4,"74":4,"76":4,"77":4,"78":3,"79":3,"80":4,"81":1,"89":1,"90":147,"91":147,"92":147,"94":147,"95":147,"96":147,"97":147,"99":147,"100":147,"101":147,"102":147,"105":147,"106":147,"108":147,"109":115,"111":4,"112":115,"114":111,"115":111,"116":115,"118":147,"119":18,"120":18,"121":2,"122":2,"123":2,"124":18,"126":147,"127":7,"128":7,"129":2,"130":2,"131":2,"132":7,"134":147,"135":6,"136":6,"137":2,"138":2,"139":2,"140":6,"142":147,"143":8,"144":8,"145":2,"146":2,"147":2,"148":8,"150":147,"151":4,"152":4,"154":147,"155":30,"156":30,"158":147,"159":157,"160":157,"162":147,"163":174,"164":174,"169":147,"170":114,"171":114,"174":147,"175":2580,"176":2580,"179":147,"180":1299,"183":1299,"184":89,"185":89,"186":1299,"187":147},"branchMap":{"0":{"type":"branch","line":20,"loc":{"start":{"line":20,"column":29},"end":{"line":82,"column":1}},"locations":[{"start":{"line":20,"column":29},"end":{"line":82,"column":1}}]},"1":{"type":"branch","line":23,"loc":{"start":{"line":23,"column":9},"end":{"line":39,"column":3}},"locations":[{"start":{"line":23,"column":9},"end":{"line":39,"column":3}}]},"2":{"type":"branch","line":24,"loc":{"start":{"line":24,"column":33},"end":{"line":26,"column":5}},"locations":[{"start":{"line":24,"column":33},"end":{"line":26,"column":5}}]},"3":{"type":"branch","line":31,"loc":{"start":{"line":31,"column":29},"end":{"line":38,"column":5}},"locations":[{"start":{"line":31,"column":29},"end":{"line":38,"column":5}}]},"4":{"type":"branch","line":32,"loc":{"start":{"line":32,"column":30},"end":{"line":37,"column":7}},"locations":[{"start":{"line":32,"column":30},"end":{"line":37,"column":7}}]},"5":{"type":"branch","line":41,"loc":{"start":{"line":41,"column":9},"end":{"line":58,"column":3}},"locations":[{"start":{"line":41,"column":9},"end":{"line":58,"column":3}}]},"6":{"type":"branch","line":43,"loc":{"start":{"line":43,"column":15},"end":{"line":43,"column":22}},"locations":[{"start":{"line":43,"column":15},"end":{"line":43,"column":22}}]},"7":{"type":"branch","line":43,"loc":{"start":{"line":43,"column":15},"end":{"line":51,"column":29}},"locations":[{"start":{"line":43,"column":15},"end":{"line":51,"column":29}}]},"8":{"type":"branch","line":51,"loc":{"start":{"line":51,"column":29},"end":{"line":53,"column":5}},"locations":[{"start":{"line":51,"column":29},"end":{"line":53,"column":5}}]},"9":{"type":"branch","line":53,"loc":{"start":{"line":53,"column":4},"end":{"line":55,"column":25}},"locations":[{"start":{"line":53,"column":4},"end":{"line":55,"column":25}}]},"10":{"type":"branch","line":55,"loc":{"start":{"line":55,"column":25},"end":{"line":57,"column":5}},"locations":[{"start":{"line":55,"column":25},"end":{"line":57,"column":5}}]},"11":{"type":"branch","line":60,"loc":{"start":{"line":60,"column":9},"end":{"line":64,"column":3}},"locations":[{"start":{"line":60,"column":9},"end":{"line":64,"column":3}}]},"12":{"type":"branch","line":62,"loc":{"start":{"line":62,"column":15},"end":{"line":62,"column":25}},"locations":[{"start":{"line":62,"column":15},"end":{"line":62,"column":25}}]},"13":{"type":"branch","line":63,"loc":{"start":{"line":63,"column":35},"end":{"line":63,"column":66}},"locations":[{"start":{"line":63,"column":35},"end":{"line":63,"column":66}}]},"14":{"type":"branch","line":66,"loc":{"start":{"line":66,"column":9},"end":{"line":71,"column":3}},"locations":[{"start":{"line":66,"column":9},"end":{"line":71,"column":3}}]},"15":{"type":"branch","line":73,"loc":{"start":{"line":73,"column":9},"end":{"line":81,"column":3}},"locations":[{"start":{"line":73,"column":9},"end":{"line":81,"column":3}}]},"16":{"type":"branch","line":75,"loc":{"start":{"line":75,"column":15},"end":{"line":75,"column":22}},"locations":[{"start":{"line":75,"column":15},"end":{"line":75,"column":22}}]},"17":{"type":"branch","line":78,"loc":{"start":{"line":78,"column":16},"end":{"line":80,"column":5}},"locations":[{"start":{"line":78,"column":16},"end":{"line":80,"column":5}}]},"18":{"type":"branch","line":77,"loc":{"start":{"line":77,"column":41},"end":{"line":77,"column":71}},"locations":[{"start":{"line":77,"column":41},"end":{"line":77,"column":71}}]},"19":{"type":"branch","line":90,"loc":{"start":{"line":90,"column":49},"end":{"line":188,"column":1}},"locations":[{"start":{"line":90,"column":49},"end":{"line":188,"column":1}}]},"20":{"type":"branch","line":100,"loc":{"start":{"line":100,"column":2},"end":{"line":107,"column":3}},"locations":[{"start":{"line":100,"column":2},"end":{"line":107,"column":3}}]},"21":{"type":"branch","line":102,"loc":{"start":{"line":102,"column":27},"end":{"line":102,"column":94}},"locations":[{"start":{"line":102,"column":27},"end":{"line":102,"column":94}}]},"22":{"type":"branch","line":109,"loc":{"start":{"line":109,"column":2},"end":{"line":117,"column":3}},"locations":[{"start":{"line":109,"column":2},"end":{"line":117,"column":3}}]},"23":{"type":"branch","line":110,"loc":{"start":{"line":110,"column":18},"end":{"line":113,"column":11}},"locations":[{"start":{"line":110,"column":18},"end":{"line":113,"column":11}}]},"24":{"type":"branch","line":113,"loc":{"start":{"line":113,"column":4},"end":{"line":116,"column":5}},"locations":[{"start":{"line":113,"column":4},"end":{"line":116,"column":5}}]},"25":{"type":"branch","line":119,"loc":{"start":{"line":119,"column":2},"end":{"line":125,"column":3}},"locations":[{"start":{"line":119,"column":2},"end":{"line":125,"column":3}}]},"26":{"type":"branch","line":121,"loc":{"start":{"line":121,"column":11},"end":{"line":124,"column":6}},"locations":[{"start":{"line":121,"column":11},"end":{"line":124,"column":6}}]},"27":{"type":"branch","line":127,"loc":{"start":{"line":127,"column":2},"end":{"line":133,"column":3}},"locations":[{"start":{"line":127,"column":2},"end":{"line":133,"column":3}}]},"28":{"type":"branch","line":129,"loc":{"start":{"line":129,"column":11},"end":{"line":132,"column":6}},"locations":[{"start":{"line":129,"column":11},"end":{"line":132,"column":6}}]},"29":{"type":"branch","line":135,"loc":{"start":{"line":135,"column":2},"end":{"line":141,"column":3}},"locations":[{"start":{"line":135,"column":2},"end":{"line":141,"column":3}}]},"30":{"type":"branch","line":137,"loc":{"start":{"line":137,"column":11},"end":{"line":140,"column":6}},"locations":[{"start":{"line":137,"column":11},"end":{"line":140,"column":6}}]},"31":{"type":"branch","line":143,"loc":{"start":{"line":143,"column":2},"end":{"line":149,"column":3}},"locations":[{"start":{"line":143,"column":2},"end":{"line":149,"column":3}}]},"32":{"type":"branch","line":145,"loc":{"start":{"line":145,"column":11},"end":{"line":148,"column":6}},"locations":[{"start":{"line":145,"column":11},"end":{"line":148,"column":6}}]},"33":{"type":"branch","line":151,"loc":{"start":{"line":151,"column":2},"end":{"line":153,"column":3}},"locations":[{"start":{"line":151,"column":2},"end":{"line":153,"column":3}}]},"34":{"type":"branch","line":155,"loc":{"start":{"line":155,"column":2},"end":{"line":157,"column":3}},"locations":[{"start":{"line":155,"column":2},"end":{"line":157,"column":3}}]},"35":{"type":"branch","line":156,"loc":{"start":{"line":156,"column":75},"end":{"line":156,"column":92}},"locations":[{"start":{"line":156,"column":75},"end":{"line":156,"column":92}}]},"36":{"type":"branch","line":159,"loc":{"start":{"line":159,"column":2},"end":{"line":161,"column":3}},"locations":[{"start":{"line":159,"column":2},"end":{"line":161,"column":3}}]},"37":{"type":"branch","line":163,"loc":{"start":{"line":163,"column":2},"end":{"line":165,"column":3}},"locations":[{"start":{"line":163,"column":2},"end":{"line":165,"column":3}}]},"38":{"type":"branch","line":170,"loc":{"start":{"line":170,"column":2},"end":{"line":172,"column":3}},"locations":[{"start":{"line":170,"column":2},"end":{"line":172,"column":3}}]},"39":{"type":"branch","line":171,"loc":{"start":{"line":171,"column":33},"end":{"line":171,"column":60}},"locations":[{"start":{"line":171,"column":33},"end":{"line":171,"column":60}}]},"40":{"type":"branch","line":175,"loc":{"start":{"line":175,"column":2},"end":{"line":177,"column":3}},"locations":[{"start":{"line":175,"column":2},"end":{"line":177,"column":3}}]},"41":{"type":"branch","line":176,"loc":{"start":{"line":176,"column":34},"end":{"line":176,"column":50}},"locations":[{"start":{"line":176,"column":34},"end":{"line":176,"column":50}}]},"42":{"type":"branch","line":180,"loc":{"start":{"line":180,"column":2},"end":{"line":187,"column":3}},"locations":[{"start":{"line":180,"column":2},"end":{"line":187,"column":3}}]},"43":{"type":"branch","line":184,"loc":{"start":{"line":184,"column":17},"end":{"line":186,"column":5}},"locations":[{"start":{"line":184,"column":17},"end":{"line":186,"column":5}}]},"44":{"type":"branch","line":181,"loc":{"start":{"line":181,"column":35},"end":{"line":181,"column":51}},"locations":[{"start":{"line":181,"column":35},"end":{"line":181,"column":51}}]},"45":{"type":"branch","line":185,"loc":{"start":{"line":185,"column":42},"end":{"line":185,"column":52}},"locations":[{"start":{"line":185,"column":42},"end":{"line":185,"column":52}}]}},"b":{"0":[1],"1":[147],"2":[45],"3":[1437],"4":[1290],"5":[174],"6":[19],"7":[155],"8":[1299],"9":[155],"10":[45],"11":[141],"12":[0],"13":[383],"14":[111],"15":[4],"16":[0],"17":[3],"18":[8],"19":[147],"20":[147],"21":[7],"22":[115],"23":[4],"24":[111],"25":[18],"26":[2],"27":[7],"28":[2],"29":[6],"30":[2],"31":[8],"32":[2],"33":[4],"34":[30],"35":[131],"36":[157],"37":[174],"38":[114],"39":[112],"40":[2580],"41":[6],"42":[1299],"43":[89],"44":[4],"45":[11]},"fnMap":{"0":{"name":"<static_initializer>","decl":{"start":{"line":20,"column":29},"end":{"line":82,"column":1}},"loc":{"start":{"line":20,"column":29},"end":{"line":82,"column":1}},"line":20},"1":{"name":"register","decl":{"start":{"line":23,"column":9},"end":{"line":39,"column":3}},"loc":{"start":{"line":23,"column":9},"end":{"line":39,"column":3}},"line":23},"2":{"name":"unregister","decl":{"start":{"line":41,"column":9},"end":{"line":58,"column":3}},"loc":{"start":{"line":41,"column":9},"end":{"line":58,"column":3}},"line":41},"3":{"name":"getPeers","decl":{"start":{"line":60,"column":9},"end":{"line":64,"column":3}},"loc":{"start":{"line":60,"column":9},"end":{"line":64,"column":3}},"line":60},"4":{"name":"broadcast","decl":{"start":{"line":66,"column":9},"end":{"line":71,"column":3}},"loc":{"start":{"line":66,"column":9},"end":{"line":71,"column":3}},"line":66},"5":{"name":"unicast","decl":{"start":{"line":73,"column":9},"end":{"line":81,"column":3}},"loc":{"start":{"line":73,"column":9},"end":{"line":81,"column":3}},"line":73},"6":{"name":"<instance_members_initializer>","decl":{"start":{"line":90,"column":49},"end":{"line":188,"column":1}},"loc":{"start":{"line":90,"column":49},"end":{"line":188,"column":1}},"line":90},"7":{"name":"LocalTransport","decl":{"start":{"line":100,"column":2},"end":{"line":107,"column":3}},"loc":{"start":{"line":100,"column":2},"end":{"line":107,"column":3}},"line":100},"8":{"name":"send","decl":{"start":{"line":109,"column":2},"end":{"line":117,"column":3}},"loc":{"start":{"line":109,"column":2},"end":{"line":117,"column":3}},"line":109},"9":{"name":"onMessage","decl":{"start":{"line":119,"column":2},"end":{"line":125,"column":3}},"loc":{"start":{"line":119,"column":2},"end":{"line":125,"column":3}},"line":119},"10":{"name":"onPeerJoin","decl":{"start":{"line":127,"column":2},"end":{"line":133,"column":3}},"loc":{"start":{"line":127,"column":2},"end":{"line":133,"column":3}},"line":127},"11":{"name":"onPeerLeave","decl":{"start":{"line":135,"column":2},"end":{"line":141,"column":3}},"loc":{"start":{"line":135,"column":2},"end":{"line":141,"column":3}},"line":135},"12":{"name":"onHostDisconnect","decl":{"start":{"line":143,"column":2},"end":{"line":149,"column":3}},"loc":{"start":{"line":143,"column":2},"end":{"line":149,"column":3}},"line":143},"13":{"name":"getPlayerId","decl":{"start":{"line":151,"column":2},"end":{"line":153,"column":3}},"loc":{"start":{"line":151,"column":2},"end":{"line":153,"column":3}},"line":151},"14":{"name":"getPeerIds","decl":{"start":{"line":155,"column":2},"end":{"line":157,"column":3}},"loc":{"start":{"line":155,"column":2},"end":{"line":157,"column":3}},"line":155},"15":{"name":"isHost","decl":{"start":{"line":159,"column":2},"end":{"line":161,"column":3}},"loc":{"start":{"line":159,"column":2},"end":{"line":161,"column":3}},"line":159},"16":{"name":"disconnect","decl":{"start":{"line":163,"column":2},"end":{"line":165,"column":3}},"loc":{"start":{"line":163,"column":2},"end":{"line":165,"column":3}},"line":163},"17":{"name":"deliver","decl":{"start":{"line":170,"column":2},"end":{"line":172,"column":3}},"loc":{"start":{"line":170,"column":2},"end":{"line":172,"column":3}},"line":170},"18":{"name":"notifyPeerJoin","decl":{"start":{"line":175,"column":2},"end":{"line":177,"column":3}},"loc":{"start":{"line":175,"column":2},"end":{"line":177,"column":3}},"line":175},"19":{"name":"notifyPeerLeave","decl":{"start":{"line":180,"column":2},"end":{"line":187,"column":3}},"loc":{"start":{"line":180,"column":2},"end":{"line":187,"column":3}},"line":180}},"f":{"0":1,"1":147,"2":174,"3":141,"4":111,"5":4,"6":147,"7":147,"8":115,"9":18,"10":7,"11":6,"12":8,"13":4,"14":30,"15":157,"16":174,"17":114,"18":2580,"19":1299}}
,"/Users/yao/blueprint/martini-kit/packages/@martini-kit/transport-local/src/index.ts": {"path":"/Users/yao/blueprint/martini-kit/packages/@martini-kit/transport-local/src/index.ts","all":true,"statementMap":{"28":{"start":{"line":29,"column":0},"end":{"line":29,"column":77}}},"s":{"28":0},"branchMap":{"0":{"type":"branch","line":1,"loc":{"start":{"line":1,"column":736},"end":{"line":29,"column":77}},"locations":[{"start":{"line":1,"column":736},"end":{"line":29,"column":77}}]}},"b":{"0":[1]},"fnMap":{"0":{"name":"(empty-report)","decl":{"start":{"line":1,"column":736},"end":{"line":29,"column":77}},"loc":{"start":{"line":1,"column":736},"end":{"line":29,"column":77}},"line":1}},"f":{"0":1}}
}
